*------------------------------------------------------------*
* Report Log
Date:                May 11, 2019
Time:                22:54:51
*------------------------------------------------------------*
16661  %let EMEXCEPTIONSTRING=;
16662  *------------------------------------------------------------*;
16663  * REPORT: FIMPORT;
16664  *------------------------------------------------------------*;
16665  %let EM_ACTION = REPORT;
16666  %let syscc = 0;
16667  /* Fimport.source */
16668  %macro main;
16669        %if %upcase(&EM_ACTION) = CREATE %then %do;
16670           filename temp catalog 'sashelp.emsamp.Fimport_create.source';
16671           %include temp;
16672           filename temp;
16673           %create;
16674        %end;
16675        %else
16676        %if %upcase(&EM_ACTION) = TRAIN %then %do;
16677           filename temp catalog 'sashelp.emsamp.Fimport_train.source';
16678           %include temp;
16679           filename temp;
16680           %train;
16681        %end;
16682        %else
16683        %if %upcase(&EM_ACTION) = UPDATE %then %do;
16684           filename temp catalog 'sashelp.emsamp.Fimport_update.source';
16685           %include temp;
16686           filename temp;
16687           %update;
16688        %end;
16689        %else
16690        %if %upcase(&EM_ACTION) = PROPERTY %then %do;
16691           filename temp catalog 'sashelp.emsamp.Fimport_actions.source';
16692           %include temp;
16693           filename temp;
16694           %property;
16695        %end;
16696         %else
16697        %if %upcase(&EM_ACTION) = SCORE %then %do;
16698           filename temp catalog 'sashelp.emsamp.Fimport_score.source';
16699           %include temp;
16700           filename temp;
16701           %score;
16702        %end;
16703        %else
16704        %if %upcase(&EM_ACTION) = REPORT %then %do;
16705           filename temp catalog 'sashelp.emsamp.Fimport_report.source';
16706           %include temp;
16707           filename temp;
16708           %report;
16709        %end;
16710        %else
16711        %if %upcase(&EM_ACTION) = OPENVARIABLESET %then %do;
16712           filename temp catalog 'sashelp.emsamp.Fimport_actions.source';
16713           %include temp;
16714           filename temp;
16715           %openvariableset;
16716        %end;
16717        %else
16718        %if %upcase(&EM_ACTION) = CLOSEVARIABLESET %then %do;
16719           filename temp catalog 'sashelp.emsamp.Fimport_actions.source';
16720           %include temp;
16721           filename temp;
16722           %closevariableset;
16723        %end;
16724  %mend main;
16725  %main;
NOTE: %INCLUDE (level 1) file TEMP is file SASHELP.EMSAMP.FIMPORT_REPORT.SOURCE.
16726 +%macro report;
16727 +    %em_getname(key=EMSTAT,     type=DATA);
16728 +    %em_getname(key=EMINFO,     type=DATA);
16729 +    %em_getname(key=CLASS,      type=DATA);
16730 +    %em_getname(key=INTERVAL,   type=DATA);
16731 +
16732 +    %em_REPORT(key=EMSTAT,   viewtype=DATA, description=EMSTAT, block=Report, autodisplay=Y);
16733 +    %em_REPORT(key=INTERVAL, viewtype=LATTICE, LATTICETYPE=HISTOGRAM, LATTICEX=VARIABLE, DISCRETEX=Y, X=VALUE,FREQ=PERCENT,block=Report, description=INTERVALTARGET, autodisplay=N);
16734 +    %em_REPORT(key=CLASS, viewtype=LATTICE, LATTICEtype=BAR, LATTICEX=VARIABLE, X=VALUE,FREQ=PERCENT, block=Report, description=CLASSTARGET, autodisplay=Y);
16735 +
16736 +    %if &em_property_summarize eq Y %then %do;
16737 +        filename temp catalog 'sashelp.emmeta.emadvisestatistics.source';
16738 +        %include temp;
16739 +        filename temp;
16740 +
16741 +        data work.tempmeta;
16742 +           set &em_lib..&em_nodeid._CMETA_TRAIN;
16743 +           if ROLE='TARGET' and LEVEL ne 'INTERVAL' then output;
16744 +         run;
16745 +
16746 +        %class_profile(DATA=&em_export_train, OUTPUT=&em_user_class, VARS=,
16747 +                      METADATA=tempmeta, STAT=_STAT, FREQ=);
16748 +
16749 +         data work.tempmeta;
16750 +           set &em_lib..&em_nodeid._CMETA_TRAIN;
16751 +            if ROLE='TARGET' and LEVEL eq 'INTERVAL' then output;
16752 +         run;
16753 +         %var_profile(DATA=&em_export_train, OUTPUT=&em_user_INTERVAL, VARS=, METADATA=tempmeta, COMPUTESTAT=Y, STAT=_STAT, FREQ=,
16754 +                   BINDATA=, BIN=Y, NUMBARS=8, MINMAX=N);
16755 +
16756 +        data work.tempmeta;
16757 +           set &em_lib..&em_nodeid._CMETA_TRAIN;
16758 +        run;
16759 +
16760 +        %if "&em_property_advancedadvisor" eq "N" %then %do;
16761 +            %EmAdviseStat(&em_export_train, maxClassLevels=32, metadata=tempmeta, statisticData=&em_user_emstat);
16762 +
16763 +            data &em_data_exportset;
16764 +                 set &em_data_exportset;
16765 +                 if NODEPORT='TRAIN' then do;
16766 +                    EMINFO="&em_data_eminfo";
16767 +                    EMINFOMODTIME=datetime();
16768 +                 end;
16769 +            run;
16770 +        %end;
16771 +        %else %do;
16772 +            %em_getname(key=EMSTATDEFAULT,     type=DATA);
16773 +            %if %sysfunc(exist(&em_user_emstatdefault)) %then %do;
16774 +                data &em_user_emstat /  view=&em_user_emstat;
16775 +                   set &em_user_emstatdefault;
16776 +                run;
16777 +            %end;
16778 +        %end;
16779 +    %end;
16780 +    %else %do;
16781 +        %if "&em_property_advancedadvisor" eq "N" %then %do;
16782 +            proc datasets lib=&em_lib nolist;
16783 +               delete &em_nodeid._EMINFO;
16784 +            run;
16785 +            quit;
16786 +            data &em_data_exportset;
16787 +                 set &em_data_exportset;
16788 +                 if NODEPORT='TRAIN' then do;
16789 +                    EMINFO="";
16790 +                    EMINFOMODTIME=.;
16791 +                 end;
16792 +            run;
16793 +        %end;
16794 +    %end;
16795 +
16796 +    data &em_data_exportset;
16797 +       set &em_data_exportset;
16798 +       if NODEPORT='TRAIN' then do;
16799 +          ROLE="&em_property_role";
16800 +       end;
16801 +    run;
16802 +
16803 +    %if %sysfunc(exist(&em_data_variableSet)) %then %do;
16804 +        proc freq data=&em_data_variableset noprint;
16805 +             table ROLE*LEVEL/out=work.tempMeta;
16806 +        run;
16807 +        proc print data=work.tempmeta label noobs;
16808 +           var ROLE LEVEL COUNT;
16809 +           label ROLE  = "%sysfunc(sasmsg(sashelp.dmine, meta_role_vlabel, NOQUOTE))"
16810 +                 LEVEL = "%sysfunc(sasmsg(sashelp.dmine, meta_level_vlabel, NOQUOTE))"
16811 +                 COUNT = "%sysfunc(sasmsg(sashelp.dmine, rpt_count_vlabel, NOQUOTE))";
16812 +        title9  ' ';
16813 +        title10  "%sysfunc(sasmsg(sashelp.dmine, rpt_exptattributes_title, NOQUOTE, TRAIN))";
16814 +        run;
16815 +        title10;
16816 +    %end;
16817 +
16818 +    %if %sysfunc(exist(work.tempmeta)) %then %do;
16819 +        proc datasets lib=work nolist;
16820 +           delete tempmeta;
16821 +        run;
16822 +        quit;
16823 +    %end;
16824 +
16825 +%mend report;
16826 +
16827 +
16828 +
16829 +
16830 +
16831 +
16832 +
16833 +
16834 +
16835 +
16836 +
16837 +
16838 +
16839 +
16840 +
16841 +
16842 +
16843 +
16844 +
16845 +
16846 +
16847 +
16848 +
16849 +
16850 +
16851 +
16852 +
16853 +
16854 +
16855 +
16856 +
16857 +
16858 +
16859 +
16860 +
16861 +
16862 +
16863 +
16864 +
16865 +
16866 +
16867 +
16868 +
16869 +
16870 +
16871 +
16872 +
16873 +
NOTE: %INCLUDE (level 1) ending.
NOTE: Fileref TEMP has been deassigned.

NOTE: The data set WORK.EM_USER_REPORT has 132 observations and 4 variables.
NOTE: DATA statement used (Total process time):
      real time           0.03 seconds
      cpu time            0.03 seconds
      


NOTE: There were 132 observations read from the data set WORK.EM_USER_REPORT.
NOTE: The data set WORK.EM_USER_REPORT has 264 observations and 4 variables.
NOTE: DATA statement used (Total process time):
      real time           0.04 seconds
      cpu time            0.06 seconds
      


NOTE: There were 264 observations read from the data set WORK.EM_USER_REPORT.
NOTE: The data set WORK.EM_USER_REPORT has 396 observations and 4 variables.
NOTE: DATA statement used (Total process time):
      real time           0.04 seconds
      cpu time            0.04 seconds
      


NOTE: The file EMWS3.FIMPORT_EMINFO (memtype=DATA) was not found, but appears on a DELETE statement.

NOTE: PROCEDURE DATASETS used (Total process time):
      real time           0.00 seconds
      cpu time            0.00 seconds
      


NOTE: There were 6 observations read from the data set EMWS3.FIMPORT_EXPORTSET.
NOTE: The data set EMWS3.FIMPORT_EXPORTSET has 6 observations and 18 variables.
NOTE: DATA statement used (Total process time):
      real time           0.00 seconds
      cpu time            0.01 seconds
      


NOTE: There were 6 observations read from the data set EMWS3.FIMPORT_EXPORTSET.
NOTE: The data set EMWS3.FIMPORT_EXPORTSET has 6 observations and 18 variables.
NOTE: DATA statement used (Total process time):
      real time           0.00 seconds
      cpu time            0.01 seconds
      


NOTE: There were 21 observations read from the data set EMWS3.FIMPORT_VARIABLESET.
NOTE: The data set WORK.TEMPMETA has 3 observations and 4 variables.
NOTE: PROCEDURE FREQ used (Total process time):
      real time           0.03 seconds
      cpu time            0.01 seconds
      


NOTE: There were 3 observations read from the data set WORK.TEMPMETA.
NOTE: The PROCEDURE PRINT printed page 3.
NOTE: PROCEDURE PRINT used (Total process time):
      real time           0.00 seconds
      cpu time            0.01 seconds
      


NOTE: Deleting WORK.TEMPMETA (memtype=DATA).

NOTE: PROCEDURE DATASETS used (Total process time):
      real time           0.00 seconds
      cpu time            0.00 seconds
      

16874  *------------------------------------------------------------*;
16875  * End REPORT: FIMPORT;
16876  *------------------------------------------------------------*;

16877  /* Reset EM Options */
16878  options formchar="|----|+|---+=|-/\<>*";
16879  options nocenter ls=256 ps=10000;
16880  goptions reset=all device=GIF NODISPLAY;

16881  proc sort data=WORK.EM_USER_REPORT;
16882  by ID VIEW;
16883  run;

NOTE: There were 396 observations read from the data set WORK.EM_USER_REPORT.
NOTE: The data set WORK.EM_USER_REPORT has 396 observations and 4 variables.
NOTE: PROCEDURE SORT used (Total process time):
      real time           0.00 seconds
      cpu time            0.00 seconds
      

