*------------------------------------------------------------*
* Report Log
Date:                May 24, 2019
Time:                01:17:32
*------------------------------------------------------------*
16588  %let EMEXCEPTIONSTRING=;
16589  *------------------------------------------------------------*;
16590  * REPORT: FIMPORT;
16591  *------------------------------------------------------------*;
16592  %let EM_ACTION = REPORT;
16593  %let syscc = 0;
16594  /* Fimport.source */
16595  %macro main;
16596        %if %upcase(&EM_ACTION) = CREATE %then %do;
16597           filename temp catalog 'sashelp.emsamp.Fimport_create.source';
16598           %include temp;
16599           filename temp;
16600           %create;
16601        %end;
16602        %else
16603        %if %upcase(&EM_ACTION) = TRAIN %then %do;
16604           filename temp catalog 'sashelp.emsamp.Fimport_train.source';
16605           %include temp;
16606           filename temp;
16607           %train;
16608        %end;
16609        %else
16610        %if %upcase(&EM_ACTION) = UPDATE %then %do;
16611           filename temp catalog 'sashelp.emsamp.Fimport_update.source';
16612           %include temp;
16613           filename temp;
16614           %update;
16615        %end;
16616        %else
16617        %if %upcase(&EM_ACTION) = PROPERTY %then %do;
16618           filename temp catalog 'sashelp.emsamp.Fimport_actions.source';
16619           %include temp;
16620           filename temp;
16621           %property;
16622        %end;
16623         %else
16624        %if %upcase(&EM_ACTION) = SCORE %then %do;
16625           filename temp catalog 'sashelp.emsamp.Fimport_score.source';
16626           %include temp;
16627           filename temp;
16628           %score;
16629        %end;
16630        %else
16631        %if %upcase(&EM_ACTION) = REPORT %then %do;
16632           filename temp catalog 'sashelp.emsamp.Fimport_report.source';
16633           %include temp;
16634           filename temp;
16635           %report;
16636        %end;
16637        %else
16638        %if %upcase(&EM_ACTION) = OPENVARIABLESET %then %do;
16639           filename temp catalog 'sashelp.emsamp.Fimport_actions.source';
16640           %include temp;
16641           filename temp;
16642           %openvariableset;
16643        %end;
16644        %else
16645        %if %upcase(&EM_ACTION) = CLOSEVARIABLESET %then %do;
16646           filename temp catalog 'sashelp.emsamp.Fimport_actions.source';
16647           %include temp;
16648           filename temp;
16649           %closevariableset;
16650        %end;
16651  %mend main;
16652  %main;
NOTE: %INCLUDE (level 1) file TEMP is file SASHELP.EMSAMP.FIMPORT_REPORT.SOURCE.
16653 +%macro report;
16654 +    %em_getname(key=EMSTAT,     type=DATA);
16655 +    %em_getname(key=EMINFO,     type=DATA);
16656 +    %em_getname(key=CLASS,      type=DATA);
16657 +    %em_getname(key=INTERVAL,   type=DATA);
16658 +
16659 +    %em_REPORT(key=EMSTAT,   viewtype=DATA, description=EMSTAT, block=Report, autodisplay=Y);
16660 +    %em_REPORT(key=INTERVAL, viewtype=LATTICE, LATTICETYPE=HISTOGRAM, LATTICEX=VARIABLE, DISCRETEX=Y, X=VALUE,FREQ=PERCENT,block=Report, description=INTERVALTARGET, autodisplay=N);
16661 +    %em_REPORT(key=CLASS, viewtype=LATTICE, LATTICEtype=BAR, LATTICEX=VARIABLE, X=VALUE,FREQ=PERCENT, block=Report, description=CLASSTARGET, autodisplay=Y);
16662 +
16663 +    %if &em_property_summarize eq Y %then %do;
16664 +        filename temp catalog 'sashelp.emmeta.emadvisestatistics.source';
16665 +        %include temp;
16666 +        filename temp;
16667 +
16668 +        data work.tempmeta;
16669 +           set &em_lib..&em_nodeid._CMETA_TRAIN;
16670 +           if ROLE='TARGET' and LEVEL ne 'INTERVAL' then output;
16671 +         run;
16672 +
16673 +        %class_profile(DATA=&em_export_train, OUTPUT=&em_user_class, VARS=,
16674 +                      METADATA=tempmeta, STAT=_STAT, FREQ=);
16675 +
16676 +         data work.tempmeta;
16677 +           set &em_lib..&em_nodeid._CMETA_TRAIN;
16678 +            if ROLE='TARGET' and LEVEL eq 'INTERVAL' then output;
16679 +         run;
16680 +         %var_profile(DATA=&em_export_train, OUTPUT=&em_user_INTERVAL, VARS=, METADATA=tempmeta, COMPUTESTAT=Y, STAT=_STAT, FREQ=,
16681 +                   BINDATA=, BIN=Y, NUMBARS=8, MINMAX=N);
16682 +
16683 +        data work.tempmeta;
16684 +           set &em_lib..&em_nodeid._CMETA_TRAIN;
16685 +        run;
16686 +
16687 +        %if "&em_property_advancedadvisor" eq "N" %then %do;
16688 +            %EmAdviseStat(&em_export_train, maxClassLevels=32, metadata=tempmeta, statisticData=&em_user_emstat);
16689 +
16690 +            data &em_data_exportset;
16691 +                 set &em_data_exportset;
16692 +                 if NODEPORT='TRAIN' then do;
16693 +                    EMINFO="&em_data_eminfo";
16694 +                    EMINFOMODTIME=datetime();
16695 +                 end;
16696 +            run;
16697 +        %end;
16698 +        %else %do;
16699 +            %em_getname(key=EMSTATDEFAULT,     type=DATA);
16700 +            %if %sysfunc(exist(&em_user_emstatdefault)) %then %do;
16701 +                data &em_user_emstat /  view=&em_user_emstat;
16702 +                   set &em_user_emstatdefault;
16703 +                run;
16704 +            %end;
16705 +        %end;
16706 +    %end;
16707 +    %else %do;
16708 +        %if "&em_property_advancedadvisor" eq "N" %then %do;
16709 +            proc datasets lib=&em_lib nolist;
16710 +               delete &em_nodeid._EMINFO;
16711 +            run;
16712 +            quit;
16713 +            data &em_data_exportset;
16714 +                 set &em_data_exportset;
16715 +                 if NODEPORT='TRAIN' then do;
16716 +                    EMINFO="";
16717 +                    EMINFOMODTIME=.;
16718 +                 end;
16719 +            run;
16720 +        %end;
16721 +    %end;
16722 +
16723 +    data &em_data_exportset;
16724 +       set &em_data_exportset;
16725 +       if NODEPORT='TRAIN' then do;
16726 +          ROLE="&em_property_role";
16727 +       end;
16728 +    run;
16729 +
16730 +    %if %sysfunc(exist(&em_data_variableSet)) %then %do;
16731 +        proc freq data=&em_data_variableset noprint;
16732 +             table ROLE*LEVEL/out=work.tempMeta;
16733 +        run;
16734 +        proc print data=work.tempmeta label noobs;
16735 +           var ROLE LEVEL COUNT;
16736 +           label ROLE  = "%sysfunc(sasmsg(sashelp.dmine, meta_role_vlabel, NOQUOTE))"
16737 +                 LEVEL = "%sysfunc(sasmsg(sashelp.dmine, meta_level_vlabel, NOQUOTE))"
16738 +                 COUNT = "%sysfunc(sasmsg(sashelp.dmine, rpt_count_vlabel, NOQUOTE))";
16739 +        title9  ' ';
16740 +        title10  "%sysfunc(sasmsg(sashelp.dmine, rpt_exptattributes_title, NOQUOTE, TRAIN))";
16741 +        run;
16742 +        title10;
16743 +    %end;
16744 +
16745 +    %if %sysfunc(exist(work.tempmeta)) %then %do;
16746 +        proc datasets lib=work nolist;
16747 +           delete tempmeta;
16748 +        run;
16749 +        quit;
16750 +    %end;
16751 +
16752 +%mend report;
16753 +
16754 +
16755 +
16756 +
16757 +
16758 +
16759 +
16760 +
16761 +
16762 +
16763 +
16764 +
16765 +
16766 +
16767 +
16768 +
16769 +
16770 +
16771 +
16772 +
16773 +
16774 +
16775 +
16776 +
16777 +
16778 +
16779 +
16780 +
16781 +
16782 +
16783 +
16784 +
16785 +
16786 +
16787 +
16788 +
16789 +
16790 +
16791 +
16792 +
16793 +
16794 +
16795 +
16796 +
16797 +
16798 +
16799 +
16800 +
NOTE: %INCLUDE (level 1) ending.
NOTE: Fileref TEMP has been deassigned.

NOTE: The data set WORK.EM_USER_REPORT has 132 observations and 4 variables.
NOTE: DATA statement used (Total process time):
      real time           0.03 seconds
      cpu time            0.03 seconds
      


NOTE: There were 132 observations read from the data set WORK.EM_USER_REPORT.
NOTE: The data set WORK.EM_USER_REPORT has 264 observations and 4 variables.
NOTE: DATA statement used (Total process time):
      real time           0.02 seconds
      cpu time            0.03 seconds
      


NOTE: There were 264 observations read from the data set WORK.EM_USER_REPORT.
NOTE: The data set WORK.EM_USER_REPORT has 396 observations and 4 variables.
NOTE: DATA statement used (Total process time):
      real time           0.04 seconds
      cpu time            0.04 seconds
      


NOTE: The file EMWS6.FIMPORT_EMINFO (memtype=DATA) was not found, but appears on a DELETE statement.

NOTE: PROCEDURE DATASETS used (Total process time):
      real time           0.00 seconds
      cpu time            0.00 seconds
      


NOTE: There were 6 observations read from the data set EMWS6.FIMPORT_EXPORTSET.
NOTE: The data set EMWS6.FIMPORT_EXPORTSET has 6 observations and 18 variables.
NOTE: DATA statement used (Total process time):
      real time           0.00 seconds
      cpu time            0.00 seconds
      


NOTE: There were 6 observations read from the data set EMWS6.FIMPORT_EXPORTSET.
NOTE: The data set EMWS6.FIMPORT_EXPORTSET has 6 observations and 18 variables.
NOTE: DATA statement used (Total process time):
      real time           0.02 seconds
      cpu time            0.03 seconds
      


NOTE: There were 15 observations read from the data set EMWS6.FIMPORT_VARIABLESET.
NOTE: The data set WORK.TEMPMETA has 3 observations and 4 variables.
NOTE: PROCEDURE FREQ used (Total process time):
      real time           0.01 seconds
      cpu time            0.01 seconds
      


NOTE: There were 3 observations read from the data set WORK.TEMPMETA.
NOTE: The PROCEDURE PRINT printed page 3.
NOTE: PROCEDURE PRINT used (Total process time):
      real time           0.00 seconds
      cpu time            0.01 seconds
      


NOTE: Deleting WORK.TEMPMETA (memtype=DATA).

NOTE: PROCEDURE DATASETS used (Total process time):
      real time           0.00 seconds
      cpu time            0.01 seconds
      

16801  *------------------------------------------------------------*;
16802  * End REPORT: FIMPORT;
16803  *------------------------------------------------------------*;

16804  /* Reset EM Options */
16805  options formchar="|----|+|---+=|-/\<>*";
16806  options nocenter ls=256 ps=10000;
16807  goptions reset=all device=GIF NODISPLAY;

16808  proc sort data=WORK.EM_USER_REPORT;
16809  by ID VIEW;
16810  run;

NOTE: There were 396 observations read from the data set WORK.EM_USER_REPORT.
NOTE: The data set WORK.EM_USER_REPORT has 396 observations and 4 variables.
NOTE: PROCEDURE SORT used (Total process time):
      real time           0.00 seconds
      cpu time            0.00 seconds
      

