*------------------------------------------------------------*
* Score Log
Date:                May 24, 2019
Time:                01:17:31
*------------------------------------------------------------*
16139  %let EMEXCEPTIONSTRING=;
16140  *------------------------------------------------------------*;
16141  * SCORE: FIMPORT;
16142  *------------------------------------------------------------*;
16143  %let EM_ACTION = SCORE;
16144  %let syscc = 0;
16145  /* Fimport.source */
16146  %macro main;
16147        %if %upcase(&EM_ACTION) = CREATE %then %do;
16148           filename temp catalog 'sashelp.emsamp.Fimport_create.source';
16149           %include temp;
16150           filename temp;
16151           %create;
16152        %end;
16153        %else
16154        %if %upcase(&EM_ACTION) = TRAIN %then %do;
16155           filename temp catalog 'sashelp.emsamp.Fimport_train.source';
16156           %include temp;
16157           filename temp;
16158           %train;
16159        %end;
16160        %else
16161        %if %upcase(&EM_ACTION) = UPDATE %then %do;
16162           filename temp catalog 'sashelp.emsamp.Fimport_update.source';
16163           %include temp;
16164           filename temp;
16165           %update;
16166        %end;
16167        %else
16168        %if %upcase(&EM_ACTION) = PROPERTY %then %do;
16169           filename temp catalog 'sashelp.emsamp.Fimport_actions.source';
16170           %include temp;
16171           filename temp;
16172           %property;
16173        %end;
16174         %else
16175        %if %upcase(&EM_ACTION) = SCORE %then %do;
16176           filename temp catalog 'sashelp.emsamp.Fimport_score.source';
16177           %include temp;
16178           filename temp;
16179           %score;
16180        %end;
16181        %else
16182        %if %upcase(&EM_ACTION) = REPORT %then %do;
16183           filename temp catalog 'sashelp.emsamp.Fimport_report.source';
16184           %include temp;
16185           filename temp;
16186           %report;
16187        %end;
16188        %else
16189        %if %upcase(&EM_ACTION) = OPENVARIABLESET %then %do;
16190           filename temp catalog 'sashelp.emsamp.Fimport_actions.source';
16191           %include temp;
16192           filename temp;
16193           %openvariableset;
16194        %end;
16195        %else
16196        %if %upcase(&EM_ACTION) = CLOSEVARIABLESET %then %do;
16197           filename temp catalog 'sashelp.emsamp.Fimport_actions.source';
16198           %include temp;
16199           filename temp;
16200           %closevariableset;
16201        %end;
16202  %mend main;
16203  %main;
NOTE: %INCLUDE (level 1) file TEMP is file SASHELP.EMSAMP.FIMPORT_SCORE.SOURCE.
16204 +%macro score;
16205 +
16206 +   filename x "&EM_NODEDIR.&EM_DSEP._updatePath.st";
16207 +   data _null_;
16208 +      file x;
16209 +      put ' ';
16210 +   run;
16211 +   filename x;
16212 +
16213 +   %em_getname(key=DATA, type=DATA);
16214 +   %if %sysfunc(exist(&em_user_data)) %then %do;
16215 +       data &em_export_train / view=&em_export_train;
16216 +          set &em_user_data;
16217 +       run;
16218 +   %end;
16219 +
16220 +%mend score;
NOTE: %INCLUDE (level 1) ending.
NOTE: Fileref TEMP has been deassigned.

NOTE: The file X is:
      Filename=C:\JohnLaw\OneDrive\WQD Data Science\WQD7005\SASProject\projects\DataMining\Workspaces\EMWS6\FIMPORT\_updatePath.st,
      RECFM=V,LRECL=32767,File Size (bytes)=0,
      Last Modified=24May2019:01:17:30,
      Create Time=24May2019:01:17:30

NOTE: 1 record was written to the file X.
      The minimum record length was 1.
      The maximum record length was 1.
NOTE: DATA statement used (Total process time):
      real time           0.00 seconds
      cpu time            0.00 seconds
      

NOTE: Fileref X has been deassigned.

NOTE: DATA STEP view saved on file EMWS6.FIMPORT_TRAIN.
NOTE: A stored DATA STEP view cannot run under a different operating system.
NOTE: DATA statement used (Total process time):
      real time           0.00 seconds
      cpu time            0.00 seconds
      

16221  *------------------------------------------------------------*;
16222  * End SCORE: FIMPORT;
16223  *------------------------------------------------------------*;

16225  *------------------------------------------------------------*;
16226  * FIMPORT: Computing metadata for TRAIN data;
16227  *------------------------------------------------------------*;

NOTE: View EMWS6.FIMPORT_TRAIN.VIEW used (Total process time):
      real time           0.02 seconds
      cpu time            0.03 seconds
      
NOTE: View EMWS6.FIMPORT_TRAIN.VIEW used (Total process time):
      real time           0.02 seconds
      cpu time            0.03 seconds
      
