 
                                                                                               
 
 
Fit Statistics

Target=REP_updownInd Target Label=Replacement: updownInd

   Fit
Statistics    Statistics Label                    Train    Validation

 _AIC_        Akaike's Information Criterion     541.58          .   
 _ASE_        Average Squared Error                0.04         0.04 
 _AVERR_      Average Error Function               0.14         0.14 
 _DFE_        Degrees of Freedom for Error      2484.00          .   
 _DFM_        Model Degrees of Freedom            16.00          .   
 _DFT_        Total Degrees of Freedom          2500.00          .   
 _DIV_        Divisor for ASE                   3750.00      3753.00 
 _ERR_        Error Function                     509.58       537.59 
 _FPE_        Final Prediction Error               0.04          .   
 _MAX_        Maximum Absolute Error               1.00         1.00 
 _MSE_        Mean Square Error                    0.04         0.04 
 _NOBS_       Sum of Frequencies                1250.00      1251.00 
 _NW_         Number of Estimate Weights          16.00          .   
 _RASE_       Root Average Sum of Squares          0.20         0.20 
 _RFPE_       Root Final Prediction Error          0.20          .   
 _RMSE_       Root Mean Squared Error              0.20         0.20 
 _SBC_        Schwarz's Bayesian Criterion       634.77          .   
 _SSE_        Sum of Squared Errors              152.29       150.22 
 _SUMW_       Sum of Case Weights Times Freq    3750.00      3753.00 
 _MISC_       Misclassification Rate               0.09         0.08 
 
                                                                                               
 
 
Classification Table

Data Role=TRAIN Target Variable=REP_updownInd Target Label=Replacement: updownInd

                          Target        Outcome     Frequency       Total
Target      Outcome     Percentage    Percentage      Count      Percentage

DOWN        DOWN          100.000       100.000        469          37.52  
UNCHANGE    UNCHANGE       85.169        89.810        379          30.32  
UP          UNCHANGE       14.831        18.384         66           5.28  
UNCHANGE    UP             12.798        10.190         43           3.44  
UP          UP             87.202        81.616        293          23.44  


Data Role=VALIDATE Target Variable=REP_updownInd Target Label=Replacement: updownInd

                          Target        Outcome     Frequency       Total
Target      Outcome     Percentage    Percentage      Count      Percentage

DOWN        DOWN          100.000       100.000        469         37.4900 
UNCHANGE    UNCHANGE       86.005        90.284        381         30.4556 
UP          UNCHANGE       13.995        17.222         62          4.9560 
UNCHANGE    UP             12.094         9.716         41          3.2774 
UP          UP             87.906        82.778        298         23.8209 
 
                                                                                               
 
 
Event Classification Table

Data Role=TRAIN Target=REP_updownInd Target Label=Replacement: updownInd

  False       True        False       True
Negative    Negative    Positive    Positive

   66          848         43          293  


Data Role=VALIDATE Target=REP_updownInd Target Label=Replacement: updownInd

  False       True        False       True
Negative    Negative    Positive    Positive

   62          850         41          298  
 
                                                                                               
 
 
Assessment Score Rankings

Data Role=TRAIN Target Variable=REP_updownInd Target Label=Replacement: updownInd

                                                                                    Mean
                            Cumulative       %      Cumulative     Number of     Posterior
Depth      Gain     Lift       Lift      Response   % Response   Observations   Probability

   5    242.663   3.42663     3.42663     98.4127     98.4127         63          0.99991  
  10    242.618   3.42573     3.42618     98.3871     98.4000         62          0.99355  
  15    227.817   2.98448     3.27817     85.7143     94.1489         63          0.95440  
  20    221.727   3.03262     3.21727     87.0968     92.4000         62          0.84326  
  25    209.254   2.59760     3.09254     74.6032     88.8179         63          0.60348  
  30    189.694   1.90943     2.89694     54.8387     83.2000         62          0.49075  
  35    173.464   1.76858     2.73464     50.7937     78.5388         63          0.39299  
  40    144.429   0.39312     2.44429     11.2903     70.2000         62          0.18062  
  45    119.551   0.22107     2.19551      6.3492     63.0551         63          0.12344  
  50     98.886   0.11232     1.98886      3.2258     57.1200         62          0.09437  
  55     81.686   0.11054     1.81686      3.1746     52.1802         63          0.05179  
  60     66.667   0.00000     1.66667      0.0000     47.8667         62          0.01125  
  65     53.752   0.00000     1.53752      0.0000     44.1574         63          0.00009  
  70     42.857   0.00000     1.42857      0.0000     41.0286         62          0.00000  
  75     33.262   0.00000     1.33262      0.0000     38.2729         63          0.00000  
  80     25.000   0.00000     1.25000      0.0000     35.9000         62          0.00000  
  85     17.592   0.00000     1.17592      0.0000     33.7723         63          0.00000  
  90     11.111   0.00000     1.11111      0.0000     31.9111         62          0.00000  
  95      5.219   0.00000     1.05219      0.0000     30.2189         63          0.00000  
 100      0.000   0.00000     1.00000      0.0000     28.7200         62          0.00000  


Data Role=VALIDATE Target Variable=REP_updownInd Target Label=Replacement: updownInd

                                                                                    Mean
                            Cumulative       %      Cumulative     Number of     Posterior
Depth      Gain     Lift       Lift      Response   % Response   Observations   Probability

   5    241.984   3.41984     3.41984     98.4127     98.4127         63          0.99998  
  10    230.952   3.19921     3.30952     92.0635     95.2381         63          0.99593  
  15    230.864   3.30685     3.30864     95.1613     95.2128         62          0.95629  
  20    214.273   2.64762     3.14273     76.1905     90.4382         63          0.85065  
  25    206.422   2.74637     3.06422     79.0323     88.1789         62          0.63104  
  30    192.048   2.20635     2.92048     63.4921     84.0426         63          0.49323  
  35    178.476   1.96169     2.78476     56.4516     80.1370         62          0.36256  
  40    145.539   0.16548     2.45539      4.7619     70.6587         63          0.17354  
  45    120.351   0.16815     2.20351      4.8387     63.4103         62          0.12579  
  50     99.285   0.11032     1.99285      3.1746     57.3482         63          0.09206  
  55     81.567   0.05516     1.81567      1.5873     52.2496         63          0.04793  
  60     66.578   0.00000     1.66578      0.0000     47.9361         62          0.00964  
  65     53.686   0.00000     1.53686      0.0000     44.2260         63          0.00004  
  70     42.808   0.00000     1.42808      0.0000     41.0959         62          0.00000  
  75     33.227   0.00000     1.33227      0.0000     38.3387         63          0.00000  
  80     24.975   0.00000     1.24975      0.0000     35.9640         62          0.00000  
  85     17.575   0.00000     1.17575      0.0000     33.8346         63          0.00000  
  90     11.101   0.00000     1.11101      0.0000     31.9716         62          0.00000  
  95      5.214   0.00000     1.05214      0.0000     30.2775         63          0.00000  
 100      0.000   0.00000     1.00000      0.0000     28.7770         62          0.00000  
 
                                                                                               
 
 
Assessment Score Distribution

Data Role=TRAIN Target Variable=REP_updownInd Target Label=Replacement: updownInd

 Posterior     Number                     Mean
Probability      of      Number of     Posterior
   Range       Events    Nonevents    Probability    Percentage

 0.95-1.00       155          6         0.99069         12.88  
 0.90-0.95        35          6         0.92594          3.28  
 0.85-0.90        18          3         0.87407          1.68  
 0.80-0.85        15          0         0.82855          1.20  
 0.75-0.80         3          0         0.77624          0.24  
 0.70-0.75         4          4         0.71626          0.64  
 0.65-0.70        13          3         0.66980          1.28  
 0.60-0.65        14          3         0.62676          1.36  
 0.55-0.60        14          7         0.56937          1.68  
 0.50-0.55        22         11         0.52445          2.64  
 0.45-0.50        19         19         0.47519          3.04  
 0.40-0.45        17         20         0.43155          2.96  
 0.35-0.40        10          5         0.37533          1.20  
 0.30-0.35         4          3         0.32067          0.56  
 0.25-0.30         2          5         0.26931          0.56  
 0.20-0.25         2         10         0.21929          0.96  
 0.15-0.20         3         36         0.17262          3.12  
 0.10-0.15         6         90         0.12179          7.68  
 0.05-0.10         3         75         0.07423          6.24  
 0.00-0.05         0        585         0.00244         46.80  


Data Role=VALIDATE Target Variable=REP_updownInd Target Label=Replacement: updownInd

 Posterior     Number                     Mean
Probability      of      Number of     Posterior
   Range       Events    Nonevents    Probability    Percentage

 0.95-1.00       156          7         0.99233        13.0296 
 0.90-0.95        33          3         0.92409         2.8777 
 0.85-0.90        22          5         0.87497         2.1583 
 0.80-0.85         8          4         0.82845         0.9592 
 0.75-0.80         6          4         0.78276         0.7994 
 0.70-0.75         8          4         0.71928         0.9592 
 0.65-0.70        11          4         0.67702         1.1990 
 0.60-0.65        13          3         0.61805         1.2790 
 0.55-0.60        21          3         0.57392         1.9185 
 0.50-0.55        20          4         0.52616         1.9185 
 0.45-0.50        14         13         0.47638         2.1583 
 0.40-0.45        20         16         0.42865         2.8777 
 0.35-0.40        12          5         0.37584         1.3589 
 0.30-0.35         4          2         0.31526         0.4796 
 0.25-0.30         3          4         0.27002         0.5596 
 0.20-0.25         0         12         0.21598         0.9592 
 0.15-0.20         2         49         0.17276         4.0767 
 0.10-0.15         5         84         0.12288         7.1143 
 0.05-0.10         1         75         0.07527         6.0751 
 0.00-0.05         1        590         0.00244        47.2422 
