*------------------------------------------------------------*
* Training Log
Date:                May 12, 2019
Time:                00:01:59
*------------------------------------------------------------*
10867  proc freq data=EMWS3.Reg4_VariableSet noprint;
10868  table ROLE*LEVEL/out=WORK.Reg4META;
10869  run;

NOTE: There were 18 observations read from the data set EMWS3.REG4_VARIABLESET.
NOTE: The data set WORK.REG4META has 4 observations and 4 variables.
NOTE: PROCEDURE FREQ used (Total process time):
      real time           0.03 seconds
      cpu time            0.03 seconds
      

10870  proc print data=WORK.Reg4META label noobs;
10871  var ROLE LEVEL COUNT;
10872  label ROLE = "%sysfunc(sasmsg(sashelp.dmine, meta_role_vlabel, NOQUOTE))" LEVEL = "%sysfunc(sasmsg(sashelp.dmine, meta_level_vlabel, NOQUOTE))" COUNT = "%sysfunc(sasmsg(sashelp.dmine, rpt_count_vlabel, NOQUOTE))";
10873  title9 ' ';
10874  title10 "%sysfunc(sasmsg(sashelp.dmine, rpt_varSummary_title  , NOQUOTE))";
10875  run;

NOTE: There were 4 observations read from the data set WORK.REG4META.
NOTE: The PROCEDURE PRINT printed page 1.
NOTE: PROCEDURE PRINT used (Total process time):
      real time           0.01 seconds
      cpu time            0.01 seconds
      

10876  title10;

10877  %let EMNORLEN = %DMNORLEN;
EMWS3.Impt2_TRAIN EMWS3.Impt2_TRAIN 
EMWS3.Impt2_TRAIN EMWS3.Impt2_TRAIN EMWS3 Impt2_TRAIN 
EMWS3.Impt2_TRAIN EMWS3.Impt2_TRAIN 
EMWS3.Impt2_TRAIN EMWS3.Impt2_TRAIN EMWS3 Impt2_TRAIN 
Executing  SASHELP.EMCORE.EMINFOITERATOR.SCL _INIT >> 
Executing  SASHELP.EMCORE.EMINFOITERATOR.SCL setMetaData >> 
Executing  SASHELP.EMCORE.EMINFOITERATOR.SCL next >> 
Executing  SASHELP.EMCORE.EMINFOITERATOR.SCL setMetaData >> 
Executing  SASHELP.EMCORE.EMINFOITERATOR.SCL next >> 
Executing  SASHELP.EMCORE.EMINFOITERATOR.SCL _term >> 
10924  data WORK.Reg4_EVENT(KEEP=VARIABLE LABEL LEVEL EVENT NUMLEVELS ORDER);
10925  length ORDER $20;
10926  label VARIABLE = "%sysfunc(sasmsg(sashelp.dmine, rpt_target_vlabel,  NOQUOTE))" EVENT = "%sysfunc(sasmsg(sashelp.dmine, assmt_event_vlabel, NOQUOTE))" NUMLEVELS = "%sysfunc(sasmsg(sashelp.dmine, rpt_numcat_vlabel, NOQUOTE))" LEVEL =
10927     "%sysfunc(sasmsg(sashelp.dmine, meta_level_vlabel, NOQUOTE))" ORDER = "%sysfunc(sasmsg(sashelp.dmine, meta_order_vlabel, NOQUOTE))" LABEL = "%sysfunc(sasmsg(sashelp.dmine, meta_label_vlabel, NOQUOTE))";
10928  set EMWS3.REG4_REP_UPDOWNIND_DM( where=(_TYPE_="TARGET"));
10929  NumLevels=3;
10930  select(upcase(ORDER));
10931  when('DESC') ORDER = 'Descending';
10932  when('ASC') ORDER = 'Ascending';
10933  when('FMTDESC') ORDER = 'Formatted Descending';
10934  when('FMTASC') ORDER = 'Formatted Ascending';
10935  otherwise ORDER = 'Descending';
10936  end;
10937  output;
10938  run;

NOTE: There were 1 observations read from the data set EMWS3.REG4_REP_UPDOWNIND_DM.
      WHERE _TYPE_='TARGET';
NOTE: The data set WORK.REG4_EVENT has 1 observations and 6 variables.
NOTE: DATA statement used (Total process time):
      real time           0.02 seconds
      cpu time            0.01 seconds
      

10939  title9 ' ';
10940  proc print data=WORK.Reg4_EVENT noobs label;
10941  var VARIABLE EVENT LEVEL NUMLEVELS ORDER LABEL;
10942  title9 ' ';
10943  title10 "%sysfunc(sasmsg(sashelp.dmine, rpt_modelEvent_title  , NOQUOTE))";
10944  run;

NOTE: There were 1 observations read from the data set WORK.REG4_EVENT.
NOTE: The PROCEDURE PRINT printed page 2.
NOTE: PROCEDURE PRINT used (Total process time):
      real time           0.00 seconds
      cpu time            0.00 seconds
      

10945  title10;

"No decisions defined for target "REP_updownInd"." 
10946  proc print data = EMWS3.Reg4_REP_updownInd_DM noobs label;
10947  var _type_ variable label;
10948  where _type_ ^in('MATRIX', 'DECISION', 'TRAINPRIOR', 'DATAPRIOR', 'DECPRIOR');
10949  label _TYPE_ = "%sysfunc(sasmsg(sashelp.dmine, rpt_type_vlabel,     NOQUOTE))" VARIABLE = "%sysfunc(sasmsg(sashelp.dmine, rpt_variable_vlabel, NOQUOTE))" LABEL = "%sysfunc(sasmsg(sashelp.dmine, meta_label_vlabel, NOQUOTE))";
10950  title9 ' ';
10951  title10 "%sysfunc(sasmsg(sashelp.dmine, rpt_predDecVars_title  , NOQUOTE))";
10952  run;

NOTE: There were 9 observations read from the data set EMWS3.REG4_REP_UPDOWNIND_DM.
      WHERE _type_ not in ('DATAPRIOR', 'DECISION', 'DECPRIOR', 'MATRIX', 'TRAINPRIOR');
NOTE: The PROCEDURE PRINT printed page 3.
NOTE: PROCEDURE PRINT used (Total process time):
      real time           0.00 seconds
      cpu time            0.00 seconds
      

10953  title10;

10963  data WORK.M2IA9DXJ;
10964  set WORK.M2IA9DXJ end=eof;
10965  output;
10966  if eof then do;
10967  NAME="";
10968  ROLE="COST";
10969  LEVEL="INTERVAL";
10970  TYPE="N";
10971  output;
10972  end;
10973  run;

NOTE: There were 8 observations read from the data set WORK.M2IA9DXJ.
NOTE: The data set WORK.M2IA9DXJ has 9 observations and 21 variables.
NOTE: DATA statement used (Total process time):
      real time           0.01 seconds
      cpu time            0.01 seconds
      

NOTE: There were 3 observations read from the data set EMWS3.REG4_REP_UPDOWNIND_DD.
NOTE: The data set WORK.REP_UPDOWNIND has 3 observations and 8 variables.
NOTE: There were 3 observations read from the data set EMWS3.REG4_REP_UPDOWNIND_DD.
NOTE: The data set WORK.REP_UPDOWNIND has 3 observations and 8 variables.
10974  *------------------------------------------------------------*;
10975  * Reg4: Create decision matrix;
10976  *------------------------------------------------------------*;
10977  data WORK.REP_updownInd;
10978    length   REP_updownInd                    $  32
10979             COUNT                                8
10980             DATAPRIOR                            8
10981             TRAINPRIOR                           8
10982             DECPRIOR                             8
10983             DECISION1                            8
10984             DECISION2                            8
10985             DECISION3                            8
10986             ;
10987  
10988    label    COUNT="Level Counts"
10989             DATAPRIOR="Data Proportions"
10990             TRAINPRIOR="Training Proportions"
10991             DECPRIOR="Decision Priors"
10992             DECISION1="UP"
10993             DECISION2="UNCHANGE"
10994             DECISION3="DOWN"
10995             ;
10996    format   COUNT 10.
10997             ;
10998  REP_updownInd="UP"; COUNT=359; DATAPRIOR=0.2872; TRAINPRIOR=0.2872; DECPRIOR=.; DECISION1=1; DECISION2=0; DECISION3=0;
10999  output;
11000  REP_updownInd="UNCHANGE"; COUNT=422; DATAPRIOR=0.3376; TRAINPRIOR=0.3376; DECPRIOR=.; DECISION1=0; DECISION2=1; DECISION3=0;
11001  output;
11002  REP_updownInd="DOWN"; COUNT=469; DATAPRIOR=0.3752; TRAINPRIOR=0.3752; DECPRIOR=.; DECISION1=0; DECISION2=0; DECISION3=1;
11003  output;
11004  ;
11005  run;

NOTE: The data set WORK.REP_UPDOWNIND has 3 observations and 8 variables.
NOTE: DATA statement used (Total process time):
      real time           0.01 seconds
      cpu time            0.00 seconds
      

11006  proc datasets lib=work nolist;
11007  modify REP_updownInd(type=PROFIT label=REP_updownInd);
11008  label DECISION1= 'UP';
11009  label DECISION2= 'UNCHANGE';
11010  label DECISION3= 'DOWN';
11011  run;

NOTE: MODIFY was successful for WORK.REP_UPDOWNIND.DATA.
11012  quit;

NOTE: PROCEDURE DATASETS used (Total process time):
      real time           0.00 seconds
      cpu time            0.00 seconds
      

11013  data EM_DMREG / view=EM_DMREG;
11014  set EMWS3.Impt2_TRAIN(keep=
11015  LOG_buy LOG_high LOG_lastDone LOG_low LOG_open LOG_sell LOG_vol REP_updownInd );
11016  run;

NOTE: DATA STEP view saved on file WORK.EM_DMREG.
NOTE: A stored DATA STEP view cannot run under a different operating system.
NOTE: View EMWS3.IMPT2_TRAIN.VIEW used (Total process time):
      real time           0.08 seconds
      cpu time            0.09 seconds
      
NOTE: DATA statement used (Total process time):
      real time           0.11 seconds
      cpu time            0.12 seconds
      

11017  *------------------------------------------------------------* ;
11018  * Reg4: DMDBClass Macro ;
11019  *------------------------------------------------------------* ;
11020  %macro DMDBClass;
11021      REP_updownInd(DESC)
11022  %mend DMDBClass;
11023  *------------------------------------------------------------* ;
11024  * Reg4: DMDBVar Macro ;
11025  *------------------------------------------------------------* ;
11026  %macro DMDBVar;
11027      LOG_buy LOG_high LOG_lastDone LOG_low LOG_open LOG_sell LOG_vol
11028  %mend DMDBVar;
11029  *------------------------------------------------------------*;
11030  * Reg4: Create DMDB;
11031  *------------------------------------------------------------*;
11032  proc dmdb batch data=WORK.EM_DMREG
11033  dmdbcat=WORK.Reg4_DMDB
11034  maxlevel = 513
11035  ;
11036  class %DMDBClass;
11037  var %DMDBVar;
11038  target
11039  REP_updownInd
11040  ;
11041  run;

NOTE: Records processed = 1250   Memory used = 511K.
NOTE: There were 1250 observations read from the data set EMWS3.PART_TRAIN.
NOTE: There were 1250 observations read from the data set EMWS3.TRANS_TRAIN.
NOTE: View WORK.EM_DMREG.VIEW used (Total process time):
      real time           0.25 seconds
      cpu time            0.18 seconds
      
NOTE: There were 1250 observations read from the data set EMWS3.IMPT2_TRAIN.
NOTE: There were 1250 observations read from the data set WORK.EM_DMREG.
NOTE: PROCEDURE DMDB used (Total process time):
      real time           0.28 seconds
      cpu time            0.20 seconds
      

11042  quit;
11043  *--- end code ---*;

11044  *------------------------------------------------------------*;
11045  * Reg4: Run DMREG procedure;
11046  *------------------------------------------------------------*;
11047  proc dmreg data=EM_DMREG dmdbcat=WORK.Reg4_DMDB
11048  validata = EMWS3.Impt2_VALIDATE
11049  outest = EMWS3.Reg4_EMESTIMATE
11050  outterms = EMWS3.Reg4_OUTTERMS
11051  outmap= EMWS3.Reg4_MAPDS namelen=200
11052  ;
11053  class
11054  REP_updownInd
11055  ;
11056  model REP_updownInd =
11057  LOG_buy
11058  LOG_high
11059  LOG_lastDone
11060  LOG_low
11061  LOG_open
11062  LOG_sell
11063  LOG_vol
11064  /level=nominal
11065  coding=DEVIATION
11066  nodesignprint
11067  ;
11068  ;
11069  code file="C:\JohnLaw\OneDrive\WQD Data Science\WQD7005\SASProject\projects\DataMining\Workspaces\EMWS3\Reg4\EMPUBLISHSCORE.sas"
11070  group=Reg4
11071  ;
11072  code file="C:\JohnLaw\OneDrive\WQD Data Science\WQD7005\SASProject\projects\DataMining\Workspaces\EMWS3\Reg4\EMFLOWSCORE.sas"
11073  group=Reg4
11074  residual
11075  ;
11076  run;

NOTE: Convergence criterion (GCONV=1E-6) satisfied.
NOTE: External file C:\JohnLaw\OneDrive\WQD Data Science\WQD7005\SASProject\projects\DataMining\Workspaces\EMWS3\Reg4\EMPUBLISHSCORE.sas opened.
NOTE: External file C:\JohnLaw\OneDrive\WQD Data Science\WQD7005\SASProject\projects\DataMining\Workspaces\EMWS3\Reg4\EMFLOWSCORE.sas opened.
NOTE: There were 1251 observations read from the data set EMWS3.PART_VALIDATE.
NOTE: View EMWS3.IMPT2_VALIDATE.VIEW used (Total process time):
      real time           0.36 seconds
      cpu time            0.32 seconds
      
NOTE: There were 1251 observations read from the data set EMWS3.TRANS_VALIDATE.
NOTE: There were 1250 observations read from the data set EMWS3.PART_TRAIN.
NOTE: There were 1250 observations read from the data set EMWS3.TRANS_TRAIN.
NOTE: View WORK.EM_DMREG.VIEW used (Total process time):
      real time           0.52 seconds
      cpu time            0.48 seconds
      
NOTE: There were 1250 observations read from the data set EMWS3.IMPT2_TRAIN.
NOTE: There were 1250 observations read from the data set WORK.EM_DMREG.
NOTE: There were 1251 observations read from the data set EMWS3.IMPT2_VALIDATE.
NOTE: The data set EMWS3.REG4_EMESTIMATE has 3 observations and 50 variables.
NOTE: The data set EMWS3.REG4_OUTTERMS has 16 observations and 6 variables.
NOTE: The data set EMWS3.REG4_MAPDS has 3 observations and 16 variables.
NOTE: The PROCEDURE DMREG printed pages 4-5.
NOTE: PROCEDURE DMREG used (Total process time):
      real time           0.56 seconds
      cpu time            0.51 seconds
      

11077  quit;

11078  proc datasets lib=WORK nolist;
11079  delete Reg4_DMDB;
11080  run;

NOTE: The file WORK.REG4_DMDB (memtype=DATA) was not found, but appears on a DELETE statement.
11081  quit;

NOTE: PROCEDURE DATASETS used (Total process time):
      real time           0.01 seconds
      cpu time            0.00 seconds
      

11082  proc datasets lib=WORK nolist;
11083  delete Reg4_DMDB / memtype=catalog;
11084  run;

NOTE: Deleting WORK.REG4_DMDB (memtype=CATALOG).
11085  quit;

NOTE: PROCEDURE DATASETS used (Total process time):
      real time           0.01 seconds
      cpu time            0.00 seconds
      

11086  data WORK.ESTIMATE;
11087  length _NAME_ $32;
11088  set EMWS3.Reg4_EMESTIMATE;
11089  drop _AIC_--_VMISC_
11090  ;
11091  where _TYPE_ in('PARMS', 'T', 'P');
11092  select(_TYPE_);
11093  when('PARMS') _NAME_='Coefficient';
11094  when('T') _NAME_='tValue';
11095  when('P') _NAME_='PValue';
11096  otherwise;
11097  end;
11098  run;

NOTE: There were 3 observations read from the data set EMWS3.REG4_EMESTIMATE.
      WHERE _TYPE_ in ('P', 'PARMS', 'T');
NOTE: The data set WORK.ESTIMATE has 3 observations and 18 variables.
NOTE: DATA statement used (Total process time):
      real time           0.00 seconds
      cpu time            0.00 seconds
      

11099  proc transpose data=WORK.ESTIMATE out=WORK.ESTIMATE(rename=(_NAME_=Effect));
11100  run;

NOTE: There were 3 observations read from the data set WORK.ESTIMATE.
NOTE: The data set WORK.ESTIMATE has 16 observations and 5 variables.
NOTE: PROCEDURE TRANSPOSE used (Total process time):
      real time           0.01 seconds
      cpu time            0.01 seconds
      

11101  proc transpose data=EMWS3.Reg4_MAPDS out=WORK.MAP(rename=(_NAME_=Effect INPUT=Variable
11102  TARGET=TargetLevel
11103  ));
11104  var 'LOG_buy_UP'n--'LOG_vol_UNCHANGE'n;
11105  run;

NOTE: There were 3 observations read from the data set EMWS3.REG4_MAPDS.
NOTE: The data set WORK.MAP has 14 observations and 5 variables.
NOTE: PROCEDURE TRANSPOSE used (Total process time):
      real time           0.01 seconds
      cpu time            0.01 seconds
      

11106  proc sort data=WORK.MAP;
11107  by Effect;
11108  run;

NOTE: There were 14 observations read from the data set WORK.MAP.
NOTE: The data set WORK.MAP has 14 observations and 5 variables.
NOTE: PROCEDURE SORT used (Total process time):
      real time           0.00 seconds
      cpu time            0.01 seconds
      

11109  proc sort data=WORK.ESTIMATE;
11110  by Effect;
11111  run;

NOTE: There were 16 observations read from the data set WORK.ESTIMATE.
NOTE: The data set WORK.ESTIMATE has 16 observations and 5 variables.
NOTE: PROCEDURE SORT used (Total process time):
      real time           0.00 seconds
      cpu time            0.00 seconds
      

11112  data EMWS3.Reg4_EFFECTS(rename=(_LABEL_=EffectLabel));
11113  length Variable ClassLevel $32;
11114  merge WORK.ESTIMATE WORK.MAP;
11115  by Effect;
11116  label Effect = "%sysfunc(sasmsg(sashelp.dmine, rpt_effect_vlabel, NOQUOTE))" Variable = "%sysfunc(sasmsg(sashelp.dmine, rpt_variable_vlabel, NOQUOTE))" Sign = "%sysfunc(sasmsg(sashelp.dmine, rpt_sign_vlabel, NOQUOTE))" ClassLevel =
11117     "%sysfunc(sasmsg(sashelp.dmine, rpt_level_vlabel, NOQUOTE))" Abscoefficient = "%sysfunc(sasmsg(sashelp.dmine, rpt_abscoefficient_vlabel, NOQUOTE))" Coefficient = "%sysfunc(sasmsg(sashelp.dmine, rpt_coefficient_vlabel, NOQUOTE))" _LABEL_ =
11118     "%sysfunc(sasmsg(sashelp.dmine, rpt_effectLabel_vlabel, NOQUOTE))" CODE = "%sysfunc(sasmsg(sashelp.dmine, rpt_scorecodevar_vlabel, NOQUOTE))";
11119  label tvalue = "%sysfunc(sasmsg(sashelp.dmine, rpt_tvalue_vlabel,         NOQUOTE))" abstvalue = "%sysfunc(sasmsg(sashelp.dmine, rpt_absoluteTvalue_vlabel, NOQUOTE))" PValue = "%sysfunc(sasmsg(sashelp.dmine, rpt_pvalue_vlabel,         NOQUOTE))";
11120  abstvalue = abs(tValue);
11121  drop pos;
11122  length TargetLevel $32;
WARNING: Length of character variable TargetLevel has already been set. Use the LENGTH statement as the very first statement in the DATA STEP to declare the length of a character variable.
11123  label TargetLevel = "%sysfunc(sasmsg(sashelp.dmine, rpt_targetLevel_vlabel, NOQUOTE))";
11124  if index(Effect, 'Intercept') then do;
11125  variable = 'Intercept';
11126  TargetLevel = scan(_LABEL_, 2, '=');
11127  end;
11128  if ^indexc(variable, '*') then do;
11129  if length(effect)>length(variable) then classlevel = substr(effect, length(variable)+1);
11130  pos = index(classlevel, '_'!!TargetLevel);
11131  if pos> 1 then classlevel = substr(classlevel, 1, pos-1);
11132  else classlevel = '';
11133  end;
11134  if Effect eq '' then Effect = Variable;
11135  if coefficient < 0 then sign = '-';
11136  else sign = '+';
11137  abscoefficient = abs(coefficient);
11138  if _LABEL_ = '' then _LABEL_ = Effect;
11139  if coefficient ne . then output;
11140  run;

NOTE: Missing values were generated as a result of performing an operation on missing values.
      Each place is given by: (Number of times) at (Line):(Column).
      5 at 11120:13   
NOTE: There were 16 observations read from the data set WORK.ESTIMATE.
NOTE: There were 14 observations read from the data set WORK.MAP.
NOTE: The data set EMWS3.REG4_EFFECTS has 16 observations and 12 variables.
NOTE: DATA statement used (Total process time):
      real time           0.02 seconds
      cpu time            0.01 seconds
      

11141  proc sort data =EMWS3.Reg4_EFFECTS;
11142  by
11143  TargetLevel
11144  descending abstvalue;
11145  run;

NOTE: There were 16 observations read from the data set EMWS3.REG4_EFFECTS.
NOTE: The data set EMWS3.REG4_EFFECTS has 16 observations and 12 variables.
NOTE: PROCEDURE SORT used (Total process time):
      real time           0.00 seconds
      cpu time            0.00 seconds
      

11146  data EMWS3.Reg4_EFFECTS;
11147  set EMWS3.Reg4_EFFECTS;
11148  format TEffectNum 3.;
11149  label TEffectNum = "%sysfunc(sasmsg(sashelp.dmine, rpt_teffectnum_vlabel, NOQUOTE))";
11150  retain TEffectNum;
11151  by TargetLevel;
11152  if first.TargetLevel then TEffectNum =1;
11153  else TEffectNum + 1;
11154  run;

NOTE: There were 16 observations read from the data set EMWS3.REG4_EFFECTS.
NOTE: The data set EMWS3.REG4_EFFECTS has 16 observations and 13 variables.
NOTE: DATA statement used (Total process time):
      real time           0.01 seconds
      cpu time            0.00 seconds
      

11155  proc sort data =EMWS3.Reg4_EFFECTS;
11156  by
11157  TargetLevel
11158  descending absCoefficient;
11159  run;

NOTE: There were 16 observations read from the data set EMWS3.REG4_EFFECTS.
NOTE: The data set EMWS3.REG4_EFFECTS has 16 observations and 13 variables.
NOTE: PROCEDURE SORT used (Total process time):
      real time           0.00 seconds
      cpu time            0.00 seconds
      

11160  data EMWS3.Reg4_EFFECTS;
11161  set EMWS3.Reg4_EFFECTS;
11162  format EffectNum 3.;
11163  label EffectNum = "%sysfunc(sasmsg(sashelp.dmine, rpt_effectnum_vlabel, NOQUOTE))";
11164  retain EffectNum;
11165  by TargetLevel;
11166  if first.TargetLevel then EffectNum =1;
11167  else EffectNum + 1;
11168  run;

NOTE: There were 16 observations read from the data set EMWS3.REG4_EFFECTS.
NOTE: The data set EMWS3.REG4_EFFECTS has 16 observations and 14 variables.
NOTE: DATA statement used (Total process time):
      real time           0.01 seconds
      cpu time            0.01 seconds
      

