 
                                                                                               
 
 
Fit Statistics

Target=REP_updownInd Target Label=Replacement: updownInd

   Fit
Statistics    Statistics Label                    Train    Validation

 _AIC_        Akaike's Information Criterion     701.00          .   
 _ASE_        Average Squared Error                0.05         0.05 
 _AVERR_      Average Error Function               0.18         0.18 
 _DFE_        Degrees of Freedom for Error      2484.00          .   
 _DFM_        Model Degrees of Freedom            16.00          .   
 _DFT_        Total Degrees of Freedom          2500.00          .   
 _DIV_        Divisor for ASE                   3750.00      3753.00 
 _ERR_        Error Function                     669.00       689.61 
 _FPE_        Final Prediction Error               0.05          .   
 _MAX_        Maximum Absolute Error               1.00         1.00 
 _MSE_        Mean Square Error                    0.05         0.05 
 _NOBS_       Sum of Frequencies                1250.00      1251.00 
 _NW_         Number of Estimate Weights          16.00          .   
 _RASE_       Root Average Sum of Squares          0.23         0.23 
 _RFPE_       Root Final Prediction Error          0.23          .   
 _RMSE_       Root Mean Squared Error              0.23         0.23 
 _SBC_        Schwarz's Bayesian Criterion       794.19          .   
 _SSE_        Sum of Squared Errors              194.29       197.47 
 _SUMW_       Sum of Case Weights Times Freq    3750.00      3753.00 
 _MISC_       Misclassification Rate               0.11         0.12 
 
                                                                                               
 
 
Classification Table

Data Role=TRAIN Target Variable=REP_updownInd Target Label=Replacement: updownInd

                          Target        Outcome     Frequency       Total
Target      Outcome     Percentage    Percentage      Count      Percentage

DOWN        DOWN          100.000       100.000        469          37.52  
UNCHANGE    UNCHANGE       78.431        94.787        400          32.00  
UP          UNCHANGE       21.569        30.641        110           8.80  
UNCHANGE    UP              8.118         5.213         22           1.76  
UP          UP             91.882        69.359        249          19.92  


Data Role=VALIDATE Target Variable=REP_updownInd Target Label=Replacement: updownInd

                          Target        Outcome     Frequency       Total
Target      Outcome     Percentage    Percentage      Count      Percentage

DOWN        DOWN          100.000       100.000        469         37.4900 
UNCHANGE    UNCHANGE       77.246        91.706        387         30.9353 
UP          UNCHANGE       22.754        31.667        114          9.1127 
UNCHANGE    UP             12.456         8.294         35          2.7978 
UP          UP             87.544        68.333        246         19.6643 
 
                                                                                               
 
 
Event Classification Table

Data Role=TRAIN Target=REP_updownInd Target Label=Replacement: updownInd

  False       True        False       True
Negative    Negative    Positive    Positive

   110         869         22          249  


Data Role=VALIDATE Target=REP_updownInd Target Label=Replacement: updownInd

  False       True        False       True
Negative    Negative    Positive    Positive

   114         856         35          246  
 
                                                                                               
 
 
Assessment Score Rankings

Data Role=TRAIN Target Variable=REP_updownInd Target Label=Replacement: updownInd

                                                                                    Mean
                            Cumulative       %      Cumulative     Number of     Posterior
Depth      Gain     Lift       Lift      Response   % Response   Observations   Probability

   5    242.663   3.42663     3.42663     98.4127     98.4127         63          0.99995  
  10    228.691   3.14494     3.28691     90.3226     94.4000         62          0.98724  
  15    220.408   3.03975     3.20408     87.3016     92.0213         63          0.87331  
  20    221.727   3.25726     3.21727     93.5484     92.4000         62          0.64845  
  25    199.243   2.10019     2.99243     60.3175     85.9425         63          0.47613  
  30    186.908   2.24638     2.86908     64.5161     82.4000         62          0.38917  
  35    172.669   1.87912     2.72669     53.9683     78.3105         63          0.35652  
  40    140.947   0.16848     2.40947      4.8387     69.2000         62          0.28569  
  45    115.840   0.16580     2.15840      4.7619     61.9893         63          0.24996  
  50     98.329   0.39312     1.98329     11.2903     56.9600         62          0.20368  
  55     80.168   0.00000     1.80168      0.0000     51.7442         63          0.16541  
  60     66.667   0.16848     1.66667      4.8387     47.8667         62          0.10073  
  65     53.752   0.00000     1.53752      0.0000     44.1574         63          0.00366  
  70     42.857   0.00000     1.42857      0.0000     41.0286         62          0.00002  
  75     33.262   0.00000     1.33262      0.0000     38.2729         63          0.00001  
  80     25.000   0.00000     1.25000      0.0000     35.9000         62          0.00000  
  85     17.592   0.00000     1.17592      0.0000     33.7723         63          0.00000  
  90     11.111   0.00000     1.11111      0.0000     31.9111         62          0.00000  
  95      5.219   0.00000     1.05219      0.0000     30.2189         63          0.00000  
 100      0.000   0.00000     1.00000      0.0000     28.7200         62          0.00000  


Data Role=VALIDATE Target Variable=REP_updownInd Target Label=Replacement: updownInd

                                                                                    Mean
                            Cumulative       %      Cumulative     Number of     Posterior
Depth      Gain     Lift       Lift      Response   % Response   Observations   Probability

   5    230.952   3.30952     3.30952     95.2381     95.2381         63          0.99999  
  10    222.679   3.14405     3.22679     90.4762     92.8571         63          0.98806  
  15    217.926   3.08266     3.17926     88.7097     91.4894         62          0.88123  
  20    210.120   2.86825     3.10120     82.5397     89.2430         63          0.67255  
  25    196.430   2.41008     2.96430     69.3548     85.3035         62          0.50024  
  30    189.275   2.53730     2.89275     73.0159     83.2447         63          0.39139  
  35    178.476   2.12984     2.78476     61.2903     80.1370         62          0.35627  
  40    144.152   0.05516     2.44152      1.5873     70.2595         63          0.28236  
  45    120.351   0.28024     2.20351      8.0645     63.4103         62          0.24906  
  50     98.175   0.00000     1.98175      0.0000     57.0288         63          0.20334  
  55     81.567   0.16548     1.81567      4.7619     52.2496         63          0.15954  
  60     66.578   0.00000     1.66578      0.0000     47.9361         62          0.09974  
  65     53.686   0.00000     1.53686      0.0000     44.2260         63          0.00335  
  70     42.808   0.00000     1.42808      0.0000     41.0959         62          0.00002  
  75     33.227   0.00000     1.33227      0.0000     38.3387         63          0.00001  
  80     24.975   0.00000     1.24975      0.0000     35.9640         62          0.00000  
  85     17.575   0.00000     1.17575      0.0000     33.8346         63          0.00000  
  90     11.101   0.00000     1.11101      0.0000     31.9716         62          0.00000  
  95      5.214   0.00000     1.05214      0.0000     30.2775         63          0.00000  
 100      0.000   0.00000     1.00000      0.0000     28.7770         62          0.00000  
 
                                                                                               
 
 
Assessment Score Distribution

Data Role=TRAIN Target Variable=REP_updownInd Target Label=Replacement: updownInd

 Posterior     Number                     Mean
Probability      of      Number of     Posterior
   Range       Events    Nonevents    Probability    Percentage

 0.95-1.00       124          7         0.99187         10.48  
 0.90-0.95        17          4         0.92081          1.68  
 0.85-0.90        13          1         0.87625          1.12  
 0.80-0.85         9          1         0.82307          0.80  
 0.75-0.80        13          2         0.78206          1.20  
 0.70-0.75         9          0         0.73281          0.72  
 0.65-0.70        14          1         0.67897          1.20  
 0.60-0.65        17          1         0.61690          1.44  
 0.55-0.60        20          2         0.58354          1.76  
 0.50-0.55        13          3         0.52480          1.28  
 0.45-0.50        13          6         0.46683          1.52  
 0.40-0.45        13         22         0.42316          2.80  
 0.35-0.40        61         35         0.37739          7.68  
 0.30-0.35         8         12         0.31959          1.60  
 0.25-0.30         5         94         0.27354          7.92  
 0.20-0.25         4         64         0.21669          5.44  
 0.15-0.20         3         53         0.18870          4.48  
 0.10-0.15         1         63         0.12665          5.12  
 0.05-0.10         1         12         0.07860          1.04  
 0.00-0.05         1        508         0.00112         40.72  


Data Role=VALIDATE Target Variable=REP_updownInd Target Label=Replacement: updownInd

 Posterior     Number                     Mean
Probability      of      Number of     Posterior
   Range       Events    Nonevents    Probability    Percentage

 0.95-1.00       124          9         0.99191        10.6315 
 0.90-0.95        15          3         0.91562         1.4388 
 0.85-0.90        20          1         0.87341         1.6787 
 0.80-0.85        11          3         0.82519         1.1191 
 0.75-0.80        12          2         0.77789         1.1191 
 0.70-0.75         7          3         0.73857         0.7994 
 0.65-0.70         8          0         0.67752         0.6395 
 0.60-0.65        22          5         0.61780         2.1583 
 0.55-0.60        15          5         0.57853         1.5987 
 0.50-0.55        12          4         0.52221         1.2790 
 0.45-0.50        16          5         0.47046         1.6787 
 0.40-0.45        12         11         0.42398         1.8385 
 0.35-0.40        65         27         0.37911         7.3541 
 0.30-0.35        12          9         0.32877         1.6787 
 0.25-0.30         5         99         0.27240         8.3133 
 0.20-0.25         1         72         0.21273         5.8353 
 0.15-0.20         0         43         0.18762         3.4373 
 0.10-0.15         3         70         0.12721         5.8353 
 0.05-0.10         0          7         0.07989         0.5596 
 0.00-0.05         0        513         0.00140        41.0072 
