*------------------------------------------------------------*
* Score Log
Date:                May 24, 2019
Time:                11:02:26
*------------------------------------------------------------*
11161  %em_getActionStatus(emlib=EMWS6, nodeid=PRINCOMP);

11162  %let em_Train = Y;
11163  %let em_Report = Y;
11164  %let em_Score = Y;
11165  %let em_Run = Y;
NOTE: PROCEDURE DISPLAY used (Total process time):
      real time           0.01 seconds
      cpu time            0.01 seconds
      


11166  filename emflow "C:\JohnLaw\OneDrive\WQD Data Science\WQD7005\SASProject\projects\DataMining\Workspaces\EMWS6\PRINCOMP\EMFLOWSCORE.sas";
11167  *------------------------------------------------------------*;
11168  * PRINCOMP: Scoring DATA data;
11169  *------------------------------------------------------------*;
11170  data EMWS6.PRINCOMP_TRAIN
11171  / view=EMWS6.PRINCOMP_TRAIN
11172  ;
11173  set EMWS6.FIMPORT_train
11174  ;
11175  %inc emflow;
11380  run;

NOTE: DATA STEP view saved on file EMWS6.PRINCOMP_TRAIN.
NOTE: A stored DATA STEP view cannot run under a different operating system.
NOTE: View EMWS6.FIMPORT_TRAIN.VIEW used (Total process time):
      real time           0.06 seconds
      cpu time            0.03 seconds
      
NOTE: DATA statement used (Total process time):
      real time           0.08 seconds
      cpu time            0.06 seconds
      

11381  quit;
11382  filename emflow;
NOTE: Fileref EMFLOW has been deassigned.

11383  *------------------------------------------------------------*;
11384  * PRINCOMP: Computing metadata for TRAIN data;
11385  *------------------------------------------------------------*;

NOTE: View EMWS6.PRINCOMP_TRAIN.VIEW used (Total process time):
      real time           0.05 seconds
      cpu time            0.04 seconds
      
NOTE: View EMWS6.PRINCOMP_TRAIN.VIEW used (Total process time):
      real time           0.05 seconds
      cpu time            0.06 seconds
      
11775  options nosource;

NOTE: There were 23 observations read from the data set EMWS6.PRINCOMP_CMETA_TRAIN.
NOTE: The data set EMWS6.PRINCOMP_FULLCMETA has 23 observations and 21 variables.
NOTE: DATA statement used (Total process time):
      real time           0.01 seconds
      cpu time            0.01 seconds
      


NOTE: There were 23 observations read from the data set EMWS6.PRINCOMP_CMETA_TRAIN.
NOTE: The data set EMWS6.PRINCOMP_CMETA_TRAIN has 10 observations and 21 variables.
NOTE: DATA statement used (Total process time):
      real time           0.00 seconds
      cpu time            0.01 seconds
      

NOTE: Fileref X has been deassigned.
NOTE: EXPLOREOBS EMWS6.PRINCOMP_TRAIN : vars= 23 : recl= 264 : max=20000 : def= 2000
PERFORMANCE  DETAILS
NOTE: Variable _FORMAT is uninitialized.
NOTE: Variable _NORMFMT is uninitialized.
NOTE: There were 999 observations read from the data set EMWS6.FIMPORT_DATA.
NOTE: View EMWS6.PRINCOMP_TRAIN.VIEW used (Total process time):
      real time           0.07 seconds
      cpu time            0.06 seconds
      
NOTE: There were 999 observations read from the data set EMWS6.FIMPORT_TRAIN.
NOTE: PROCEDURE SQL used (Total process time):
      real time           0.14 seconds
      cpu time            0.07 seconds
      


NOTE: Variable _FORMAT is uninitialized.
NOTE: Variable _NORMFMT is uninitialized.
NOTE: There were 999 observations read from the data set EMWS6.FIMPORT_DATA.
NOTE: View EMWS6.PRINCOMP_TRAIN.VIEW used (Total process time):
      real time           0.06 seconds
      cpu time            0.06 seconds
      
NOTE: There were 999 observations read from the data set EMWS6.FIMPORT_TRAIN.
NOTE: There were 999 observations read from the data set EMWS6.PRINCOMP_TRAIN.
NOTE: The data set EMWS6.PRINCOMP_SAMPLE_DATA has 999 observations and 23 variables.
NOTE: DATA statement used (Total process time):
      real time           0.08 seconds
      cpu time            0.07 seconds
      



NOTE: There were 999 observations read from the data set EMWS6.PRINCOMP_SAMPLE_DATA.
NOTE: The data set EMWS6.PRINCOMP_PRINPLOT has 999 observations and 8 variables.
NOTE: DATA statement used (Total process time):
      real time           0.01 seconds
      cpu time            0.01 seconds
      


NOTE: There were 8 observations read from the data set EMWS6.PRINCOMP_SUBEIGENVECTOR.
NOTE: The data set EMWS6.PRINCOMP_PRINCOEFFPLOT has 13 observations and 9 variables.
NOTE: PROCEDURE TRANSPOSE used (Total process time):
      real time           0.00 seconds
      cpu time            0.01 seconds
      


NOTE: Variable Label is uninitialized.
NOTE: There were 13 observations read from the data set EMWS6.PRINCOMP_PRINCOEFFPLOT.
NOTE: The data set EMWS6.PRINCOMP_PRINCOEFFPLOT has 13 observations and 10 variables.
NOTE: DATA statement used (Total process time):
      real time           0.01 seconds
      cpu time            0.01 seconds
      


NOTE: There were 13 observations read from the data set EMWS6.PRINCOMP_PRINCOEFFPLOT.
NOTE: The data set EMWS6.PRINCOMP_PRINCOEFFPLOT has 13 observations and 10 variables.
NOTE: PROCEDURE SORT used (Total process time):
      real time           0.00 seconds
      cpu time            0.00 seconds
      


NOTE: There were 13 observations read from the data set EMWS6.PRINCOMP_PRINCOEFFPLOT.
NOTE: The data set EMWS6.PRINCOMP_PRINCOEFFPLOT has 13 observations and 9 variables.
NOTE: DATA statement used (Total process time):
      real time           0.00 seconds
      cpu time            0.00 seconds
      


