*------------------------------------------------------------*
* Training Log
Date:                May 12, 2019
Time:                00:17:37
*------------------------------------------------------------*
10867  proc freq data=EMWS3.MdlComp_VariableSet noprint;
10868  table ROLE*LEVEL/out=WORK.MdlCompMETA;
10869  run;

NOTE: There were 1 observations read from the data set EMWS3.MDLCOMP_VARIABLESET.
NOTE: The data set WORK.MDLCOMPMETA has 1 observations and 4 variables.
NOTE: PROCEDURE FREQ used (Total process time):
      real time           0.07 seconds
      cpu time            0.03 seconds
      

10870  proc print data=WORK.MdlCompMETA label noobs;
10871  var ROLE LEVEL COUNT;
10872  label ROLE = "%sysfunc(sasmsg(sashelp.dmine, meta_role_vlabel, NOQUOTE))" LEVEL = "%sysfunc(sasmsg(sashelp.dmine, meta_level_vlabel, NOQUOTE))" COUNT = "%sysfunc(sasmsg(sashelp.dmine, rpt_count_vlabel, NOQUOTE))";
10873  title9 ' ';
10874  title10 "%sysfunc(sasmsg(sashelp.dmine, rpt_varSummary_title  , NOQUOTE))";
10875  run;

NOTE: There were 1 observations read from the data set WORK.MDLCOMPMETA.
NOTE: The PROCEDURE PRINT printed page 1.
NOTE: PROCEDURE PRINT used (Total process time):
      real time           0.01 seconds
      cpu time            0.00 seconds
      

10876  title10;

10877  %let _hpflow = 0;
10878  data _null_;
10879  set EMWS3.Tree_EMINFO;
10880  where key="HPDMSAMPLE";
10881  call symput('_hpflow', '1');
10882  run;

NOTE: There were 0 observations read from the data set EMWS3.TREE_EMINFO.
      WHERE key='HPDMSAMPLE';
NOTE: DATA statement used (Total process time):
      real time           0.00 seconds
      cpu time            0.01 seconds
      

10883  %let _hpflow = 0;
10884  data _null_;
10885  set EMWS3.Tree2_EMINFO;
10886  where key="HPDMSAMPLE";
10887  call symput('_hpflow', '1');
10888  run;

NOTE: There were 0 observations read from the data set EMWS3.TREE2_EMINFO.
      WHERE key='HPDMSAMPLE';
NOTE: DATA statement used (Total process time):
      real time           0.00 seconds
      cpu time            0.01 seconds
      

10889  %let _hpflow = 0;
10890  data _null_;
10891  set EMWS3.Tree3_EMINFO;
10892  where key="HPDMSAMPLE";
10893  call symput('_hpflow', '1');
10894  run;

NOTE: There were 0 observations read from the data set EMWS3.TREE3_EMINFO.
      WHERE key='HPDMSAMPLE';
NOTE: DATA statement used (Total process time):
      real time           0.00 seconds
      cpu time            0.01 seconds
      

10895  %let _hpflow = 0;
10896  data _null_;
10897  set EMWS3.Tree4_EMINFO;
10898  where key="HPDMSAMPLE";
10899  call symput('_hpflow', '1');
10900  run;

NOTE: There were 0 observations read from the data set EMWS3.TREE4_EMINFO.
      WHERE key='HPDMSAMPLE';
NOTE: DATA statement used (Total process time):
      real time           0.01 seconds
      cpu time            0.00 seconds
      

10901  data _null_;
10902  set EMWS3.em_nodeid;
10903  where upcase(NODEID) = upcase("Tree");
10904  call symput('_MODELDESC', strip(tranwrd(LABEL, '"', '""')));
10905  run;

NOTE: There were 1 observations read from the data set EMWS3.EM_NODEID.
      WHERE UPCASE(NODEID)='TREE';
NOTE: DATA statement used (Total process time):
      real time           0.00 seconds
      cpu time            0.01 seconds
      

10906  data EMWS3.MdlComp_EMRANK;
10907  length PARENT $16 MODEL $16 MODELDESCRIPTION $81 DATAROLE $20 TARGET $32 TARGETLABEL $200;
10908  label PARENT = "%sysfunc(sasmsg(sashelp.dmine, rpt_parent_vlabel  ,  NOQUOTE))" MODEL = "%sysfunc(sasmsg(sashelp.dmine, rpt_modelnode_vlabel, NOQUOTE))" MODELDESCRIPTION = "%sysfunc(sasmsg(sashelp.dmine, rpt_modeldesc_vlabel, NOQUOTE))" TARGETLABEL
10908! =
10909     "%sysfunc(sasmsg(sashelp.dmine, meta_targetlabel_vlabel, NOQUOTE))";
10910  retain parent "Tree" MODEL "Tree" MODELDESCRIPTION "Interactive Mode" TARGETLABEL "Replacement: updownInd";
10911  set EMWS3.Tree_EMRANK;
10912  where upcase(TARGET) = upcase("REP_updownInd");
10913  run;

NOTE: There were 40 observations read from the data set EMWS3.TREE_EMRANK.
      WHERE UPCASE(TARGET)='REP_UPDOWNIND';
NOTE: The data set EMWS3.MDLCOMP_EMRANK has 40 observations and 38 variables.
NOTE: DATA statement used (Total process time):
      real time           0.04 seconds
      cpu time            0.01 seconds
      

10914  data _null_;
10915  set EMWS3.em_nodeid;
10916  where upcase(NODEID) = upcase("Tree");
10917  call symput('_MODELDESC', strip(tranwrd(LABEL, '"', '""')));
10918  run;

NOTE: There were 1 observations read from the data set EMWS3.EM_NODEID.
      WHERE UPCASE(NODEID)='TREE';
NOTE: DATA statement used (Total process time):
      real time           0.00 seconds
      cpu time            0.00 seconds
      

10919  data EMWS3.MdlComp_EMSCOREDIST;
10920  length PARENT $16 MODEL $16 MODELDESCRIPTION $81 DATAROLE $20 TARGET $32 TARGETLABEL $200;
10921  label PARENT = "%sysfunc(sasmsg(sashelp.dmine, rpt_parent_vlabel  ,  NOQUOTE))" MODEL = "%sysfunc(sasmsg(sashelp.dmine, rpt_modelnode_vlabel, NOQUOTE))" MODELDESCRIPTION = "%sysfunc(sasmsg(sashelp.dmine, rpt_modeldesc_vlabel, NOQUOTE))" TARGETLABEL
10921! =
10922     "%sysfunc(sasmsg(sashelp.dmine, meta_targetlabel_vlabel, NOQUOTE))";
10923  retain parent "Tree" MODEL "Tree" MODELDESCRIPTION "Interactive Mode" TARGETLABEL "Replacement: updownInd";
10924  set EMWS3.Tree_EMSCOREDIST;
10925  where upcase(TARGET) = upcase("REP_updownInd");
10926  run;

NOTE: There were 10 observations read from the data set EMWS3.TREE_EMSCOREDIST.
      WHERE UPCASE(TARGET)='REP_UPDOWNIND';
NOTE: The data set EMWS3.MDLCOMP_EMSCOREDIST has 10 observations and 24 variables.
NOTE: DATA statement used (Total process time):
      real time           0.03 seconds
      cpu time            0.03 seconds
      

Executing  SASHELP.EMCORE.EMINFOITERATOR.SCL _INIT >> 
Executing  SASHELP.EMCORE.EMINFOITERATOR.SCL SETMETADATA >> 
NOTE: There were 1 observations read from the data set EMWS3.TREE_EMINFO.
      WHERE (TARGET='REP_updownInd') and (KEY='DECMETA');
NOTE: The data set WORK.EMINFO43JB7IO9 has 1 observations and 3 variables.
Executing  SASHELP.EMCORE.EMINFOITERATOR.SCL next >> 
Executing  SASHELP.EMCORE.EMINFOITERATOR.SCL next >> 
Executing  SASHELP.EMCORE.EMINFOITERATOR.SCL SETMETADATA >> 
NOTE: There were 1 observations read from the data set EMWS3.TREE_EMINFO.
      WHERE (TARGET='REP_updownInd') and (KEY='DECDATA');
NOTE: The data set WORK.EMINFO43JB7IO9 has 1 observations and 3 variables.
Executing  SASHELP.EMCORE.EMINFOITERATOR.SCL next >> 
Executing  SASHELP.EMCORE.EMINFOITERATOR.SCL next >> 
Executing  SASHELP.EMCORE.EMINFOITERATOR.SCL _term >> 
10927  data WORK.Tree_OUTFIT;
10928  set EMWS3.Tree_EMOUTFIT;
10929  run;

NOTE: There were 1 observations read from the data set EMWS3.TREE_EMOUTFIT.
NOTE: The data set WORK.TREE_OUTFIT has 1 observations and 17 variables.
NOTE: DATA statement used (Total process time):
      real time           0.01 seconds
      cpu time            0.01 seconds
      

10930  data _null_;
10931  set EMWS3.em_nodeid;
10932  where upcase(NODEID) = upcase("Tree");
10933  call symput('_MODELDESC', strip(tranwrd(LABEL, '"', '""')));
10934  run;

NOTE: There were 1 observations read from the data set EMWS3.EM_NODEID.
      WHERE UPCASE(NODEID)='TREE';
NOTE: DATA statement used (Total process time):
      real time           0.01 seconds
      cpu time            0.01 seconds
      

10935  data EMWS3.MdlComp_EMOUTFIT;
10936  length PARENT $16 MODEL $16 MODELDESCRIPTION $81 TARGET $32 TARGETLABEL $200;
10937  label PARENT = "%sysfunc(sasmsg(sashelp.dmine, rpt_parent_vlabel  ,  NOQUOTE))" MODEL = "%sysfunc(sasmsg(sashelp.dmine, rpt_modelnode_vlabel, NOQUOTE))" MODELDESCRIPTION = "%sysfunc(sasmsg(sashelp.dmine, rpt_modeldesc_vlabel, NOQUOTE))" TARGETLABEL
10937! =
10938     "%sysfunc(sasmsg(sashelp.dmine, meta_targetlabel_vlabel, NOQUOTE))";
10939  retain parent "Tree" MODEL "Tree" MODELDESCRIPTION "Interactive Mode" TARGETLABEL "Replacement: updownInd";
10940  set WORK.Tree_OUTFIT;
10941  where upcase(TARGET) = upcase("REP_updownInd");
10942  run;

NOTE: There were 1 observations read from the data set WORK.TREE_OUTFIT.
      WHERE UPCASE(TARGET)='REP_UPDOWNIND';
NOTE: The data set EMWS3.MDLCOMP_EMOUTFIT has 1 observations and 20 variables.
NOTE: DATA statement used (Total process time):
      real time           0.02 seconds
      cpu time            0.03 seconds
      

10943  data _null_;
10944  set EMWS3.em_nodeid;
10945  where upcase(NODEID) = upcase("Tree");
10946  call symput('_MODELDESC', strip(tranwrd(LABEL, '"', '""')));
10947  run;

NOTE: There were 1 observations read from the data set EMWS3.EM_NODEID.
      WHERE UPCASE(NODEID)='TREE';
NOTE: DATA statement used (Total process time):
      real time           0.00 seconds
      cpu time            0.01 seconds
      

10948  data EMWS3.MdlComp_EMCLASSIFICATION;
10949  length PARENT $16 MODEL $16 MODELDESCRIPTION $81 DATAROLE $20 TARGET $32 TARGETLABEL $200;
10950  label PARENT = "%sysfunc(sasmsg(sashelp.dmine, rpt_parent_vlabel  ,  NOQUOTE))" MODEL = "%sysfunc(sasmsg(sashelp.dmine, rpt_modelnode_vlabel, NOQUOTE))" MODELDESCRIPTION = "%sysfunc(sasmsg(sashelp.dmine, rpt_modeldesc_vlabel, NOQUOTE))" TARGETLABEL
10950! =
10951     "%sysfunc(sasmsg(sashelp.dmine, meta_targetlabel_vlabel, NOQUOTE))";
10952  retain parent "Tree" MODEL "Tree" MODELDESCRIPTION "Interactive Mode" TARGETLABEL "Replacement: updownInd";
10953  set EMWS3.Tree_EMCLASSIFICATION;
10954  where upcase(TARGET) = upcase("REP_updownInd");
10955  run;

NOTE: There were 18 observations read from the data set EMWS3.TREE_EMCLASSIFICATION.
      WHERE UPCASE(TARGET)='REP_UPDOWNIND';
NOTE: The data set EMWS3.MDLCOMP_EMCLASSIFICATION has 18 observations and 15 variables.
NOTE: DATA statement used (Total process time):
      real time           0.03 seconds
      cpu time            0.04 seconds
      

10956  data _null_;
10957  set EMWS3.em_nodeid;
10958  where upcase(NODEID) = upcase("Tree");
10959  call symput('_MODELDESC', strip(tranwrd(LABEL, '"', '""')));
10960  run;

NOTE: There were 1 observations read from the data set EMWS3.EM_NODEID.
      WHERE UPCASE(NODEID)='TREE';
NOTE: DATA statement used (Total process time):
      real time           0.01 seconds
      cpu time            0.01 seconds
      

10961  data EMWS3.MdlComp_EMEVENTREPORT;
10962  length PARENT $16 MODEL $16 MODELDESCRIPTION $81 DATAROLE $20 TARGET $32 TARGETLABEL $200;
10963  label PARENT = "%sysfunc(sasmsg(sashelp.dmine, rpt_parent_vlabel  ,  NOQUOTE))" MODEL = "%sysfunc(sasmsg(sashelp.dmine, rpt_modelnode_vlabel, NOQUOTE))" MODELDESCRIPTION = "%sysfunc(sasmsg(sashelp.dmine, rpt_modeldesc_vlabel, NOQUOTE))" TARGETLABEL
10963! =
10964     "%sysfunc(sasmsg(sashelp.dmine, meta_targetlabel_vlabel, NOQUOTE))";
10965  retain parent "Tree" MODEL "Tree" MODELDESCRIPTION "Interactive Mode" TARGETLABEL "Replacement: updownInd";
10966  set EMWS3.Tree_EMEVENTREPORT;
10967  where upcase(TARGET) = upcase("REP_updownInd");
10968  run;

NOTE: There were 2 observations read from the data set EMWS3.TREE_EMEVENTREPORT.
      WHERE UPCASE(TARGET)='REP_UPDOWNIND';
NOTE: The data set EMWS3.MDLCOMP_EMEVENTREPORT has 2 observations and 10 variables.
NOTE: DATA statement used (Total process time):
      real time           0.03 seconds
      cpu time            0.03 seconds
      

10969  data _null_;
10970  set EMWS3.em_nodeid;
10971  where upcase(NODEID) = upcase("Tree2");
10972  call symput('_MODELDESC', strip(tranwrd(LABEL, '"', '""')));
10973  run;

NOTE: There were 1 observations read from the data set EMWS3.EM_NODEID.
      WHERE UPCASE(NODEID)='TREE2';
NOTE: DATA statement used (Total process time):
      real time           0.00 seconds
      cpu time            0.00 seconds
      

10974  data work.MdlComp_TEMP;
10975  length PARENT $16 MODEL $16 MODELDESCRIPTION $81 DATAROLE $20 TARGET $32 TARGETLABEL $200;
10976  label PARENT = "%sysfunc(sasmsg(sashelp.dmine, rpt_parent_vlabel  ,  NOQUOTE))" MODEL = "%sysfunc(sasmsg(sashelp.dmine, rpt_modelnode_vlabel, NOQUOTE))" MODELDESCRIPTION = "%sysfunc(sasmsg(sashelp.dmine, rpt_modeldesc_vlabel, NOQUOTE))" TARGET =
10977     "%sysfunc(sasmsg(sashelp.dmine, rpt_targetvar_vlabel, NOQUOTE))" TARGETLABEL = "%sysfunc(sasmsg(sashelp.dmine, meta_targetlabel_vlabel, NOQUOTE))";
10978  retain parent "Tree2" MODEL "Tree2" MODELDESCRIPTION "Maximal Tree" TARGETLABEL "Replacement: updownInd";
10979  set EMWS3.Tree2_EMRANK;
10980  where upcase(TARGET) = upcase("REP_updownInd");
10981  run;

NOTE: There were 40 observations read from the data set EMWS3.TREE2_EMRANK.
      WHERE UPCASE(TARGET)='REP_UPDOWNIND';
NOTE: The data set WORK.MDLCOMP_TEMP has 40 observations and 38 variables.
NOTE: DATA statement used (Total process time):
      real time           0.03 seconds
      cpu time            0.03 seconds
      

10982  data EMWS3.MdlComp_EMRANK;
10983  set EMWS3.MdlComp_EMRANK work.MdlComp_TEMP;
10984  run;

NOTE: There were 40 observations read from the data set EMWS3.MDLCOMP_EMRANK.
NOTE: There were 40 observations read from the data set WORK.MDLCOMP_TEMP.
NOTE: The data set EMWS3.MDLCOMP_EMRANK has 80 observations and 38 variables.
NOTE: DATA statement used (Total process time):
      real time           0.01 seconds
      cpu time            0.01 seconds
      

10985  data _null_;
10986  set EMWS3.em_nodeid;
10987  where upcase(NODEID) = upcase("Tree2");
10988  call symput('_MODELDESC', strip(tranwrd(LABEL, '"', '""')));
10989  run;

NOTE: There were 1 observations read from the data set EMWS3.EM_NODEID.
      WHERE UPCASE(NODEID)='TREE2';
NOTE: DATA statement used (Total process time):
      real time           0.00 seconds
      cpu time            0.01 seconds
      

10990  data work.MdlComp_TEMP;
10991  length PARENT $16 MODEL $16 MODELDESCRIPTION $81 DATAROLE $20 TARGET $32 TARGETLABEL $200;
10992  label PARENT = "%sysfunc(sasmsg(sashelp.dmine, rpt_parent_vlabel  ,  NOQUOTE))" MODEL = "%sysfunc(sasmsg(sashelp.dmine, rpt_modelnode_vlabel, NOQUOTE))" MODELDESCRIPTION = "%sysfunc(sasmsg(sashelp.dmine, rpt_modeldesc_vlabel, NOQUOTE))" TARGET =
10993     "%sysfunc(sasmsg(sashelp.dmine, rpt_targetvar_vlabel, NOQUOTE))" TARGETLABEL = "%sysfunc(sasmsg(sashelp.dmine, meta_targetlabel_vlabel, NOQUOTE))";
10994  retain parent "Tree2" MODEL "Tree2" MODELDESCRIPTION "Maximal Tree" TARGETLABEL "Replacement: updownInd";
10995  set EMWS3.Tree2_EMSCOREDIST;
10996  where upcase(TARGET) = upcase("REP_updownInd");
10997  run;

NOTE: There were 16 observations read from the data set EMWS3.TREE2_EMSCOREDIST.
      WHERE UPCASE(TARGET)='REP_UPDOWNIND';
NOTE: The data set WORK.MDLCOMP_TEMP has 16 observations and 24 variables.
NOTE: DATA statement used (Total process time):
      real time           0.02 seconds
      cpu time            0.03 seconds
      

10998  data EMWS3.MdlComp_EMSCOREDIST;
10999  set EMWS3.MdlComp_EMSCOREDIST work.MdlComp_TEMP;
11000  run;

NOTE: There were 10 observations read from the data set EMWS3.MDLCOMP_EMSCOREDIST.
NOTE: There were 16 observations read from the data set WORK.MDLCOMP_TEMP.
NOTE: The data set EMWS3.MDLCOMP_EMSCOREDIST has 26 observations and 24 variables.
NOTE: DATA statement used (Total process time):
      real time           0.01 seconds
      cpu time            0.01 seconds
      

Executing  SASHELP.EMCORE.EMINFOITERATOR.SCL _INIT >> 
Executing  SASHELP.EMCORE.EMINFOITERATOR.SCL SETMETADATA >> 
NOTE: There were 1 observations read from the data set EMWS3.TREE2_EMINFO.
      WHERE (TARGET='REP_updownInd') and (KEY='DECMETA');
NOTE: The data set WORK.EMINFO41P7XYTL has 1 observations and 3 variables.
Executing  SASHELP.EMCORE.EMINFOITERATOR.SCL next >> 
Executing  SASHELP.EMCORE.EMINFOITERATOR.SCL next >> 
Executing  SASHELP.EMCORE.EMINFOITERATOR.SCL SETMETADATA >> 
NOTE: There were 1 observations read from the data set EMWS3.TREE2_EMINFO.
      WHERE (TARGET='REP_updownInd') and (KEY='DECDATA');
NOTE: The data set WORK.EMINFO41P7XYTL has 1 observations and 3 variables.
Executing  SASHELP.EMCORE.EMINFOITERATOR.SCL next >> 
Executing  SASHELP.EMCORE.EMINFOITERATOR.SCL next >> 
Executing  SASHELP.EMCORE.EMINFOITERATOR.SCL _term >> 
11001  data WORK.Tree2_OUTFIT;
11002  set EMWS3.Tree2_EMOUTFIT;
11003  run;

NOTE: There were 1 observations read from the data set EMWS3.TREE2_EMOUTFIT.
NOTE: The data set WORK.TREE2_OUTFIT has 1 observations and 17 variables.
NOTE: DATA statement used (Total process time):
      real time           0.01 seconds
      cpu time            0.01 seconds
      

11004  data _null_;
11005  set EMWS3.em_nodeid;
11006  where upcase(NODEID) = upcase("Tree2");
11007  call symput('_MODELDESC', strip(tranwrd(LABEL, '"', '""')));
11008  run;

NOTE: There were 1 observations read from the data set EMWS3.EM_NODEID.
      WHERE UPCASE(NODEID)='TREE2';
NOTE: DATA statement used (Total process time):
      real time           0.00 seconds
      cpu time            0.01 seconds
      

11009  data work.MdlComp_TEMP;
11010  length PARENT $16 MODEL $16 MODELDESCRIPTION $81 TARGET $32 TARGETLABEL $200;
11011  label PARENT = "%sysfunc(sasmsg(sashelp.dmine, rpt_parent_vlabel  ,  NOQUOTE))" MODEL = "%sysfunc(sasmsg(sashelp.dmine, rpt_modelnode_vlabel, NOQUOTE))" MODELDESCRIPTION = "%sysfunc(sasmsg(sashelp.dmine, rpt_modeldesc_vlabel, NOQUOTE))" TARGET =
11012     "%sysfunc(sasmsg(sashelp.dmine, rpt_targetvar_vlabel, NOQUOTE))" TARGETLABEL = "%sysfunc(sasmsg(sashelp.dmine, meta_targetlabel_vlabel, NOQUOTE))";
11013  retain parent "Tree2" MODEL "Tree2" MODELDESCRIPTION "Maximal Tree" TARGETLABEL "Replacement: updownInd";
11014  set WORK.Tree2_OUTFIT;
11015  where upcase(TARGET) = upcase("REP_updownInd");
11016  run;

NOTE: There were 1 observations read from the data set WORK.TREE2_OUTFIT.
      WHERE UPCASE(TARGET)='REP_UPDOWNIND';
NOTE: The data set WORK.MDLCOMP_TEMP has 1 observations and 20 variables.
NOTE: DATA statement used (Total process time):
      real time           0.03 seconds
      cpu time            0.01 seconds
      

11017  data EMWS3.MdlComp_EMOUTFIT;
11018  set EMWS3.MdlComp_EMOUTFIT work.MdlComp_TEMP;
11019  run;

NOTE: There were 1 observations read from the data set EMWS3.MDLCOMP_EMOUTFIT.
NOTE: There were 1 observations read from the data set WORK.MDLCOMP_TEMP.
NOTE: The data set EMWS3.MDLCOMP_EMOUTFIT has 2 observations and 20 variables.
NOTE: DATA statement used (Total process time):
      real time           0.04 seconds
      cpu time            0.01 seconds
      

11020  data _null_;
11021  set EMWS3.em_nodeid;
11022  where upcase(NODEID) = upcase("Tree2");
11023  call symput('_MODELDESC', strip(tranwrd(LABEL, '"', '""')));
11024  run;

NOTE: There were 1 observations read from the data set EMWS3.EM_NODEID.
      WHERE UPCASE(NODEID)='TREE2';
NOTE: DATA statement used (Total process time):
      real time           0.00 seconds
      cpu time            0.01 seconds
      

11025  data work.MdlComp_TEMP;
11026  length PARENT $16 MODEL $16 MODELDESCRIPTION $81 DATAROLE $20 TARGET $32 TARGETLABEL $200;
11027  label PARENT = "%sysfunc(sasmsg(sashelp.dmine, rpt_parent_vlabel  ,  NOQUOTE))" MODEL = "%sysfunc(sasmsg(sashelp.dmine, rpt_modelnode_vlabel, NOQUOTE))" MODELDESCRIPTION = "%sysfunc(sasmsg(sashelp.dmine, rpt_modeldesc_vlabel, NOQUOTE))" TARGET =
11028     "%sysfunc(sasmsg(sashelp.dmine, rpt_targetvar_vlabel, NOQUOTE))" TARGETLABEL = "%sysfunc(sasmsg(sashelp.dmine, meta_targetlabel_vlabel, NOQUOTE))";
11029  retain parent "Tree2" MODEL "Tree2" MODELDESCRIPTION "Maximal Tree" TARGETLABEL "Replacement: updownInd";
11030  set EMWS3.Tree2_EMCLASSIFICATION;
11031  where upcase(TARGET) = upcase("REP_updownInd");
11032  run;

NOTE: There were 18 observations read from the data set EMWS3.TREE2_EMCLASSIFICATION.
      WHERE UPCASE(TARGET)='REP_UPDOWNIND';
NOTE: The data set WORK.MDLCOMP_TEMP has 18 observations and 15 variables.
NOTE: DATA statement used (Total process time):
      real time           0.03 seconds
      cpu time            0.04 seconds
      

11033  data EMWS3.MdlComp_EMCLASSIFICATION;
11034  set EMWS3.MdlComp_EMCLASSIFICATION work.MdlComp_TEMP;
11035  run;

NOTE: There were 18 observations read from the data set EMWS3.MDLCOMP_EMCLASSIFICATION.
NOTE: There were 18 observations read from the data set WORK.MDLCOMP_TEMP.
NOTE: The data set EMWS3.MDLCOMP_EMCLASSIFICATION has 36 observations and 15 variables.
NOTE: DATA statement used (Total process time):
      real time           0.04 seconds
      cpu time            0.00 seconds
      

11036  data _null_;
11037  set EMWS3.em_nodeid;
11038  where upcase(NODEID) = upcase("Tree2");
11039  call symput('_MODELDESC', strip(tranwrd(LABEL, '"', '""')));
11040  run;

NOTE: There were 1 observations read from the data set EMWS3.EM_NODEID.
      WHERE UPCASE(NODEID)='TREE2';
NOTE: DATA statement used (Total process time):
      real time           0.01 seconds
      cpu time            0.01 seconds
      

11041  data work.MdlComp_TEMP;
11042  length PARENT $16 MODEL $16 MODELDESCRIPTION $81 DATAROLE $20 TARGET $32 TARGETLABEL $200;
11043  label PARENT = "%sysfunc(sasmsg(sashelp.dmine, rpt_parent_vlabel  ,  NOQUOTE))" MODEL = "%sysfunc(sasmsg(sashelp.dmine, rpt_modelnode_vlabel, NOQUOTE))" MODELDESCRIPTION = "%sysfunc(sasmsg(sashelp.dmine, rpt_modeldesc_vlabel, NOQUOTE))" TARGET =
11044     "%sysfunc(sasmsg(sashelp.dmine, rpt_targetvar_vlabel, NOQUOTE))" TARGETLABEL = "%sysfunc(sasmsg(sashelp.dmine, meta_targetlabel_vlabel, NOQUOTE))";
11045  retain parent "Tree2" MODEL "Tree2" MODELDESCRIPTION "Maximal Tree" TARGETLABEL "Replacement: updownInd";
11046  set EMWS3.Tree2_EMEVENTREPORT;
11047  where upcase(TARGET) = upcase("REP_updownInd");
11048  run;

NOTE: There were 2 observations read from the data set EMWS3.TREE2_EMEVENTREPORT.
      WHERE UPCASE(TARGET)='REP_UPDOWNIND';
NOTE: The data set WORK.MDLCOMP_TEMP has 2 observations and 10 variables.
NOTE: DATA statement used (Total process time):
      real time           0.04 seconds
      cpu time            0.03 seconds
      

11049  data EMWS3.MdlComp_EMEVENTREPORT;
11050  set EMWS3.MdlComp_EMEVENTREPORT work.MdlComp_TEMP;
11051  run;

NOTE: There were 2 observations read from the data set EMWS3.MDLCOMP_EMEVENTREPORT.
NOTE: There were 2 observations read from the data set WORK.MDLCOMP_TEMP.
NOTE: The data set EMWS3.MDLCOMP_EMEVENTREPORT has 4 observations and 10 variables.
NOTE: DATA statement used (Total process time):
      real time           0.02 seconds
      cpu time            0.01 seconds
      

11052  data _null_;
11053  set EMWS3.em_nodeid;
11054  where upcase(NODEID) = upcase("Tree3");
11055  call symput('_MODELDESC', strip(tranwrd(LABEL, '"', '""')));
11056  run;

NOTE: There were 1 observations read from the data set EMWS3.EM_NODEID.
      WHERE UPCASE(NODEID)='TREE3';
NOTE: DATA statement used (Total process time):
      real time           0.00 seconds
      cpu time            0.00 seconds
      

11057  data work.MdlComp_TEMP;
11058  length PARENT $16 MODEL $16 MODELDESCRIPTION $81 DATAROLE $20 TARGET $32 TARGETLABEL $200;
11059  label PARENT = "%sysfunc(sasmsg(sashelp.dmine, rpt_parent_vlabel  ,  NOQUOTE))" MODEL = "%sysfunc(sasmsg(sashelp.dmine, rpt_modelnode_vlabel, NOQUOTE))" MODELDESCRIPTION = "%sysfunc(sasmsg(sashelp.dmine, rpt_modeldesc_vlabel, NOQUOTE))" TARGET =
11060     "%sysfunc(sasmsg(sashelp.dmine, rpt_targetvar_vlabel, NOQUOTE))" TARGETLABEL = "%sysfunc(sasmsg(sashelp.dmine, meta_targetlabel_vlabel, NOQUOTE))";
11061  retain parent "Tree3" MODEL "Tree3" MODELDESCRIPTION "Frozen Tree" TARGETLABEL "Replacement: updownInd";
11062  set EMWS3.Tree3_EMRANK;
11063  where upcase(TARGET) = upcase("REP_updownInd");
11064  run;

NOTE: There were 40 observations read from the data set EMWS3.TREE3_EMRANK.
      WHERE UPCASE(TARGET)='REP_UPDOWNIND';
NOTE: The data set WORK.MDLCOMP_TEMP has 40 observations and 38 variables.
NOTE: DATA statement used (Total process time):
      real time           0.02 seconds
      cpu time            0.01 seconds
      

11065  data EMWS3.MdlComp_EMRANK;
11066  set EMWS3.MdlComp_EMRANK work.MdlComp_TEMP;
11067  run;

NOTE: There were 80 observations read from the data set EMWS3.MDLCOMP_EMRANK.
NOTE: There were 40 observations read from the data set WORK.MDLCOMP_TEMP.
NOTE: The data set EMWS3.MDLCOMP_EMRANK has 120 observations and 38 variables.
NOTE: DATA statement used (Total process time):
      real time           0.03 seconds
      cpu time            0.04 seconds
      

11068  data _null_;
11069  set EMWS3.em_nodeid;
11070  where upcase(NODEID) = upcase("Tree3");
11071  call symput('_MODELDESC', strip(tranwrd(LABEL, '"', '""')));
11072  run;

NOTE: There were 1 observations read from the data set EMWS3.EM_NODEID.
      WHERE UPCASE(NODEID)='TREE3';
NOTE: DATA statement used (Total process time):
      real time           0.00 seconds
      cpu time            0.00 seconds
      

11073  data work.MdlComp_TEMP;
11074  length PARENT $16 MODEL $16 MODELDESCRIPTION $81 DATAROLE $20 TARGET $32 TARGETLABEL $200;
11075  label PARENT = "%sysfunc(sasmsg(sashelp.dmine, rpt_parent_vlabel  ,  NOQUOTE))" MODEL = "%sysfunc(sasmsg(sashelp.dmine, rpt_modelnode_vlabel, NOQUOTE))" MODELDESCRIPTION = "%sysfunc(sasmsg(sashelp.dmine, rpt_modeldesc_vlabel, NOQUOTE))" TARGET =
11076     "%sysfunc(sasmsg(sashelp.dmine, rpt_targetvar_vlabel, NOQUOTE))" TARGETLABEL = "%sysfunc(sasmsg(sashelp.dmine, meta_targetlabel_vlabel, NOQUOTE))";
11077  retain parent "Tree3" MODEL "Tree3" MODELDESCRIPTION "Frozen Tree" TARGETLABEL "Replacement: updownInd";
11078  set EMWS3.Tree3_EMSCOREDIST;
11079  where upcase(TARGET) = upcase("REP_updownInd");
11080  run;

NOTE: There were 16 observations read from the data set EMWS3.TREE3_EMSCOREDIST.
      WHERE UPCASE(TARGET)='REP_UPDOWNIND';
NOTE: The data set WORK.MDLCOMP_TEMP has 16 observations and 24 variables.
NOTE: DATA statement used (Total process time):
      real time           0.04 seconds
      cpu time            0.04 seconds
      

11081  data EMWS3.MdlComp_EMSCOREDIST;
11082  set EMWS3.MdlComp_EMSCOREDIST work.MdlComp_TEMP;
11083  run;

NOTE: There were 26 observations read from the data set EMWS3.MDLCOMP_EMSCOREDIST.
NOTE: There were 16 observations read from the data set WORK.MDLCOMP_TEMP.
NOTE: The data set EMWS3.MDLCOMP_EMSCOREDIST has 42 observations and 24 variables.
NOTE: DATA statement used (Total process time):
      real time           0.02 seconds
      cpu time            0.03 seconds
      

Executing  SASHELP.EMCORE.EMINFOITERATOR.SCL _INIT >> 
Executing  SASHELP.EMCORE.EMINFOITERATOR.SCL SETMETADATA >> 
NOTE: There were 1 observations read from the data set EMWS3.TREE3_EMINFO.
      WHERE (TARGET='REP_updownInd') and (KEY='DECMETA');
NOTE: The data set WORK.EMINFO4152PJ0U has 1 observations and 3 variables.
Executing  SASHELP.EMCORE.EMINFOITERATOR.SCL next >> 
Executing  SASHELP.EMCORE.EMINFOITERATOR.SCL next >> 
Executing  SASHELP.EMCORE.EMINFOITERATOR.SCL SETMETADATA >> 
NOTE: There were 1 observations read from the data set EMWS3.TREE3_EMINFO.
      WHERE (TARGET='REP_updownInd') and (KEY='DECDATA');
NOTE: The data set WORK.EMINFO4152PJ0U has 1 observations and 3 variables.
Executing  SASHELP.EMCORE.EMINFOITERATOR.SCL next >> 
Executing  SASHELP.EMCORE.EMINFOITERATOR.SCL next >> 
Executing  SASHELP.EMCORE.EMINFOITERATOR.SCL _term >> 
11084  data WORK.Tree3_OUTFIT;
11085  set EMWS3.Tree3_EMOUTFIT;
11086  run;

NOTE: There were 1 observations read from the data set EMWS3.TREE3_EMOUTFIT.
NOTE: The data set WORK.TREE3_OUTFIT has 1 observations and 17 variables.
NOTE: DATA statement used (Total process time):
      real time           0.01 seconds
      cpu time            0.00 seconds
      

11087  data _null_;
11088  set EMWS3.em_nodeid;
11089  where upcase(NODEID) = upcase("Tree3");
11090  call symput('_MODELDESC', strip(tranwrd(LABEL, '"', '""')));
11091  run;

NOTE: There were 1 observations read from the data set EMWS3.EM_NODEID.
      WHERE UPCASE(NODEID)='TREE3';
NOTE: DATA statement used (Total process time):
      real time           0.00 seconds
      cpu time            0.00 seconds
      

11092  data work.MdlComp_TEMP;
11093  length PARENT $16 MODEL $16 MODELDESCRIPTION $81 TARGET $32 TARGETLABEL $200;
11094  label PARENT = "%sysfunc(sasmsg(sashelp.dmine, rpt_parent_vlabel  ,  NOQUOTE))" MODEL = "%sysfunc(sasmsg(sashelp.dmine, rpt_modelnode_vlabel, NOQUOTE))" MODELDESCRIPTION = "%sysfunc(sasmsg(sashelp.dmine, rpt_modeldesc_vlabel, NOQUOTE))" TARGET =
11095     "%sysfunc(sasmsg(sashelp.dmine, rpt_targetvar_vlabel, NOQUOTE))" TARGETLABEL = "%sysfunc(sasmsg(sashelp.dmine, meta_targetlabel_vlabel, NOQUOTE))";
11096  retain parent "Tree3" MODEL "Tree3" MODELDESCRIPTION "Frozen Tree" TARGETLABEL "Replacement: updownInd";
11097  set WORK.Tree3_OUTFIT;
11098  where upcase(TARGET) = upcase("REP_updownInd");
11099  run;

NOTE: There were 1 observations read from the data set WORK.TREE3_OUTFIT.
      WHERE UPCASE(TARGET)='REP_UPDOWNIND';
NOTE: The data set WORK.MDLCOMP_TEMP has 1 observations and 20 variables.
NOTE: DATA statement used (Total process time):
      real time           0.02 seconds
      cpu time            0.03 seconds
      

11100  data EMWS3.MdlComp_EMOUTFIT;
11101  set EMWS3.MdlComp_EMOUTFIT work.MdlComp_TEMP;
11102  run;

NOTE: There were 2 observations read from the data set EMWS3.MDLCOMP_EMOUTFIT.
NOTE: There were 1 observations read from the data set WORK.MDLCOMP_TEMP.
NOTE: The data set EMWS3.MDLCOMP_EMOUTFIT has 3 observations and 20 variables.
NOTE: DATA statement used (Total process time):
      real time           0.01 seconds
      cpu time            0.01 seconds
      

11103  data _null_;
11104  set EMWS3.em_nodeid;
11105  where upcase(NODEID) = upcase("Tree3");
11106  call symput('_MODELDESC', strip(tranwrd(LABEL, '"', '""')));
11107  run;

NOTE: There were 1 observations read from the data set EMWS3.EM_NODEID.
      WHERE UPCASE(NODEID)='TREE3';
NOTE: DATA statement used (Total process time):
      real time           0.01 seconds
      cpu time            0.01 seconds
      

11108  data work.MdlComp_TEMP;
11109  length PARENT $16 MODEL $16 MODELDESCRIPTION $81 DATAROLE $20 TARGET $32 TARGETLABEL $200;
11110  label PARENT = "%sysfunc(sasmsg(sashelp.dmine, rpt_parent_vlabel  ,  NOQUOTE))" MODEL = "%sysfunc(sasmsg(sashelp.dmine, rpt_modelnode_vlabel, NOQUOTE))" MODELDESCRIPTION = "%sysfunc(sasmsg(sashelp.dmine, rpt_modeldesc_vlabel, NOQUOTE))" TARGET =
11111     "%sysfunc(sasmsg(sashelp.dmine, rpt_targetvar_vlabel, NOQUOTE))" TARGETLABEL = "%sysfunc(sasmsg(sashelp.dmine, meta_targetlabel_vlabel, NOQUOTE))";
11112  retain parent "Tree3" MODEL "Tree3" MODELDESCRIPTION "Frozen Tree" TARGETLABEL "Replacement: updownInd";
11113  set EMWS3.Tree3_EMCLASSIFICATION;
11114  where upcase(TARGET) = upcase("REP_updownInd");
11115  run;

NOTE: There were 18 observations read from the data set EMWS3.TREE3_EMCLASSIFICATION.
      WHERE UPCASE(TARGET)='REP_UPDOWNIND';
NOTE: The data set WORK.MDLCOMP_TEMP has 18 observations and 15 variables.
NOTE: DATA statement used (Total process time):
      real time           0.02 seconds
      cpu time            0.03 seconds
      

11116  data EMWS3.MdlComp_EMCLASSIFICATION;
11117  set EMWS3.MdlComp_EMCLASSIFICATION work.MdlComp_TEMP;
11118  run;

NOTE: There were 36 observations read from the data set EMWS3.MDLCOMP_EMCLASSIFICATION.
NOTE: There were 18 observations read from the data set WORK.MDLCOMP_TEMP.
NOTE: The data set EMWS3.MDLCOMP_EMCLASSIFICATION has 54 observations and 15 variables.
NOTE: DATA statement used (Total process time):
      real time           0.01 seconds
      cpu time            0.01 seconds
      

11119  data _null_;
11120  set EMWS3.em_nodeid;
11121  where upcase(NODEID) = upcase("Tree3");
11122  call symput('_MODELDESC', strip(tranwrd(LABEL, '"', '""')));
11123  run;

NOTE: There were 1 observations read from the data set EMWS3.EM_NODEID.
      WHERE UPCASE(NODEID)='TREE3';
NOTE: DATA statement used (Total process time):
      real time           0.01 seconds
      cpu time            0.01 seconds
      

11124  data work.MdlComp_TEMP;
11125  length PARENT $16 MODEL $16 MODELDESCRIPTION $81 DATAROLE $20 TARGET $32 TARGETLABEL $200;
11126  label PARENT = "%sysfunc(sasmsg(sashelp.dmine, rpt_parent_vlabel  ,  NOQUOTE))" MODEL = "%sysfunc(sasmsg(sashelp.dmine, rpt_modelnode_vlabel, NOQUOTE))" MODELDESCRIPTION = "%sysfunc(sasmsg(sashelp.dmine, rpt_modeldesc_vlabel, NOQUOTE))" TARGET =
11127     "%sysfunc(sasmsg(sashelp.dmine, rpt_targetvar_vlabel, NOQUOTE))" TARGETLABEL = "%sysfunc(sasmsg(sashelp.dmine, meta_targetlabel_vlabel, NOQUOTE))";
11128  retain parent "Tree3" MODEL "Tree3" MODELDESCRIPTION "Frozen Tree" TARGETLABEL "Replacement: updownInd";
11129  set EMWS3.Tree3_EMEVENTREPORT;
11130  where upcase(TARGET) = upcase("REP_updownInd");
11131  run;

NOTE: There were 2 observations read from the data set EMWS3.TREE3_EMEVENTREPORT.
      WHERE UPCASE(TARGET)='REP_UPDOWNIND';
NOTE: The data set WORK.MDLCOMP_TEMP has 2 observations and 10 variables.
NOTE: DATA statement used (Total process time):
      real time           0.04 seconds
      cpu time            0.04 seconds
      

11132  data EMWS3.MdlComp_EMEVENTREPORT;
11133  set EMWS3.MdlComp_EMEVENTREPORT work.MdlComp_TEMP;
11134  run;

NOTE: There were 4 observations read from the data set EMWS3.MDLCOMP_EMEVENTREPORT.
NOTE: There were 2 observations read from the data set WORK.MDLCOMP_TEMP.
NOTE: The data set EMWS3.MDLCOMP_EMEVENTREPORT has 6 observations and 10 variables.
NOTE: DATA statement used (Total process time):
      real time           0.01 seconds
      cpu time            0.01 seconds
      

11135  data _null_;
11136  set EMWS3.em_nodeid;
11137  where upcase(NODEID) = upcase("Tree4");
11138  call symput('_MODELDESC', strip(tranwrd(LABEL, '"', '""')));
11139  run;

NOTE: There were 1 observations read from the data set EMWS3.EM_NODEID.
      WHERE UPCASE(NODEID)='TREE4';
NOTE: DATA statement used (Total process time):
      real time           0.01 seconds
      cpu time            0.01 seconds
      

11140  data work.MdlComp_TEMP;
11141  length PARENT $16 MODEL $16 MODELDESCRIPTION $81 DATAROLE $20 TARGET $32 TARGETLABEL $200;
11142  label PARENT = "%sysfunc(sasmsg(sashelp.dmine, rpt_parent_vlabel  ,  NOQUOTE))" MODEL = "%sysfunc(sasmsg(sashelp.dmine, rpt_modelnode_vlabel, NOQUOTE))" MODELDESCRIPTION = "%sysfunc(sasmsg(sashelp.dmine, rpt_modeldesc_vlabel, NOQUOTE))" TARGET =
11143     "%sysfunc(sasmsg(sashelp.dmine, rpt_targetvar_vlabel, NOQUOTE))" TARGETLABEL = "%sysfunc(sasmsg(sashelp.dmine, meta_targetlabel_vlabel, NOQUOTE))";
11144  retain parent "Tree4" MODEL "Tree4" MODELDESCRIPTION "Probability Tree" TARGETLABEL "Replacement: updownInd";
11145  set EMWS3.Tree4_EMRANK;
11146  where upcase(TARGET) = upcase("REP_updownInd");
11147  run;

NOTE: There were 40 observations read from the data set EMWS3.TREE4_EMRANK.
      WHERE UPCASE(TARGET)='REP_UPDOWNIND';
NOTE: The data set WORK.MDLCOMP_TEMP has 40 observations and 38 variables.
NOTE: DATA statement used (Total process time):
      real time           0.02 seconds
      cpu time            0.03 seconds
      

11148  data EMWS3.MdlComp_EMRANK;
11149  set EMWS3.MdlComp_EMRANK work.MdlComp_TEMP;
11150  run;

NOTE: There were 120 observations read from the data set EMWS3.MDLCOMP_EMRANK.
NOTE: There were 40 observations read from the data set WORK.MDLCOMP_TEMP.
NOTE: The data set EMWS3.MDLCOMP_EMRANK has 160 observations and 38 variables.
NOTE: DATA statement used (Total process time):
      real time           0.01 seconds
      cpu time            0.01 seconds
      

11151  data _null_;
11152  set EMWS3.em_nodeid;
11153  where upcase(NODEID) = upcase("Tree4");
11154  call symput('_MODELDESC', strip(tranwrd(LABEL, '"', '""')));
11155  run;

NOTE: There were 1 observations read from the data set EMWS3.EM_NODEID.
      WHERE UPCASE(NODEID)='TREE4';
NOTE: DATA statement used (Total process time):
      real time           0.00 seconds
      cpu time            0.00 seconds
      

11156  data work.MdlComp_TEMP;
11157  length PARENT $16 MODEL $16 MODELDESCRIPTION $81 DATAROLE $20 TARGET $32 TARGETLABEL $200;
11158  label PARENT = "%sysfunc(sasmsg(sashelp.dmine, rpt_parent_vlabel  ,  NOQUOTE))" MODEL = "%sysfunc(sasmsg(sashelp.dmine, rpt_modelnode_vlabel, NOQUOTE))" MODELDESCRIPTION = "%sysfunc(sasmsg(sashelp.dmine, rpt_modeldesc_vlabel, NOQUOTE))" TARGET =
11159     "%sysfunc(sasmsg(sashelp.dmine, rpt_targetvar_vlabel, NOQUOTE))" TARGETLABEL = "%sysfunc(sasmsg(sashelp.dmine, meta_targetlabel_vlabel, NOQUOTE))";
11160  retain parent "Tree4" MODEL "Tree4" MODELDESCRIPTION "Probability Tree" TARGETLABEL "Replacement: updownInd";
11161  set EMWS3.Tree4_EMSCOREDIST;
11162  where upcase(TARGET) = upcase("REP_updownInd");
11163  run;

NOTE: There were 16 observations read from the data set EMWS3.TREE4_EMSCOREDIST.
      WHERE UPCASE(TARGET)='REP_UPDOWNIND';
NOTE: The data set WORK.MDLCOMP_TEMP has 16 observations and 24 variables.
NOTE: DATA statement used (Total process time):
      real time           0.01 seconds
      cpu time            0.03 seconds
      

11164  data EMWS3.MdlComp_EMSCOREDIST;
11165  set EMWS3.MdlComp_EMSCOREDIST work.MdlComp_TEMP;
11166  run;

NOTE: There were 42 observations read from the data set EMWS3.MDLCOMP_EMSCOREDIST.
NOTE: There were 16 observations read from the data set WORK.MDLCOMP_TEMP.
NOTE: The data set EMWS3.MDLCOMP_EMSCOREDIST has 58 observations and 24 variables.
NOTE: DATA statement used (Total process time):
      real time           0.01 seconds
      cpu time            0.00 seconds
      

Executing  SASHELP.EMCORE.EMINFOITERATOR.SCL _INIT >> 
Executing  SASHELP.EMCORE.EMINFOITERATOR.SCL SETMETADATA >> 
NOTE: There were 1 observations read from the data set EMWS3.TREE4_EMINFO.
      WHERE (TARGET='REP_updownInd') and (KEY='DECMETA');
NOTE: The data set WORK.EMINFO40BAPK3W has 1 observations and 3 variables.
Executing  SASHELP.EMCORE.EMINFOITERATOR.SCL next >> 
Executing  SASHELP.EMCORE.EMINFOITERATOR.SCL next >> 
Executing  SASHELP.EMCORE.EMINFOITERATOR.SCL SETMETADATA >> 
NOTE: There were 1 observations read from the data set EMWS3.TREE4_EMINFO.
      WHERE (TARGET='REP_updownInd') and (KEY='DECDATA');
NOTE: The data set WORK.EMINFO40BAPK3W has 1 observations and 3 variables.
Executing  SASHELP.EMCORE.EMINFOITERATOR.SCL next >> 
Executing  SASHELP.EMCORE.EMINFOITERATOR.SCL next >> 
Executing  SASHELP.EMCORE.EMINFOITERATOR.SCL _term >> 
11167  data WORK.Tree4_OUTFIT;
11168  set EMWS3.Tree4_EMOUTFIT;
11169  run;

NOTE: There were 1 observations read from the data set EMWS3.TREE4_EMOUTFIT.
NOTE: The data set WORK.TREE4_OUTFIT has 1 observations and 17 variables.
NOTE: DATA statement used (Total process time):
      real time           0.01 seconds
      cpu time            0.01 seconds
      

11170  data _null_;
11171  set EMWS3.em_nodeid;
11172  where upcase(NODEID) = upcase("Tree4");
11173  call symput('_MODELDESC', strip(tranwrd(LABEL, '"', '""')));
11174  run;

NOTE: There were 1 observations read from the data set EMWS3.EM_NODEID.
      WHERE UPCASE(NODEID)='TREE4';
NOTE: DATA statement used (Total process time):
      real time           0.01 seconds
      cpu time            0.00 seconds
      

11175  data work.MdlComp_TEMP;
11176  length PARENT $16 MODEL $16 MODELDESCRIPTION $81 TARGET $32 TARGETLABEL $200;
11177  label PARENT = "%sysfunc(sasmsg(sashelp.dmine, rpt_parent_vlabel  ,  NOQUOTE))" MODEL = "%sysfunc(sasmsg(sashelp.dmine, rpt_modelnode_vlabel, NOQUOTE))" MODELDESCRIPTION = "%sysfunc(sasmsg(sashelp.dmine, rpt_modeldesc_vlabel, NOQUOTE))" TARGET =
11178     "%sysfunc(sasmsg(sashelp.dmine, rpt_targetvar_vlabel, NOQUOTE))" TARGETLABEL = "%sysfunc(sasmsg(sashelp.dmine, meta_targetlabel_vlabel, NOQUOTE))";
11179  retain parent "Tree4" MODEL "Tree4" MODELDESCRIPTION "Probability Tree" TARGETLABEL "Replacement: updownInd";
11180  set WORK.Tree4_OUTFIT;
11181  where upcase(TARGET) = upcase("REP_updownInd");
11182  run;

NOTE: There were 1 observations read from the data set WORK.TREE4_OUTFIT.
      WHERE UPCASE(TARGET)='REP_UPDOWNIND';
NOTE: The data set WORK.MDLCOMP_TEMP has 1 observations and 20 variables.
NOTE: DATA statement used (Total process time):
      real time           0.01 seconds
      cpu time            0.01 seconds
      

11183  data EMWS3.MdlComp_EMOUTFIT;
11184  set EMWS3.MdlComp_EMOUTFIT work.MdlComp_TEMP;
11185  run;

NOTE: There were 3 observations read from the data set EMWS3.MDLCOMP_EMOUTFIT.
NOTE: There were 1 observations read from the data set WORK.MDLCOMP_TEMP.
NOTE: The data set EMWS3.MDLCOMP_EMOUTFIT has 4 observations and 20 variables.
NOTE: DATA statement used (Total process time):
      real time           0.01 seconds
      cpu time            0.03 seconds
      

11186  data _null_;
11187  set EMWS3.em_nodeid;
11188  where upcase(NODEID) = upcase("Tree4");
11189  call symput('_MODELDESC', strip(tranwrd(LABEL, '"', '""')));
11190  run;

NOTE: There were 1 observations read from the data set EMWS3.EM_NODEID.
      WHERE UPCASE(NODEID)='TREE4';
NOTE: DATA statement used (Total process time):
      real time           0.00 seconds
      cpu time            0.01 seconds
      

11191  data work.MdlComp_TEMP;
11192  length PARENT $16 MODEL $16 MODELDESCRIPTION $81 DATAROLE $20 TARGET $32 TARGETLABEL $200;
11193  label PARENT = "%sysfunc(sasmsg(sashelp.dmine, rpt_parent_vlabel  ,  NOQUOTE))" MODEL = "%sysfunc(sasmsg(sashelp.dmine, rpt_modelnode_vlabel, NOQUOTE))" MODELDESCRIPTION = "%sysfunc(sasmsg(sashelp.dmine, rpt_modeldesc_vlabel, NOQUOTE))" TARGET =
11194     "%sysfunc(sasmsg(sashelp.dmine, rpt_targetvar_vlabel, NOQUOTE))" TARGETLABEL = "%sysfunc(sasmsg(sashelp.dmine, meta_targetlabel_vlabel, NOQUOTE))";
11195  retain parent "Tree4" MODEL "Tree4" MODELDESCRIPTION "Probability Tree" TARGETLABEL "Replacement: updownInd";
11196  set EMWS3.Tree4_EMCLASSIFICATION;
11197  where upcase(TARGET) = upcase("REP_updownInd");
11198  run;

NOTE: There were 18 observations read from the data set EMWS3.TREE4_EMCLASSIFICATION.
      WHERE UPCASE(TARGET)='REP_UPDOWNIND';
NOTE: The data set WORK.MDLCOMP_TEMP has 18 observations and 15 variables.
NOTE: DATA statement used (Total process time):
      real time           0.07 seconds
      cpu time            0.06 seconds
      

11199  data EMWS3.MdlComp_EMCLASSIFICATION;
11200  set EMWS3.MdlComp_EMCLASSIFICATION work.MdlComp_TEMP;
11201  run;

NOTE: There were 54 observations read from the data set EMWS3.MDLCOMP_EMCLASSIFICATION.
NOTE: There were 18 observations read from the data set WORK.MDLCOMP_TEMP.
NOTE: The data set EMWS3.MDLCOMP_EMCLASSIFICATION has 72 observations and 15 variables.
NOTE: DATA statement used (Total process time):
      real time           0.01 seconds
      cpu time            0.00 seconds
      

11202  data _null_;
11203  set EMWS3.em_nodeid;
11204  where upcase(NODEID) = upcase("Tree4");
11205  call symput('_MODELDESC', strip(tranwrd(LABEL, '"', '""')));
11206  run;

NOTE: There were 1 observations read from the data set EMWS3.EM_NODEID.
      WHERE UPCASE(NODEID)='TREE4';
NOTE: DATA statement used (Total process time):
      real time           0.01 seconds
      cpu time            0.00 seconds
      

11207  data work.MdlComp_TEMP;
11208  length PARENT $16 MODEL $16 MODELDESCRIPTION $81 DATAROLE $20 TARGET $32 TARGETLABEL $200;
11209  label PARENT = "%sysfunc(sasmsg(sashelp.dmine, rpt_parent_vlabel  ,  NOQUOTE))" MODEL = "%sysfunc(sasmsg(sashelp.dmine, rpt_modelnode_vlabel, NOQUOTE))" MODELDESCRIPTION = "%sysfunc(sasmsg(sashelp.dmine, rpt_modeldesc_vlabel, NOQUOTE))" TARGET =
11210     "%sysfunc(sasmsg(sashelp.dmine, rpt_targetvar_vlabel, NOQUOTE))" TARGETLABEL = "%sysfunc(sasmsg(sashelp.dmine, meta_targetlabel_vlabel, NOQUOTE))";
11211  retain parent "Tree4" MODEL "Tree4" MODELDESCRIPTION "Probability Tree" TARGETLABEL "Replacement: updownInd";
11212  set EMWS3.Tree4_EMEVENTREPORT;
11213  where upcase(TARGET) = upcase("REP_updownInd");
11214  run;

NOTE: There were 2 observations read from the data set EMWS3.TREE4_EMEVENTREPORT.
      WHERE UPCASE(TARGET)='REP_UPDOWNIND';
NOTE: The data set WORK.MDLCOMP_TEMP has 2 observations and 10 variables.
NOTE: DATA statement used (Total process time):
      real time           0.02 seconds
      cpu time            0.03 seconds
      

11215  data EMWS3.MdlComp_EMEVENTREPORT;
11216  set EMWS3.MdlComp_EMEVENTREPORT work.MdlComp_TEMP;
11217  run;

NOTE: There were 6 observations read from the data set EMWS3.MDLCOMP_EMEVENTREPORT.
NOTE: There were 2 observations read from the data set WORK.MDLCOMP_TEMP.
NOTE: The data set EMWS3.MDLCOMP_EMEVENTREPORT has 8 observations and 10 variables.
NOTE: DATA statement used (Total process time):
      real time           0.01 seconds
      cpu time            0.01 seconds
      

*------------------------------------------------------------* 
* "Compute assessment statistics" 
*------------------------------------------------------------* 
Executing  SASHELP.EMCORE.EMINFOITERATOR.SCL _INIT >> 
Executing  SASHELP.EMCORE.EMINFOITERATOR.SCL SETMETADATA >> 
Executing  SASHELP.EMCORE.EMINFOITERATOR.SCL next >> 
Executing  SASHELP.EMCORE.EMINFOITERATOR.SCL next >> 
Executing  SASHELP.EMCORE.EMINFOITERATOR.SCL SETMETADATA >> 
Executing  SASHELP.EMCORE.EMINFOITERATOR.SCL next >> 
Executing  SASHELP.EMCORE.EMINFOITERATOR.SCL next >> 
Executing  SASHELP.EMCORE.EMINFOITERATOR.SCL _term >> 


























Executing  SASHELP.EMCORE.EMINFOITERATOR.SCL _INIT >> 
Executing  SASHELP.EMCORE.EMINFOITERATOR.SCL SETMETADATA >> 
Executing  SASHELP.EMCORE.EMINFOITERATOR.SCL next >> 
Executing  SASHELP.EMCORE.EMINFOITERATOR.SCL next >> 
Executing  SASHELP.EMCORE.EMINFOITERATOR.SCL SETMETADATA >> 
Executing  SASHELP.EMCORE.EMINFOITERATOR.SCL next >> 
Executing  SASHELP.EMCORE.EMINFOITERATOR.SCL next >> 
Executing  SASHELP.EMCORE.EMINFOITERATOR.SCL _term >> 


























Executing  SASHELP.EMCORE.EMINFOITERATOR.SCL _INIT >> 
Executing  SASHELP.EMCORE.EMINFOITERATOR.SCL SETMETADATA >> 
Executing  SASHELP.EMCORE.EMINFOITERATOR.SCL next >> 
Executing  SASHELP.EMCORE.EMINFOITERATOR.SCL next >> 
Executing  SASHELP.EMCORE.EMINFOITERATOR.SCL SETMETADATA >> 
Executing  SASHELP.EMCORE.EMINFOITERATOR.SCL next >> 
Executing  SASHELP.EMCORE.EMINFOITERATOR.SCL next >> 
Executing  SASHELP.EMCORE.EMINFOITERATOR.SCL _term >> 


























Executing  SASHELP.EMCORE.EMINFOITERATOR.SCL _INIT >> 
Executing  SASHELP.EMCORE.EMINFOITERATOR.SCL SETMETADATA >> 
Executing  SASHELP.EMCORE.EMINFOITERATOR.SCL next >> 
Executing  SASHELP.EMCORE.EMINFOITERATOR.SCL next >> 
Executing  SASHELP.EMCORE.EMINFOITERATOR.SCL SETMETADATA >> 
Executing  SASHELP.EMCORE.EMINFOITERATOR.SCL next >> 
Executing  SASHELP.EMCORE.EMINFOITERATOR.SCL next >> 
Executing  SASHELP.EMCORE.EMINFOITERATOR.SCL _term >> 


























11748  proc sort data=EMWS3.MdlComp_EMOUTFIT NOTHREADS;
11749  by model target;
11750  run;

NOTE: There were 4 observations read from the data set EMWS3.MDLCOMP_EMOUTFIT.
NOTE: The data set EMWS3.MDLCOMP_EMOUTFIT has 4 observations and 20 variables.
NOTE: PROCEDURE SORT used (Total process time):
      real time           0.00 seconds
      cpu time            0.00 seconds
      

11751  proc sort data=EMWS3.MdlComp_EMINDEX NOTHREADS;
11752  by model target;
11753  run;

NOTE: There were 4 observations read from the data set EMWS3.MDLCOMP_EMINDEX.
NOTE: The data set EMWS3.MDLCOMP_EMINDEX has 4 observations and 17 variables.
NOTE: PROCEDURE SORT used (Total process time):
      real time           0.00 seconds
      cpu time            0.00 seconds
      

11754  data EMWS3.MdlComp_EMOUTFIT;
11755  merge EMWS3.MdlComp_EMOUTFIT EMWS3.MdlComp_EMINDEX;
11756  label TARGET = "%sysfunc(sasmsg(sashelp.dmine, rpt_targetvar_vlabel,  NOQUOTE))";
11757  by model target;
11758  run;

NOTE: There were 4 observations read from the data set EMWS3.MDLCOMP_EMOUTFIT.
NOTE: There were 4 observations read from the data set EMWS3.MDLCOMP_EMINDEX.
NOTE: The data set EMWS3.MDLCOMP_EMOUTFIT has 4 observations and 32 variables.
NOTE: DATA statement used (Total process time):
      real time           0.01 seconds
      cpu time            0.00 seconds
      

11759  proc sort data=EMWS3.MdlComp_EMRANK(keep=DATAROLE DECILE MODEL GAIN LIFT LIFTC RESP
11759! RESPC CAP CAPC) out=_temp;
11760  by MODEL;
11761  where DECILE=10;
11762  run;

NOTE: There were 8 observations read from the data set EMWS3.MDLCOMP_EMRANK.
      WHERE DECILE=10;
NOTE: The data set WORK._TEMP has 8 observations and 10 variables.
NOTE: PROCEDURE SORT used (Total process time):
      real time           0.01 seconds
      cpu time            0.01 seconds
      

11763  data _temp;
11764  retain _GAIN_ _VGAIN_ _LIFT_ _LIFTC_ _VLIFT_ _VLIFTC_ _RESP_ _RESPC_ _VRESP_ _VRESPC_
11764! _CAP_ _CAPC_ _VCAP_ _VCAPC_ .;
11765  label _GAIN_ = "%sysfunc(sasmsg(sashelp.dmine, rpt_traingain_vlabel, NOQUOTE))" _VGAIN_
11765! = "%sysfunc(sasmsg(sashelp.dmine, rpt_validgain_vlabel, NOQUOTE))" _LIFT_ =
11765! "%sysfunc(sasmsg(sashelp.dmine, rpt_trainlift_vlabel, NOQUOTE))" _VLIFT_ =
11766     "%sysfunc(sasmsg(sashelp.dmine, rpt_validlift_vlabel, NOQUOTE))" _RESP_ =
11766! "%sysfunc(sasmsg(sashelp.dmine, rpt_trainresp_vlabel, NOQUOTE))" _VRESP_ =
11766! "%sysfunc(sasmsg(sashelp.dmine, rpt_validresp_vlabel, NOQUOTE))" _CAP_ =
11767     "%sysfunc(sasmsg(sashelp.dmine, rpt_traincap_vlabel,  NOQUOTE))" _VCAP_ =
11767! "%sysfunc(sasmsg(sashelp.dmine, rpt_validcap_vlabel,  NOQUOTE))" _LIFTC_ =
11767! "%sysfunc(sasmsg(sashelp.dmine, rpt_trainliftc_vlabel, NOQUOTE))" _VLIFTC_ =
11768     "%sysfunc(sasmsg(sashelp.dmine, rpt_validliftc_vlabel, NOQUOTE))" _RESPC_ =
11768! "%sysfunc(sasmsg(sashelp.dmine, rpt_trainrespc_vlabel, NOQUOTE))" _VRESPC_ =
11768! "%sysfunc(sasmsg(sashelp.dmine, rpt_validrespc_vlabel, NOQUOTE))" _CAPC_ =
11769     "%sysfunc(sasmsg(sashelp.dmine, rpt_traincapc_vlabel,  NOQUOTE))" _VCAPC_ =
11769! "%sysfunc(sasmsg(sashelp.dmine, rpt_validcapc_vlabel,  NOQUOTE))" _TGAIN_ =
11769! "%sysfunc(sasmsg(sashelp.dmine, rpt_testgain_vlabel,  NOQUOTE))" _TLIFT_ =
11770     "%sysfunc(sasmsg(sashelp.dmine, rpt_testlift_vlabel,   NOQUOTE))" _TRESP_ =
11770! "%sysfunc(sasmsg(sashelp.dmine, rpt_testresp_vlabel,  NOQUOTE))" _TCAP_ =
11770! "%sysfunc(sasmsg(sashelp.dmine, rpt_testcap_vlabel,   NOQUOTE))" _TLIFTC_ =
11771     "%sysfunc(sasmsg(sashelp.dmine, rpt_testliftc_vlabel,   NOQUOTE))" _TRESPC_ =
11771! "%sysfunc(sasmsg(sashelp.dmine, rpt_testrespc_vlabel,  NOQUOTE))" _TCAPC_ =
11771! "%sysfunc(sasmsg(sashelp.dmine, rpt_testcapc_vlabel,   NOQUOTE))";
11772  set _temp;
11773  by MODEL;
11774  if first.MODEL then do;
11775  _GAIN_=.;
11776  _VGAIN_=.;
11777  _TGAIN_=.;
11778  _LIFT_=.;
11779  _VLIFT_=.;
11780  _TLIFT_=.;
11781  _LIFTC_=.;
11782  _VLIFTC_=.;
11783  _TLIFTC_=.;
11784  _RESP_=.;
11785  _VRESP_=.;
11786  _TRESP_=.;
11787  _RESPC_=.;
11788  _VRESPC_=.;
11789  _TRESPC_=.;
11790  _CAP_=.;
11791  _VCAP_=.;
11792  _TCAP_=.;
11793  _CAPC_=.;
11794  _VCAPC_=.;
11795  _VCAPC_=.;
11796  end;
11797  select(DATAROLE);
11798  when('TRAIN') do;
11799  _GAIN_=GAIN;
11800  _LIFT_=LIFT;
11801  _LIFTC_=LIFTC;
11802  _RESP_=RESP;
11803  _RESPC_=RESPC;
11804  _CAP_=CAP;
11805  _CAPC_=CAPC;
11806  end;
11807  when('VALIDATE') do;
11808  _VGAIN_=GAIN;
11809  _VLIFT_=LIFT;
11810  _VLIFTC_=LIFTC;
11811  _VRESP_=RESP;
11812  _VRESPC_=RESPC;
11813  _VCAP_=CAP;
11814  _VCAPC_=CAPC;
11815  end;
11816  when('TEST') do;
11817  _TGAIN_=GAIN;
11818  _TLIFT_=LIFT;
11819  _TLIFTC_=LIFTC;
11820  _TRESP_=RESP;
11821  _TRESPC_=RESPC;
11822  _TCAP_=CAP;
11823  _TCAPC_=CAPC;
11824  end;
11825  otherwise;
11826  end;
11827  keep MODEL _GAIN_ _LIFT_ _LIFTC_ _RESP_ _RESPC_ _CAP_ _CAPC_
11828  _VGAIN_ _VLIFT_ _VLIFTC_ _VRESP_ _VRESPC_ _VCAP_ _VCAPC_
11829  ;
11830  if last.model then output;
11831  run;

NOTE: There were 8 observations read from the data set WORK._TEMP.
NOTE: The data set WORK._TEMP has 4 observations and 15 variables.
NOTE: DATA statement used (Total process time):
      real time           0.05 seconds
      cpu time            0.04 seconds
      

11832  proc sort data=EMWS3.MdlComp_EMOUTFIT;
11833  by MODEL;
11834  run;

NOTE: There were 4 observations read from the data set EMWS3.MDLCOMP_EMOUTFIT.
NOTE: The data set EMWS3.MDLCOMP_EMOUTFIT has 4 observations and 32 variables.
NOTE: PROCEDURE SORT used (Total process time):
      real time           0.01 seconds
      cpu time            0.01 seconds
      

11835  data EMWS3.MdlComp_EMOUTFIT;
11836  merge EMWS3.MdlComp_EMOUTFIT _temp;
11837  by MODEL;
11838  run;

NOTE: There were 4 observations read from the data set EMWS3.MDLCOMP_EMOUTFIT.
NOTE: There were 4 observations read from the data set WORK._TEMP.
NOTE: The data set EMWS3.MDLCOMP_EMOUTFIT has 4 observations and 46 variables.
NOTE: DATA statement used (Total process time):
      real time           0.06 seconds
      cpu time            0.01 seconds
      

11839  data EMWS3.MdlComp_EMOUTFIT;
11840  length PARENT $16 MODEL $16 MODELDESCRIPTION $81 TARGET $32 TARGETLABEL $200 _CRITERION_
11840!  8;
11841  set EMWS3.MdlComp_EMOUTFIT;
11842  label _CRITERION_ = "%sysfunc(sasmsg(sashelp.dmine, rpt_selectioncriterion_vlabel ,
11842! NOQUOTE, %nrbquote(Valid: Misclassification Rate)))";
11843  _CRITERION_ = _VMISC_;
11844  run;

NOTE: There were 4 observations read from the data set EMWS3.MDLCOMP_EMOUTFIT.
NOTE: The data set EMWS3.MDLCOMP_EMOUTFIT has 4 observations and 47 variables.
NOTE: DATA statement used (Total process time):
      real time           0.06 seconds
      cpu time            0.01 seconds
      

11845  data EMWS3.MdlComp_EMOUTFIT;
11846  length USE $1;
11847  label USE= "%sysfunc(sasmsg(sashelp.dmine, rpt_selmodel_vlabel,  NOQUOTE))";
11848  set EMWS3.MdlComp_EMOUTFIT;
11849  run;

NOTE: Variable USE is uninitialized.
NOTE: There were 4 observations read from the data set EMWS3.MDLCOMP_EMOUTFIT.
NOTE: The data set EMWS3.MDLCOMP_EMOUTFIT has 4 observations and 48 variables.
NOTE: DATA statement used (Total process time):
      real time           0.01 seconds
      cpu time            0.00 seconds
      

11850  proc sort data = EMWS3.MdlComp_EMOUTFIT NOTHREADS;
11851  by
11852  _VMISC_
11853  _VASE_ _ASE_ _MISC_;
11854  run;

NOTE: There were 4 observations read from the data set EMWS3.MDLCOMP_EMOUTFIT.
NOTE: The data set EMWS3.MDLCOMP_EMOUTFIT has 4 observations and 48 variables.
NOTE: PROCEDURE SORT used (Total process time):
      real time           0.01 seconds
      cpu time            0.00 seconds
      

11855  %let EM_AUTOMODEL = %str();
11856  data EMWS3.MdlComp_EMOUTFIT;
11857  set EMWS3.MdlComp_EMOUTFIT;
11858  drop found;
11859  retain found 0;
11860  if found = 0 and _VMISC_ ne . then do;
11861  use = 'Y';
11862  found = 1;
11863  call symput('EM_AUTOMODEL', model);
11864  end;
11865  run;

NOTE: There were 4 observations read from the data set EMWS3.MDLCOMP_EMOUTFIT.
NOTE: The data set EMWS3.MDLCOMP_EMOUTFIT has 4 observations and 48 variables.
NOTE: DATA statement used (Total process time):
      real time           0.02 seconds
      cpu time            0.01 seconds
      

11866  title ' ';
11867  proc print data=EMWS3.MdlComp_EMOUTFIT noobs label;
11868  var
11869  USE
11870  MODEL
11871  MODELDESCRIPTION
11872  _VMISC_
11873  _ASE_
11874  _MISC_
11875  _VASE_
11876  ;
11877  title9 "%sysfunc(sasmsg(sashelp.dmine, rpt_fitstat_title,        NOQUOTE))";
11878  title10 "Model Selection based on Valid: Misclassification Rate (_VMISC_)";
11879  run;

NOTE: There were 4 observations read from the data set EMWS3.MDLCOMP_EMOUTFIT.
NOTE: The PROCEDURE PRINT printed page 2.
NOTE: PROCEDURE PRINT used (Total process time):
      real time           0.02 seconds
      cpu time            0.00 seconds
      

11880  title9;
11881  title10;
11882  proc transpose data=EMWS3.MdlComp_EMOUTFIT out= work.modelstats(rename=(_LABEL_=Label
11882! _NAME_=STAT));
11883  ID model;
11884  by target targetLabel;
11885  run;

NOTE: There were 4 observations read from the data set EMWS3.MDLCOMP_EMOUTFIT.
NOTE: The data set WORK.MODELSTATS has 42 observations and 8 variables.
NOTE: PROCEDURE TRANSPOSE used (Total process time):
      real time           0.09 seconds
      cpu time            0.03 seconds
      

11886  data work.modelstats;
11887  set work.modelstats;
11888  if substr(STAT, 1, 2) = '_V' or STAT='VKS' then do;
11889  NumRole=2;
11890  end;
11891  else if substr(STAT, 1, 2) = '_T' or STAT='TKS' then do;
11892  NumRole=3;
11893  end;
11894  else if substr(STAT, 1, 1) = '_' or STAT in('KS', 'BINNED_KS_PROB_CUTOFF') then do;
11895  NumRole=1;
11896  end;
11897  run;

NOTE: There were 42 observations read from the data set WORK.MODELSTATS.
NOTE: The data set WORK.MODELSTATS has 42 observations and 9 variables.
NOTE: DATA statement used (Total process time):
      real time           0.01 seconds
      cpu time            0.01 seconds
      

11898  proc sort data=work.modelstats out=work.modelstats;
11899  by NumRole STAT;
11900  run;

NOTE: There were 42 observations read from the data set WORK.MODELSTATS.
NOTE: The data set WORK.MODELSTATS has 42 observations and 9 variables.
NOTE: PROCEDURE SORT used (Total process time):
      real time           0.01 seconds
      cpu time            0.01 seconds
      

11901  proc format;
11902  value RoleFmt 1='Train' 2='Valid' 3='Test';
NOTE: Format ROLEFMT has been output.
11903  run;

NOTE: PROCEDURE FORMAT used (Total process time):
      real time           0.00 seconds
      cpu time            0.00 seconds
      

11904  proc print data= work.modelstats(drop=STAT target targetLabel) noobs label;
11905  label Label = "%sysfunc(sasmsg(sashelp.dmine, rpt_statistics_vlabel, NOQUOTE))" NumRole=
11905!  "%sysfunc(sasmsg(sashelp.dmine, rpt_datarole_vlabel,   NOQUOTE))";
11906  title9 "%sysfunc(sasmsg(sashelp.dmine, rpt_fittable_title, NOQUOTE))";
11907  title10 "%sysfunc(sasmsg(sashelp.dmine, rpt_target_title,   NOQUOTE, REP_updownInd))";
11908  by NumRole;
11909  format NumRole RoleFmt.;
11910  run;

NOTE: There were 42 observations read from the data set WORK.MODELSTATS.
NOTE: The PROCEDURE PRINT printed page 3.
NOTE: PROCEDURE PRINT used (Total process time):
      real time           0.06 seconds
      cpu time            0.04 seconds
      

11911  title9;
11912  title10;
11913  data EMWS3.MdlComp_COMPAREFIT;
11914  length DataRole Target $32 targetlabel $200;
11915  label DataRole = "%sysfunc(sasmsg(sashelp.dmine, rpt_datarole_vlabel,  NOQUOTE))" STAT =
11915!  "%sysfunc(sasmsg(sashelp.dmine, rpt_fitstat_vlabel,   NOQUOTE))" LABEL =
11915! "%sysfunc(sasmsg(sashelp.dmine, rpt_statlabel_vlabel, NOQUOTE))";
11916  set work.modelstats;
11917  DataRole = strip(put(NumRole, Rolefmt.));
11918  drop NumRole;
11919  run;

NOTE: There were 42 observations read from the data set WORK.MODELSTATS.
NOTE: The data set EMWS3.MDLCOMP_COMPAREFIT has 42 observations and 9 variables.
NOTE: DATA statement used (Total process time):
      real time           0.01 seconds
      cpu time            0.03 seconds
      

11920  %macro ReportFit;
11921  proc transpose data= EMWS3.MdlComp_EMOUTFIT(obs=1) out=tempFit;
11922  run;
11923  data _null_;
11924  set tempfit end=eof;
11925  retain statCount 0;
11926  if substr(_NAME_,1,2) ^in('_V', '_T', 'TK', 'VK') then do;
11927  statCount + 1;
11928  call symput('statName'!!strip(put(statCount,best.)), _NAME_);
11929  call symput('statLabel'!!strip(put(statCount,best.)), scan(_LABEL_,2, ':'));
11930  end;
11931  if eof then do;
11932  call symput('statCount', strip(put(statCount,best.)));
11933  end;
11934  run;
11935  data EMWS3.MdlComp_EMREPORTFIT;
11936  set EMWS3.MdlComp_EMOUTFIT;
11937  length FitStat $41 Label $40;
11938  label FitStat = "%sysfunc(sasmsg(sashelp.dmine, rpt_fitstat_vlabel,   NOQUOTE))" LABEL =
11938!  "%sysfunc(sasmsg(sashelp.dmine, rpt_statlabel_vlabel, NOQUOTE))";
11939  %do i=1 %to &statCount;
11940  FitStat="&&StatName&i";
11941  Label="&&StatLabel&i";
11942  Train =&&StatName&i;
11943  %if &&StatName&i= KS %then %do;
11944  Validate = VKS;
11945  Test = TKS;
11946  %end;
11947  %else %if &&StatName&i= BINNED_KS_PROB_CUTOFF %then %do;
11948  Validate = _VBINNED_KS_PROB_CUTOFF_;
11949  Test = _TBINNED_KS_PROB_CUTOFF_;
11950  %end;
11951  %else %do;
11952  %let VstatName= _V%substr(&&StatName&i,2);
11953  %let TstatName= _T%substr(&&StatName&i,2);
11954  Validate=&VStatName;
11955  Test=&TStatName;
11956  %end;
11957  output;
11958  %end;
11959  keep Parent Model Target TargetLabel FitStat Label Train Validate Test;
11960  run;
11961  %mend;
11962  %reportFit;

NOTE: There were 1 observations read from the data set EMWS3.MDLCOMP_EMOUTFIT.
NOTE: The data set WORK.TEMPFIT has 42 observations and 3 variables.
NOTE: PROCEDURE TRANSPOSE used (Total process time):
      real time           0.01 seconds
      cpu time            0.01 seconds
      


NOTE: There were 42 observations read from the data set WORK.TEMPFIT.
NOTE: DATA statement used (Total process time):
      real time           0.00 seconds
      cpu time            0.00 seconds
      


NOTE: Variable _VCRITERION_ is uninitialized.
NOTE: Variable _TCRITERION_ is uninitialized.
NOTE: Variable _TNOBS_ is uninitialized.
NOTE: Variable _TMISC_ is uninitialized.
NOTE: Variable _TMAX_ is uninitialized.
NOTE: Variable _TSSE_ is uninitialized.
NOTE: Variable _TASE_ is uninitialized.
NOTE: Variable _TRASE_ is uninitialized.
NOTE: Variable _TDIV_ is uninitialized.
NOTE: Variable _VDFT_ is uninitialized.
NOTE: Variable _TDFT_ is uninitialized.
NOTE: Variable _TAUR_ is uninitialized.
NOTE: Variable _TGINI_ is uninitialized.
NOTE: Variable TKS is uninitialized.
NOTE: Variable _VKS_PROB_CUTOFF is uninitialized.
NOTE: Variable _TKS_PROB_CUTOFF is uninitialized.
NOTE: Variable _TKS_BIN_ is uninitialized.
NOTE: Variable _TBINNED_KS_PROB_CUTOFF_ is uninitialized.
NOTE: Variable _TGAIN_ is uninitialized.
NOTE: Variable _TLIFT_ is uninitialized.
NOTE: Variable _TLIFTC_ is uninitialized.
NOTE: Variable _TRESP_ is uninitialized.
NOTE: Variable _TRESPC_ is uninitialized.
NOTE: Variable _TCAP_ is uninitialized.
NOTE: Variable _TCAPC_ is uninitialized.
NOTE: There were 4 observations read from the data set EMWS3.MDLCOMP_EMOUTFIT.
NOTE: The data set EMWS3.MDLCOMP_EMREPORTFIT has 88 observations and 9 variables.
NOTE: DATA statement used (Total process time):
      real time           0.03 seconds
      cpu time            0.03 seconds
      


11963  proc print data=EMWS3.MdlComp_EMEVENTREPORT(drop=PARENT) noobs label;
11964  title9 "%sysfunc(sasmsg(sashelp.dmine, rpt_eventtable_title ,    NOQUOTE))";
11965  title10 "Model Selection based on Valid: Misclassification Rate (_VMISC_)";
11966  run;

NOTE: There were 8 observations read from the data set EMWS3.MDLCOMP_EMEVENTREPORT.
NOTE: The PROCEDURE PRINT printed page 4.
NOTE: PROCEDURE PRINT used (Total process time):
      real time           0.00 seconds
      cpu time            0.00 seconds
      

11967  title9;
11968  title10;

11969  proc datasets library=EMWS3 nolist;
11970  modify MdlComp_EMRANK;
11971  label PARENT = "%sysfunc(sasmsg(sashelp.dmine, rpt_parent_vlabel  ,  NOQUOTE))" MODEL =
11971! "%sysfunc(sasmsg(sashelp.dmine, rpt_modelnode_vlabel, NOQUOTE))" DATAROLE =
11971! "%sysfunc(sasmsg(sashelp.dmine, rpt_datarole_vlabel,  NOQUOTE))" TARGET =
11972     "%sysfunc(sasmsg(sashelp.dmine, rpt_targetvar_vlabel, NOQUOTE))" TARGETLABEL =
11972! "%sysfunc(sasmsg(sashelp.dmine, meta_targetlabel_vlabel, NOQUOTE))";
11973  run;

NOTE: MODIFY was successful for EMWS3.MDLCOMP_EMRANK.DATA.

NOTE: PROCEDURE DATASETS used (Total process time):
      real time           0.05 seconds
      cpu time            0.06 seconds
      

11974  proc sort data=EMWS3.MdlComp_EMRANK NOTHREADS;
11975  by descending model target;
11976  run;

NOTE: There were 160 observations read from the data set EMWS3.MDLCOMP_EMRANK.
NOTE: The data set EMWS3.MDLCOMP_EMRANK has 160 observations and 38 variables.
NOTE: PROCEDURE SORT used (Total process time):
      real time           0.00 seconds
      cpu time            0.00 seconds
      

11977  proc datasets library=EMWS3 nolist;
11978  modify MdlComp_EMSCOREDIST;
11979  label PARENT = "%sysfunc(sasmsg(sashelp.dmine, rpt_parent_vlabel  ,  NOQUOTE))" MODEL =
11979! "%sysfunc(sasmsg(sashelp.dmine, rpt_modelnode_vlabel, NOQUOTE))" DATAROLE =
11979! "%sysfunc(sasmsg(sashelp.dmine, rpt_datarole_vlabel,  NOQUOTE))" TARGET =
11980     "%sysfunc(sasmsg(sashelp.dmine, rpt_targetvar_vlabel, NOQUOTE))" TARGETLABEL =
11980! "%sysfunc(sasmsg(sashelp.dmine, meta_targetlabel_vlabel, NOQUOTE))";
11981  run;

NOTE: MODIFY was successful for EMWS3.MDLCOMP_EMSCOREDIST.DATA.

NOTE: PROCEDURE DATASETS used (Total process time):
      real time           0.04 seconds
      cpu time            0.03 seconds
      

11982  proc sort data=EMWS3.MdlComp_EMSCOREDIST NOTHREADS;
11983  by descending model target;
11984  run;

NOTE: There were 58 observations read from the data set EMWS3.MDLCOMP_EMSCOREDIST.
NOTE: The data set EMWS3.MDLCOMP_EMSCOREDIST has 58 observations and 24 variables.
NOTE: PROCEDURE SORT used (Total process time):
      real time           0.01 seconds
      cpu time            0.01 seconds
      

11985  proc sort data=EMWS3.MdlComp_EMROC NOTHREADS;
11986  by descending model target;
11987  run;

NOTE: There were 796 observations read from the data set EMWS3.MDLCOMP_EMROC.
NOTE: The data set EMWS3.MDLCOMP_EMROC has 796 observations and 18 variables.
NOTE: PROCEDURE SORT used (Total process time):
      real time           0.01 seconds
      cpu time            0.01 seconds
      

