*------------------------------------------------------------*
* Training Log
Date:                May 12, 2019
Time:                00:21:14
*------------------------------------------------------------*
10867  proc freq data=EMWS3.MdlComp3_VariableSet noprint;
10868  table ROLE*LEVEL/out=WORK.MdlComp3META;
10869  run;

NOTE: There were 1 observations read from the data set EMWS3.MDLCOMP3_VARIABLESET.
NOTE: The data set WORK.MDLCOMP3META has 1 observations and 4 variables.
NOTE: PROCEDURE FREQ used (Total process time):
      real time           0.09 seconds
      cpu time            0.04 seconds
      

10870  proc print data=WORK.MdlComp3META label noobs;
10871  var ROLE LEVEL COUNT;
10872  label ROLE = "%sysfunc(sasmsg(sashelp.dmine, meta_role_vlabel, NOQUOTE))" LEVEL = "%sysfunc(sasmsg(sashelp.dmine, meta_level_vlabel, NOQUOTE))" COUNT = "%sysfunc(sasmsg(sashelp.dmine, rpt_count_vlabel, NOQUOTE))";
10873  title9 ' ';
10874  title10 "%sysfunc(sasmsg(sashelp.dmine, rpt_varSummary_title  , NOQUOTE))";
10875  run;

NOTE: There were 1 observations read from the data set WORK.MDLCOMP3META.
NOTE: The PROCEDURE PRINT printed page 1.
NOTE: PROCEDURE PRINT used (Total process time):
      real time           0.01 seconds
      cpu time            0.01 seconds
      

10876  title10;

10877  %let _hpflow = 0;
10878  data _null_;
10879  set EMWS3.Tree4_EMINFO;
10880  where key="HPDMSAMPLE";
10881  call symput('_hpflow', '1');
10882  run;

NOTE: There were 0 observations read from the data set EMWS3.TREE4_EMINFO.
      WHERE key='HPDMSAMPLE';
NOTE: DATA statement used (Total process time):
      real time           0.00 seconds
      cpu time            0.01 seconds
      

10883  %let _hpflow = 0;
10884  data _null_;
10885  set EMWS3.Reg4_EMINFO;
10886  where key="HPDMSAMPLE";
10887  call symput('_hpflow', '1');
10888  run;

NOTE: There were 0 observations read from the data set EMWS3.REG4_EMINFO.
      WHERE key='HPDMSAMPLE';
NOTE: DATA statement used (Total process time):
      real time           0.01 seconds
      cpu time            0.01 seconds
      

10889  data _null_;
10890  set EMWS3.em_nodeid;
10891  where upcase(NODEID) = upcase("Tree4");
10892  call symput('_MODELDESC', strip(tranwrd(LABEL, '"', '""')));
10893  run;

NOTE: There were 1 observations read from the data set EMWS3.EM_NODEID.
      WHERE UPCASE(NODEID)='TREE4';
NOTE: DATA statement used (Total process time):
      real time           0.01 seconds
      cpu time            0.01 seconds
      

10894  data EMWS3.MdlComp3_EMRANK;
10895  length PARENT $16 MODEL $16 MODELDESCRIPTION $81 DATAROLE $20 TARGET $32 TARGETLABEL $200;
10896  label PARENT = "%sysfunc(sasmsg(sashelp.dmine, rpt_parent_vlabel  ,  NOQUOTE))" MODEL = "%sysfunc(sasmsg(sashelp.dmine, rpt_modelnode_vlabel, NOQUOTE))" MODELDESCRIPTION = "%sysfunc(sasmsg(sashelp.dmine, rpt_modeldesc_vlabel, NOQUOTE))" TARGETLABEL
10896! =
10897     "%sysfunc(sasmsg(sashelp.dmine, meta_targetlabel_vlabel, NOQUOTE))";
10898  retain parent "Tree4" MODEL "Tree4" MODELDESCRIPTION "Probability Tree" TARGETLABEL "Replacement: updownInd";
10899  set EMWS3.Tree4_EMRANK;
10900  where upcase(TARGET) = upcase("REP_updownInd");
10901  run;

NOTE: There were 40 observations read from the data set EMWS3.TREE4_EMRANK.
      WHERE UPCASE(TARGET)='REP_UPDOWNIND';
NOTE: The data set EMWS3.MDLCOMP3_EMRANK has 40 observations and 38 variables.
NOTE: DATA statement used (Total process time):
      real time           0.01 seconds
      cpu time            0.01 seconds
      

10902  data _null_;
10903  set EMWS3.em_nodeid;
10904  where upcase(NODEID) = upcase("Tree4");
10905  call symput('_MODELDESC', strip(tranwrd(LABEL, '"', '""')));
10906  run;

NOTE: There were 1 observations read from the data set EMWS3.EM_NODEID.
      WHERE UPCASE(NODEID)='TREE4';
NOTE: DATA statement used (Total process time):
      real time           0.00 seconds
      cpu time            0.00 seconds
      

10907  data EMWS3.MdlComp3_EMSCOREDIST;
10908  length PARENT $16 MODEL $16 MODELDESCRIPTION $81 DATAROLE $20 TARGET $32 TARGETLABEL $200;
10909  label PARENT = "%sysfunc(sasmsg(sashelp.dmine, rpt_parent_vlabel  ,  NOQUOTE))" MODEL = "%sysfunc(sasmsg(sashelp.dmine, rpt_modelnode_vlabel, NOQUOTE))" MODELDESCRIPTION = "%sysfunc(sasmsg(sashelp.dmine, rpt_modeldesc_vlabel, NOQUOTE))" TARGETLABEL
10909! =
10910     "%sysfunc(sasmsg(sashelp.dmine, meta_targetlabel_vlabel, NOQUOTE))";
10911  retain parent "Tree4" MODEL "Tree4" MODELDESCRIPTION "Probability Tree" TARGETLABEL "Replacement: updownInd";
10912  set EMWS3.Tree4_EMSCOREDIST;
10913  where upcase(TARGET) = upcase("REP_updownInd");
10914  run;

NOTE: There were 16 observations read from the data set EMWS3.TREE4_EMSCOREDIST.
      WHERE UPCASE(TARGET)='REP_UPDOWNIND';
NOTE: The data set EMWS3.MDLCOMP3_EMSCOREDIST has 16 observations and 24 variables.
NOTE: DATA statement used (Total process time):
      real time           0.01 seconds
      cpu time            0.01 seconds
      

Executing  SASHELP.EMCORE.EMINFOITERATOR.SCL _INIT >> 
Executing  SASHELP.EMCORE.EMINFOITERATOR.SCL SETMETADATA >> 
NOTE: There were 1 observations read from the data set EMWS3.TREE4_EMINFO.
      WHERE (TARGET='REP_updownInd') and (KEY='DECMETA');
NOTE: The data set WORK.EMINFO42KPL3PD has 1 observations and 3 variables.
Executing  SASHELP.EMCORE.EMINFOITERATOR.SCL next >> 
Executing  SASHELP.EMCORE.EMINFOITERATOR.SCL next >> 
Executing  SASHELP.EMCORE.EMINFOITERATOR.SCL SETMETADATA >> 
NOTE: There were 1 observations read from the data set EMWS3.TREE4_EMINFO.
      WHERE (TARGET='REP_updownInd') and (KEY='DECDATA');
NOTE: The data set WORK.EMINFO42KPL3PD has 1 observations and 3 variables.
Executing  SASHELP.EMCORE.EMINFOITERATOR.SCL next >> 
Executing  SASHELP.EMCORE.EMINFOITERATOR.SCL next >> 
Executing  SASHELP.EMCORE.EMINFOITERATOR.SCL _term >> 
10915  data WORK.Tree4_OUTFIT;
10916  set EMWS3.Tree4_EMOUTFIT;
10917  run;

NOTE: There were 1 observations read from the data set EMWS3.TREE4_EMOUTFIT.
NOTE: The data set WORK.TREE4_OUTFIT has 1 observations and 17 variables.
NOTE: DATA statement used (Total process time):
      real time           0.01 seconds
      cpu time            0.01 seconds
      

10918  data _null_;
10919  set EMWS3.em_nodeid;
10920  where upcase(NODEID) = upcase("Tree4");
10921  call symput('_MODELDESC', strip(tranwrd(LABEL, '"', '""')));
10922  run;

NOTE: There were 1 observations read from the data set EMWS3.EM_NODEID.
      WHERE UPCASE(NODEID)='TREE4';
NOTE: DATA statement used (Total process time):
      real time           0.01 seconds
      cpu time            0.00 seconds
      

10923  data EMWS3.MdlComp3_EMOUTFIT;
10924  length PARENT $16 MODEL $16 MODELDESCRIPTION $81 TARGET $32 TARGETLABEL $200;
10925  label PARENT = "%sysfunc(sasmsg(sashelp.dmine, rpt_parent_vlabel  ,  NOQUOTE))" MODEL = "%sysfunc(sasmsg(sashelp.dmine, rpt_modelnode_vlabel, NOQUOTE))" MODELDESCRIPTION = "%sysfunc(sasmsg(sashelp.dmine, rpt_modeldesc_vlabel, NOQUOTE))" TARGETLABEL
10925! =
10926     "%sysfunc(sasmsg(sashelp.dmine, meta_targetlabel_vlabel, NOQUOTE))";
10927  retain parent "Tree4" MODEL "Tree4" MODELDESCRIPTION "Probability Tree" TARGETLABEL "Replacement: updownInd";
10928  set WORK.Tree4_OUTFIT;
10929  where upcase(TARGET) = upcase("REP_updownInd");
10930  run;

NOTE: There were 1 observations read from the data set WORK.TREE4_OUTFIT.
      WHERE UPCASE(TARGET)='REP_UPDOWNIND';
NOTE: The data set EMWS3.MDLCOMP3_EMOUTFIT has 1 observations and 20 variables.
NOTE: DATA statement used (Total process time):
      real time           0.02 seconds
      cpu time            0.01 seconds
      

10931  data _null_;
10932  set EMWS3.em_nodeid;
10933  where upcase(NODEID) = upcase("Tree4");
10934  call symput('_MODELDESC', strip(tranwrd(LABEL, '"', '""')));
10935  run;

NOTE: There were 1 observations read from the data set EMWS3.EM_NODEID.
      WHERE UPCASE(NODEID)='TREE4';
NOTE: DATA statement used (Total process time):
      real time           0.00 seconds
      cpu time            0.01 seconds
      

10936  data EMWS3.MdlComp3_EMCLASSIFICATION;
10937  length PARENT $16 MODEL $16 MODELDESCRIPTION $81 DATAROLE $20 TARGET $32 TARGETLABEL $200;
10938  label PARENT = "%sysfunc(sasmsg(sashelp.dmine, rpt_parent_vlabel  ,  NOQUOTE))" MODEL = "%sysfunc(sasmsg(sashelp.dmine, rpt_modelnode_vlabel, NOQUOTE))" MODELDESCRIPTION = "%sysfunc(sasmsg(sashelp.dmine, rpt_modeldesc_vlabel, NOQUOTE))" TARGETLABEL
10938! =
10939     "%sysfunc(sasmsg(sashelp.dmine, meta_targetlabel_vlabel, NOQUOTE))";
10940  retain parent "Tree4" MODEL "Tree4" MODELDESCRIPTION "Probability Tree" TARGETLABEL "Replacement: updownInd";
10941  set EMWS3.Tree4_EMCLASSIFICATION;
10942  where upcase(TARGET) = upcase("REP_updownInd");
10943  run;

NOTE: There were 18 observations read from the data set EMWS3.TREE4_EMCLASSIFICATION.
      WHERE UPCASE(TARGET)='REP_UPDOWNIND';
NOTE: The data set EMWS3.MDLCOMP3_EMCLASSIFICATION has 18 observations and 15 variables.
NOTE: DATA statement used (Total process time):
      real time           0.02 seconds
      cpu time            0.03 seconds
      

10944  data _null_;
10945  set EMWS3.em_nodeid;
10946  where upcase(NODEID) = upcase("Tree4");
10947  call symput('_MODELDESC', strip(tranwrd(LABEL, '"', '""')));
10948  run;

NOTE: There were 1 observations read from the data set EMWS3.EM_NODEID.
      WHERE UPCASE(NODEID)='TREE4';
NOTE: DATA statement used (Total process time):
      real time           0.00 seconds
      cpu time            0.00 seconds
      

10949  data EMWS3.MdlComp3_EMEVENTREPORT;
10950  length PARENT $16 MODEL $16 MODELDESCRIPTION $81 DATAROLE $20 TARGET $32 TARGETLABEL $200;
10951  label PARENT = "%sysfunc(sasmsg(sashelp.dmine, rpt_parent_vlabel  ,  NOQUOTE))" MODEL = "%sysfunc(sasmsg(sashelp.dmine, rpt_modelnode_vlabel, NOQUOTE))" MODELDESCRIPTION = "%sysfunc(sasmsg(sashelp.dmine, rpt_modeldesc_vlabel, NOQUOTE))" TARGETLABEL
10951! =
10952     "%sysfunc(sasmsg(sashelp.dmine, meta_targetlabel_vlabel, NOQUOTE))";
10953  retain parent "Tree4" MODEL "Tree4" MODELDESCRIPTION "Probability Tree" TARGETLABEL "Replacement: updownInd";
10954  set EMWS3.Tree4_EMEVENTREPORT;
10955  where upcase(TARGET) = upcase("REP_updownInd");
10956  run;

NOTE: There were 2 observations read from the data set EMWS3.TREE4_EMEVENTREPORT.
      WHERE UPCASE(TARGET)='REP_UPDOWNIND';
NOTE: The data set EMWS3.MDLCOMP3_EMEVENTREPORT has 2 observations and 10 variables.
NOTE: DATA statement used (Total process time):
      real time           0.02 seconds
      cpu time            0.03 seconds
      

10957  data _null_;
10958  set EMWS3.em_nodeid;
10959  where upcase(NODEID) = upcase("Reg4");
10960  call symput('_MODELDESC', strip(tranwrd(LABEL, '"', '""')));
10961  run;

NOTE: There were 1 observations read from the data set EMWS3.EM_NODEID.
      WHERE UPCASE(NODEID)='REG4';
NOTE: DATA statement used (Total process time):
      real time           0.00 seconds
      cpu time            0.01 seconds
      

10962  data work.MdlComp3_TEMP;
10963  length PARENT $16 MODEL $16 MODELDESCRIPTION $81 DATAROLE $20 TARGET $32 TARGETLABEL $200;
10964  label PARENT = "%sysfunc(sasmsg(sashelp.dmine, rpt_parent_vlabel  ,  NOQUOTE))" MODEL = "%sysfunc(sasmsg(sashelp.dmine, rpt_modelnode_vlabel, NOQUOTE))" MODELDESCRIPTION = "%sysfunc(sasmsg(sashelp.dmine, rpt_modeldesc_vlabel, NOQUOTE))" TARGET =
10965     "%sysfunc(sasmsg(sashelp.dmine, rpt_targetvar_vlabel, NOQUOTE))" TARGETLABEL = "%sysfunc(sasmsg(sashelp.dmine, meta_targetlabel_vlabel, NOQUOTE))";
10966  retain parent "Reg4" MODEL "Reg4" MODELDESCRIPTION "Logistic Regression - log" TARGETLABEL "Replacement: updownInd";
10967  set EMWS3.Reg4_EMRANK;
10968  where upcase(TARGET) = upcase("REP_updownInd");
10969  run;

NOTE: There were 40 observations read from the data set EMWS3.REG4_EMRANK.
      WHERE UPCASE(TARGET)='REP_UPDOWNIND';
NOTE: The data set WORK.MDLCOMP3_TEMP has 40 observations and 38 variables.
NOTE: DATA statement used (Total process time):
      real time           0.03 seconds
      cpu time            0.01 seconds
      

10970  data EMWS3.MdlComp3_EMRANK;
10971  set EMWS3.MdlComp3_EMRANK work.MdlComp3_TEMP;
10972  run;

NOTE: There were 40 observations read from the data set EMWS3.MDLCOMP3_EMRANK.
NOTE: There were 40 observations read from the data set WORK.MDLCOMP3_TEMP.
NOTE: The data set EMWS3.MDLCOMP3_EMRANK has 80 observations and 38 variables.
NOTE: DATA statement used (Total process time):
      real time           0.01 seconds
      cpu time            0.01 seconds
      

10973  data _null_;
10974  set EMWS3.em_nodeid;
10975  where upcase(NODEID) = upcase("Reg4");
10976  call symput('_MODELDESC', strip(tranwrd(LABEL, '"', '""')));
10977  run;

NOTE: There were 1 observations read from the data set EMWS3.EM_NODEID.
      WHERE UPCASE(NODEID)='REG4';
NOTE: DATA statement used (Total process time):
      real time           0.01 seconds
      cpu time            0.01 seconds
      

10978  data work.MdlComp3_TEMP;
10979  length PARENT $16 MODEL $16 MODELDESCRIPTION $81 DATAROLE $20 TARGET $32 TARGETLABEL $200;
10980  label PARENT = "%sysfunc(sasmsg(sashelp.dmine, rpt_parent_vlabel  ,  NOQUOTE))" MODEL = "%sysfunc(sasmsg(sashelp.dmine, rpt_modelnode_vlabel, NOQUOTE))" MODELDESCRIPTION = "%sysfunc(sasmsg(sashelp.dmine, rpt_modeldesc_vlabel, NOQUOTE))" TARGET =
10981     "%sysfunc(sasmsg(sashelp.dmine, rpt_targetvar_vlabel, NOQUOTE))" TARGETLABEL = "%sysfunc(sasmsg(sashelp.dmine, meta_targetlabel_vlabel, NOQUOTE))";
10982  retain parent "Reg4" MODEL "Reg4" MODELDESCRIPTION "Logistic Regression - log" TARGETLABEL "Replacement: updownInd";
10983  set EMWS3.Reg4_EMSCOREDIST;
10984  where upcase(TARGET) = upcase("REP_updownInd");
10985  run;

NOTE: There were 40 observations read from the data set EMWS3.REG4_EMSCOREDIST.
      WHERE UPCASE(TARGET)='REP_UPDOWNIND';
NOTE: The data set WORK.MDLCOMP3_TEMP has 40 observations and 24 variables.
NOTE: DATA statement used (Total process time):
      real time           0.01 seconds
      cpu time            0.01 seconds
      

10986  data EMWS3.MdlComp3_EMSCOREDIST;
10987  set EMWS3.MdlComp3_EMSCOREDIST work.MdlComp3_TEMP;
10988  run;

NOTE: There were 16 observations read from the data set EMWS3.MDLCOMP3_EMSCOREDIST.
NOTE: There were 40 observations read from the data set WORK.MDLCOMP3_TEMP.
NOTE: The data set EMWS3.MDLCOMP3_EMSCOREDIST has 56 observations and 24 variables.
NOTE: DATA statement used (Total process time):
      real time           0.02 seconds
      cpu time            0.03 seconds
      

Executing  SASHELP.EMCORE.EMINFOITERATOR.SCL _INIT >> 
Executing  SASHELP.EMCORE.EMINFOITERATOR.SCL SETMETADATA >> 
NOTE: There were 1 observations read from the data set EMWS3.REG4_EMINFO.
      WHERE (TARGET='REP_updownInd') and (KEY='DECMETA');
NOTE: The data set WORK.EMINFO423VVI8W has 1 observations and 3 variables.
Executing  SASHELP.EMCORE.EMINFOITERATOR.SCL next >> 
Executing  SASHELP.EMCORE.EMINFOITERATOR.SCL next >> 
Executing  SASHELP.EMCORE.EMINFOITERATOR.SCL SETMETADATA >> 
NOTE: There were 1 observations read from the data set EMWS3.REG4_EMINFO.
      WHERE (TARGET='REP_updownInd') and (KEY='DECDATA');
NOTE: The data set WORK.EMINFO423VVI8W has 1 observations and 3 variables.
Executing  SASHELP.EMCORE.EMINFOITERATOR.SCL next >> 
Executing  SASHELP.EMCORE.EMINFOITERATOR.SCL next >> 
Executing  SASHELP.EMCORE.EMINFOITERATOR.SCL _term >> 
10989  data WORK.Reg4_OUTFIT;
10990  set EMWS3.Reg4_EMOUTFIT;
10991  run;

NOTE: There were 1 observations read from the data set EMWS3.REG4_EMOUTFIT.
NOTE: The data set WORK.REG4_OUTFIT has 1 observations and 34 variables.
NOTE: DATA statement used (Total process time):
      real time           0.01 seconds
      cpu time            0.01 seconds
      

10992  data _null_;
10993  set EMWS3.em_nodeid;
10994  where upcase(NODEID) = upcase("Reg4");
10995  call symput('_MODELDESC', strip(tranwrd(LABEL, '"', '""')));
10996  run;

NOTE: There were 1 observations read from the data set EMWS3.EM_NODEID.
      WHERE UPCASE(NODEID)='REG4';
NOTE: DATA statement used (Total process time):
      real time           0.00 seconds
      cpu time            0.00 seconds
      

10997  data work.MdlComp3_TEMP;
10998  length PARENT $16 MODEL $16 MODELDESCRIPTION $81 TARGET $32 TARGETLABEL $200;
10999  label PARENT = "%sysfunc(sasmsg(sashelp.dmine, rpt_parent_vlabel  ,  NOQUOTE))" MODEL = "%sysfunc(sasmsg(sashelp.dmine, rpt_modelnode_vlabel, NOQUOTE))" MODELDESCRIPTION = "%sysfunc(sasmsg(sashelp.dmine, rpt_modeldesc_vlabel, NOQUOTE))" TARGET =
11000     "%sysfunc(sasmsg(sashelp.dmine, rpt_targetvar_vlabel, NOQUOTE))" TARGETLABEL = "%sysfunc(sasmsg(sashelp.dmine, meta_targetlabel_vlabel, NOQUOTE))";
11001  retain parent "Reg4" MODEL "Reg4" MODELDESCRIPTION "Logistic Regression - log" TARGETLABEL "Replacement: updownInd";
11002  set WORK.Reg4_OUTFIT;
11003  where upcase(TARGET) = upcase("REP_updownInd");
11004  run;

NOTE: There were 1 observations read from the data set WORK.REG4_OUTFIT.
      WHERE UPCASE(TARGET)='REP_UPDOWNIND';
NOTE: The data set WORK.MDLCOMP3_TEMP has 1 observations and 37 variables.
NOTE: DATA statement used (Total process time):
      real time           0.01 seconds
      cpu time            0.01 seconds
      

11005  data EMWS3.MdlComp3_EMOUTFIT;
11006  set EMWS3.MdlComp3_EMOUTFIT work.MdlComp3_TEMP;
11007  run;

NOTE: There were 1 observations read from the data set EMWS3.MDLCOMP3_EMOUTFIT.
NOTE: There were 1 observations read from the data set WORK.MDLCOMP3_TEMP.
NOTE: The data set EMWS3.MDLCOMP3_EMOUTFIT has 2 observations and 37 variables.
NOTE: DATA statement used (Total process time):
      real time           0.21 seconds
      cpu time            0.03 seconds
      

11008  data _null_;
11009  set EMWS3.em_nodeid;
11010  where upcase(NODEID) = upcase("Reg4");
11011  call symput('_MODELDESC', strip(tranwrd(LABEL, '"', '""')));
11012  run;

NOTE: There were 1 observations read from the data set EMWS3.EM_NODEID.
      WHERE UPCASE(NODEID)='REG4';
NOTE: DATA statement used (Total process time):
      real time           0.00 seconds
      cpu time            0.01 seconds
      

11013  data work.MdlComp3_TEMP;
11014  length PARENT $16 MODEL $16 MODELDESCRIPTION $81 DATAROLE $20 TARGET $32 TARGETLABEL $200;
11015  label PARENT = "%sysfunc(sasmsg(sashelp.dmine, rpt_parent_vlabel  ,  NOQUOTE))" MODEL = "%sysfunc(sasmsg(sashelp.dmine, rpt_modelnode_vlabel, NOQUOTE))" MODELDESCRIPTION = "%sysfunc(sasmsg(sashelp.dmine, rpt_modeldesc_vlabel, NOQUOTE))" TARGET =
11016     "%sysfunc(sasmsg(sashelp.dmine, rpt_targetvar_vlabel, NOQUOTE))" TARGETLABEL = "%sysfunc(sasmsg(sashelp.dmine, meta_targetlabel_vlabel, NOQUOTE))";
11017  retain parent "Reg4" MODEL "Reg4" MODELDESCRIPTION "Logistic Regression - log" TARGETLABEL "Replacement: updownInd";
11018  set EMWS3.Reg4_EMCLASSIFICATION;
11019  where upcase(TARGET) = upcase("REP_updownInd");
11020  run;

NOTE: There were 10 observations read from the data set EMWS3.REG4_EMCLASSIFICATION.
      WHERE UPCASE(TARGET)='REP_UPDOWNIND';
NOTE: The data set WORK.MDLCOMP3_TEMP has 10 observations and 15 variables.
NOTE: DATA statement used (Total process time):
      real time           0.03 seconds
      cpu time            0.04 seconds
      

11021  data EMWS3.MdlComp3_EMCLASSIFICATION;
11022  set EMWS3.MdlComp3_EMCLASSIFICATION work.MdlComp3_TEMP;
11023  run;

NOTE: There were 18 observations read from the data set EMWS3.MDLCOMP3_EMCLASSIFICATION.
NOTE: There were 10 observations read from the data set WORK.MDLCOMP3_TEMP.
NOTE: The data set EMWS3.MDLCOMP3_EMCLASSIFICATION has 28 observations and 15 variables.
NOTE: DATA statement used (Total process time):
      real time           0.01 seconds
      cpu time            0.01 seconds
      

11024  data _null_;
11025  set EMWS3.em_nodeid;
11026  where upcase(NODEID) = upcase("Reg4");
11027  call symput('_MODELDESC', strip(tranwrd(LABEL, '"', '""')));
11028  run;

NOTE: There were 1 observations read from the data set EMWS3.EM_NODEID.
      WHERE UPCASE(NODEID)='REG4';
NOTE: DATA statement used (Total process time):
      real time           0.00 seconds
      cpu time            0.01 seconds
      

11029  data work.MdlComp3_TEMP;
11030  length PARENT $16 MODEL $16 MODELDESCRIPTION $81 DATAROLE $20 TARGET $32 TARGETLABEL $200;
11031  label PARENT = "%sysfunc(sasmsg(sashelp.dmine, rpt_parent_vlabel  ,  NOQUOTE))" MODEL = "%sysfunc(sasmsg(sashelp.dmine, rpt_modelnode_vlabel, NOQUOTE))" MODELDESCRIPTION = "%sysfunc(sasmsg(sashelp.dmine, rpt_modeldesc_vlabel, NOQUOTE))" TARGET =
11032     "%sysfunc(sasmsg(sashelp.dmine, rpt_targetvar_vlabel, NOQUOTE))" TARGETLABEL = "%sysfunc(sasmsg(sashelp.dmine, meta_targetlabel_vlabel, NOQUOTE))";
11033  retain parent "Reg4" MODEL "Reg4" MODELDESCRIPTION "Logistic Regression - log" TARGETLABEL "Replacement: updownInd";
11034  set EMWS3.Reg4_EMEVENTREPORT;
11035  where upcase(TARGET) = upcase("REP_updownInd");
11036  run;

NOTE: There were 2 observations read from the data set EMWS3.REG4_EMEVENTREPORT.
      WHERE UPCASE(TARGET)='REP_UPDOWNIND';
NOTE: The data set WORK.MDLCOMP3_TEMP has 2 observations and 10 variables.
NOTE: DATA statement used (Total process time):
      real time           0.01 seconds
      cpu time            0.01 seconds
      

11037  data EMWS3.MdlComp3_EMEVENTREPORT;
11038  set EMWS3.MdlComp3_EMEVENTREPORT work.MdlComp3_TEMP;
11039  run;

NOTE: There were 2 observations read from the data set EMWS3.MDLCOMP3_EMEVENTREPORT.
NOTE: There were 2 observations read from the data set WORK.MDLCOMP3_TEMP.
NOTE: The data set EMWS3.MDLCOMP3_EMEVENTREPORT has 4 observations and 10 variables.
NOTE: DATA statement used (Total process time):
      real time           0.02 seconds
      cpu time            0.03 seconds
      

*------------------------------------------------------------* 
* "Compute assessment statistics" 
*------------------------------------------------------------* 
Executing  SASHELP.EMCORE.EMINFOITERATOR.SCL _INIT >> 
Executing  SASHELP.EMCORE.EMINFOITERATOR.SCL SETMETADATA >> 
Executing  SASHELP.EMCORE.EMINFOITERATOR.SCL next >> 
Executing  SASHELP.EMCORE.EMINFOITERATOR.SCL next >> 
Executing  SASHELP.EMCORE.EMINFOITERATOR.SCL SETMETADATA >> 
Executing  SASHELP.EMCORE.EMINFOITERATOR.SCL next >> 
Executing  SASHELP.EMCORE.EMINFOITERATOR.SCL next >> 
Executing  SASHELP.EMCORE.EMINFOITERATOR.SCL _term >> 


























Executing  SASHELP.EMCORE.EMINFOITERATOR.SCL _INIT >> 
Executing  SASHELP.EMCORE.EMINFOITERATOR.SCL SETMETADATA >> 
Executing  SASHELP.EMCORE.EMINFOITERATOR.SCL next >> 
Executing  SASHELP.EMCORE.EMINFOITERATOR.SCL next >> 
Executing  SASHELP.EMCORE.EMINFOITERATOR.SCL SETMETADATA >> 
Executing  SASHELP.EMCORE.EMINFOITERATOR.SCL next >> 
Executing  SASHELP.EMCORE.EMINFOITERATOR.SCL next >> 
Executing  SASHELP.EMCORE.EMINFOITERATOR.SCL _term >> 


























11320  proc sort data=EMWS3.MdlComp3_EMOUTFIT NOTHREADS;
11321  by model target;
11322  run;

NOTE: There were 2 observations read from the data set EMWS3.MDLCOMP3_EMOUTFIT.
NOTE: The data set EMWS3.MDLCOMP3_EMOUTFIT has 2 observations and 37 variables.
NOTE: PROCEDURE SORT used (Total process time):
      real time           0.01 seconds
      cpu time            0.01 seconds
      

11323  proc sort data=EMWS3.MdlComp3_EMINDEX NOTHREADS;
11324  by model target;
11325  run;

NOTE: There were 2 observations read from the data set EMWS3.MDLCOMP3_EMINDEX.
NOTE: The data set EMWS3.MDLCOMP3_EMINDEX has 2 observations and 17 variables.
NOTE: PROCEDURE SORT used (Total process time):
      real time           0.01 seconds
      cpu time            0.01 seconds
      

11326  data EMWS3.MdlComp3_EMOUTFIT;
11327  merge EMWS3.MdlComp3_EMOUTFIT EMWS3.MdlComp3_EMINDEX;
11328  label TARGET = "%sysfunc(sasmsg(sashelp.dmine, rpt_targetvar_vlabel,  NOQUOTE))";
11329  by model target;
11330  run;

NOTE: There were 2 observations read from the data set EMWS3.MDLCOMP3_EMOUTFIT.
NOTE: There were 2 observations read from the data set EMWS3.MDLCOMP3_EMINDEX.
NOTE: The data set EMWS3.MDLCOMP3_EMOUTFIT has 2 observations and 49 variables.
NOTE: DATA statement used (Total process time):
      real time           0.02 seconds
      cpu time            0.03 seconds
      

11331  proc sort data=EMWS3.MdlComp3_EMRANK(keep=DATAROLE DECILE MODEL GAIN LIFT LIFTC RESP
11331! RESPC CAP CAPC) out=_temp;
11332  by MODEL;
11333  where DECILE=10;
11334  run;

NOTE: There were 4 observations read from the data set EMWS3.MDLCOMP3_EMRANK.
      WHERE DECILE=10;
NOTE: The data set WORK._TEMP has 4 observations and 10 variables.
NOTE: PROCEDURE SORT used (Total process time):
      real time           0.01 seconds
      cpu time            0.00 seconds
      

11335  data _temp;
11336  retain _GAIN_ _VGAIN_ _LIFT_ _LIFTC_ _VLIFT_ _VLIFTC_ _RESP_ _RESPC_ _VRESP_ _VRESPC_
11336! _CAP_ _CAPC_ _VCAP_ _VCAPC_ .;
11337  label _GAIN_ = "%sysfunc(sasmsg(sashelp.dmine, rpt_traingain_vlabel, NOQUOTE))" _VGAIN_
11337! = "%sysfunc(sasmsg(sashelp.dmine, rpt_validgain_vlabel, NOQUOTE))" _LIFT_ =
11337! "%sysfunc(sasmsg(sashelp.dmine, rpt_trainlift_vlabel, NOQUOTE))" _VLIFT_ =
11338     "%sysfunc(sasmsg(sashelp.dmine, rpt_validlift_vlabel, NOQUOTE))" _RESP_ =
11338! "%sysfunc(sasmsg(sashelp.dmine, rpt_trainresp_vlabel, NOQUOTE))" _VRESP_ =
11338! "%sysfunc(sasmsg(sashelp.dmine, rpt_validresp_vlabel, NOQUOTE))" _CAP_ =
11339     "%sysfunc(sasmsg(sashelp.dmine, rpt_traincap_vlabel,  NOQUOTE))" _VCAP_ =
11339! "%sysfunc(sasmsg(sashelp.dmine, rpt_validcap_vlabel,  NOQUOTE))" _LIFTC_ =
11339! "%sysfunc(sasmsg(sashelp.dmine, rpt_trainliftc_vlabel, NOQUOTE))" _VLIFTC_ =
11340     "%sysfunc(sasmsg(sashelp.dmine, rpt_validliftc_vlabel, NOQUOTE))" _RESPC_ =
11340! "%sysfunc(sasmsg(sashelp.dmine, rpt_trainrespc_vlabel, NOQUOTE))" _VRESPC_ =
11340! "%sysfunc(sasmsg(sashelp.dmine, rpt_validrespc_vlabel, NOQUOTE))" _CAPC_ =
11341     "%sysfunc(sasmsg(sashelp.dmine, rpt_traincapc_vlabel,  NOQUOTE))" _VCAPC_ =
11341! "%sysfunc(sasmsg(sashelp.dmine, rpt_validcapc_vlabel,  NOQUOTE))" _TGAIN_ =
11341! "%sysfunc(sasmsg(sashelp.dmine, rpt_testgain_vlabel,  NOQUOTE))" _TLIFT_ =
11342     "%sysfunc(sasmsg(sashelp.dmine, rpt_testlift_vlabel,   NOQUOTE))" _TRESP_ =
11342! "%sysfunc(sasmsg(sashelp.dmine, rpt_testresp_vlabel,  NOQUOTE))" _TCAP_ =
11342! "%sysfunc(sasmsg(sashelp.dmine, rpt_testcap_vlabel,   NOQUOTE))" _TLIFTC_ =
11343     "%sysfunc(sasmsg(sashelp.dmine, rpt_testliftc_vlabel,   NOQUOTE))" _TRESPC_ =
11343! "%sysfunc(sasmsg(sashelp.dmine, rpt_testrespc_vlabel,  NOQUOTE))" _TCAPC_ =
11343! "%sysfunc(sasmsg(sashelp.dmine, rpt_testcapc_vlabel,   NOQUOTE))";
11344  set _temp;
11345  by MODEL;
11346  if first.MODEL then do;
11347  _GAIN_=.;
11348  _VGAIN_=.;
11349  _TGAIN_=.;
11350  _LIFT_=.;
11351  _VLIFT_=.;
11352  _TLIFT_=.;
11353  _LIFTC_=.;
11354  _VLIFTC_=.;
11355  _TLIFTC_=.;
11356  _RESP_=.;
11357  _VRESP_=.;
11358  _TRESP_=.;
11359  _RESPC_=.;
11360  _VRESPC_=.;
11361  _TRESPC_=.;
11362  _CAP_=.;
11363  _VCAP_=.;
11364  _TCAP_=.;
11365  _CAPC_=.;
11366  _VCAPC_=.;
11367  _VCAPC_=.;
11368  end;
11369  select(DATAROLE);
11370  when('TRAIN') do;
11371  _GAIN_=GAIN;
11372  _LIFT_=LIFT;
11373  _LIFTC_=LIFTC;
11374  _RESP_=RESP;
11375  _RESPC_=RESPC;
11376  _CAP_=CAP;
11377  _CAPC_=CAPC;
11378  end;
11379  when('VALIDATE') do;
11380  _VGAIN_=GAIN;
11381  _VLIFT_=LIFT;
11382  _VLIFTC_=LIFTC;
11383  _VRESP_=RESP;
11384  _VRESPC_=RESPC;
11385  _VCAP_=CAP;
11386  _VCAPC_=CAPC;
11387  end;
11388  when('TEST') do;
11389  _TGAIN_=GAIN;
11390  _TLIFT_=LIFT;
11391  _TLIFTC_=LIFTC;
11392  _TRESP_=RESP;
11393  _TRESPC_=RESPC;
11394  _TCAP_=CAP;
11395  _TCAPC_=CAPC;
11396  end;
11397  otherwise;
11398  end;
11399  keep MODEL _GAIN_ _LIFT_ _LIFTC_ _RESP_ _RESPC_ _CAP_ _CAPC_
11400  _VGAIN_ _VLIFT_ _VLIFTC_ _VRESP_ _VRESPC_ _VCAP_ _VCAPC_
11401  ;
11402  if last.model then output;
11403  run;

NOTE: There were 4 observations read from the data set WORK._TEMP.
NOTE: The data set WORK._TEMP has 2 observations and 15 variables.
NOTE: DATA statement used (Total process time):
      real time           0.06 seconds
      cpu time            0.06 seconds
      

11404  proc sort data=EMWS3.MdlComp3_EMOUTFIT;
11405  by MODEL;
11406  run;

NOTE: There were 2 observations read from the data set EMWS3.MDLCOMP3_EMOUTFIT.
NOTE: The data set EMWS3.MDLCOMP3_EMOUTFIT has 2 observations and 49 variables.
NOTE: PROCEDURE SORT used (Total process time):
      real time           0.02 seconds
      cpu time            0.01 seconds
      

11407  data EMWS3.MdlComp3_EMOUTFIT;
11408  merge EMWS3.MdlComp3_EMOUTFIT _temp;
11409  by MODEL;
11410  run;

NOTE: There were 2 observations read from the data set EMWS3.MDLCOMP3_EMOUTFIT.
NOTE: There were 2 observations read from the data set WORK._TEMP.
NOTE: The data set EMWS3.MDLCOMP3_EMOUTFIT has 2 observations and 63 variables.
NOTE: DATA statement used (Total process time):
      real time           0.01 seconds
      cpu time            0.01 seconds
      

11411  data EMWS3.MdlComp3_EMOUTFIT;
11412  length PARENT $16 MODEL $16 MODELDESCRIPTION $81 TARGET $32 TARGETLABEL $200 _CRITERION_
11412!  8;
11413  set EMWS3.MdlComp3_EMOUTFIT;
11414  label _CRITERION_ = "%sysfunc(sasmsg(sashelp.dmine, rpt_selectioncriterion_vlabel ,
11414! NOQUOTE, %nrbquote(Valid: Misclassification Rate)))";
11415  _CRITERION_ = _VMISC_;
11416  run;

NOTE: There were 2 observations read from the data set EMWS3.MDLCOMP3_EMOUTFIT.
NOTE: The data set EMWS3.MDLCOMP3_EMOUTFIT has 2 observations and 64 variables.
NOTE: DATA statement used (Total process time):
      real time           0.01 seconds
      cpu time            0.00 seconds
      

11417  data EMWS3.MdlComp3_EMOUTFIT;
11418  length USE $1;
11419  label USE= "%sysfunc(sasmsg(sashelp.dmine, rpt_selmodel_vlabel,  NOQUOTE))";
11420  set EMWS3.MdlComp3_EMOUTFIT;
11421  run;

NOTE: Variable USE is uninitialized.
NOTE: There were 2 observations read from the data set EMWS3.MDLCOMP3_EMOUTFIT.
NOTE: The data set EMWS3.MDLCOMP3_EMOUTFIT has 2 observations and 65 variables.
NOTE: DATA statement used (Total process time):
      real time           0.02 seconds
      cpu time            0.01 seconds
      

11422  proc sort data = EMWS3.MdlComp3_EMOUTFIT NOTHREADS;
11423  by
11424  _VMISC_
11425  _VASE_ _ASE_ _MISC_;
11426  run;

NOTE: There were 2 observations read from the data set EMWS3.MDLCOMP3_EMOUTFIT.
NOTE: The data set EMWS3.MDLCOMP3_EMOUTFIT has 2 observations and 65 variables.
NOTE: PROCEDURE SORT used (Total process time):
      real time           0.03 seconds
      cpu time            0.01 seconds
      

11427  %let EM_AUTOMODEL = %str();
11428  data EMWS3.MdlComp3_EMOUTFIT;
11429  set EMWS3.MdlComp3_EMOUTFIT;
11430  drop found;
11431  retain found 0;
11432  if found = 0 and _VMISC_ ne . then do;
11433  use = 'Y';
11434  found = 1;
11435  call symput('EM_AUTOMODEL', model);
11436  end;
11437  run;

NOTE: There were 2 observations read from the data set EMWS3.MDLCOMP3_EMOUTFIT.
NOTE: The data set EMWS3.MDLCOMP3_EMOUTFIT has 2 observations and 65 variables.
NOTE: DATA statement used (Total process time):
      real time           0.01 seconds
      cpu time            0.01 seconds
      

11438  title ' ';
11439  proc print data=EMWS3.MdlComp3_EMOUTFIT noobs label;
11440  var
11441  USE
11442  MODEL
11443  MODELDESCRIPTION
11444  _VMISC_
11445  _ASE_
11446  _MISC_
11447  _VASE_
11448  ;
11449  title9 "%sysfunc(sasmsg(sashelp.dmine, rpt_fitstat_title,        NOQUOTE))";
11450  title10 "Model Selection based on Valid: Misclassification Rate (_VMISC_)";
11451  run;

NOTE: There were 2 observations read from the data set EMWS3.MDLCOMP3_EMOUTFIT.
NOTE: The PROCEDURE PRINT printed page 2.
NOTE: PROCEDURE PRINT used (Total process time):
      real time           0.00 seconds
      cpu time            0.01 seconds
      

11452  title9;
11453  title10;
11454  proc transpose data=EMWS3.MdlComp3_EMOUTFIT out= work.modelstats(rename=(_LABEL_=Label
11454! _NAME_=STAT));
11455  ID model;
11456  by target targetLabel;
11457  run;

NOTE: There were 2 observations read from the data set EMWS3.MDLCOMP3_EMOUTFIT.
NOTE: The data set WORK.MODELSTATS has 59 observations and 6 variables.
NOTE: PROCEDURE TRANSPOSE used (Total process time):
      real time           0.02 seconds
      cpu time            0.01 seconds
      

11458  data work.modelstats;
11459  set work.modelstats;
11460  if substr(STAT, 1, 2) = '_V' or STAT='VKS' then do;
11461  NumRole=2;
11462  end;
11463  else if substr(STAT, 1, 2) = '_T' or STAT='TKS' then do;
11464  NumRole=3;
11465  end;
11466  else if substr(STAT, 1, 1) = '_' or STAT in('KS', 'BINNED_KS_PROB_CUTOFF') then do;
11467  NumRole=1;
11468  end;
11469  run;

NOTE: There were 59 observations read from the data set WORK.MODELSTATS.
NOTE: The data set WORK.MODELSTATS has 59 observations and 7 variables.
NOTE: DATA statement used (Total process time):
      real time           0.00 seconds
      cpu time            0.01 seconds
      

11470  proc sort data=work.modelstats out=work.modelstats;
11471  by NumRole STAT;
11472  run;

NOTE: There were 59 observations read from the data set WORK.MODELSTATS.
NOTE: The data set WORK.MODELSTATS has 59 observations and 7 variables.
NOTE: PROCEDURE SORT used (Total process time):
      real time           0.01 seconds
      cpu time            0.01 seconds
      

11473  proc format;
11474  value RoleFmt 1='Train' 2='Valid' 3='Test';
NOTE: Format ROLEFMT has been output.
11475  run;

NOTE: PROCEDURE FORMAT used (Total process time):
      real time           0.00 seconds
      cpu time            0.00 seconds
      

11476  proc print data= work.modelstats(drop=STAT target targetLabel) noobs label;
11477  label Label = "%sysfunc(sasmsg(sashelp.dmine, rpt_statistics_vlabel, NOQUOTE))" NumRole=
11477!  "%sysfunc(sasmsg(sashelp.dmine, rpt_datarole_vlabel,   NOQUOTE))";
11478  title9 "%sysfunc(sasmsg(sashelp.dmine, rpt_fittable_title, NOQUOTE))";
11479  title10 "%sysfunc(sasmsg(sashelp.dmine, rpt_target_title,   NOQUOTE, REP_updownInd))";
11480  by NumRole;
11481  format NumRole RoleFmt.;
11482  run;

NOTE: There were 59 observations read from the data set WORK.MODELSTATS.
NOTE: The PROCEDURE PRINT printed page 3.
NOTE: PROCEDURE PRINT used (Total process time):
      real time           0.02 seconds
      cpu time            0.01 seconds
      

11483  title9;
11484  title10;
11485  data EMWS3.MdlComp3_COMPAREFIT;
11486  length DataRole Target $32 targetlabel $200;
11487  label DataRole = "%sysfunc(sasmsg(sashelp.dmine, rpt_datarole_vlabel,  NOQUOTE))" STAT =
11487!  "%sysfunc(sasmsg(sashelp.dmine, rpt_fitstat_vlabel,   NOQUOTE))" LABEL =
11487! "%sysfunc(sasmsg(sashelp.dmine, rpt_statlabel_vlabel, NOQUOTE))";
11488  set work.modelstats;
11489  DataRole = strip(put(NumRole, Rolefmt.));
11490  drop NumRole;
11491  run;

NOTE: There were 59 observations read from the data set WORK.MODELSTATS.
NOTE: The data set EMWS3.MDLCOMP3_COMPAREFIT has 59 observations and 7 variables.
NOTE: DATA statement used (Total process time):
      real time           0.02 seconds
      cpu time            0.03 seconds
      

11492  %macro ReportFit;
11493  proc transpose data= EMWS3.MdlComp3_EMOUTFIT(obs=1) out=tempFit;
11494  run;
11495  data _null_;
11496  set tempfit end=eof;
11497  retain statCount 0;
11498  if substr(_NAME_,1,2) ^in('_V', '_T', 'TK', 'VK') then do;
11499  statCount + 1;
11500  call symput('statName'!!strip(put(statCount,best.)), _NAME_);
11501  call symput('statLabel'!!strip(put(statCount,best.)), scan(_LABEL_,2, ':'));
11502  end;
11503  if eof then do;
11504  call symput('statCount', strip(put(statCount,best.)));
11505  end;
11506  run;
11507  data EMWS3.MdlComp3_EMREPORTFIT;
11508  set EMWS3.MdlComp3_EMOUTFIT;
11509  length FitStat $41 Label $40;
11510  label FitStat = "%sysfunc(sasmsg(sashelp.dmine, rpt_fitstat_vlabel,   NOQUOTE))" LABEL =
11510!  "%sysfunc(sasmsg(sashelp.dmine, rpt_statlabel_vlabel, NOQUOTE))";
11511  %do i=1 %to &statCount;
11512  FitStat="&&StatName&i";
11513  Label="&&StatLabel&i";
11514  Train =&&StatName&i;
11515  %if &&StatName&i= KS %then %do;
11516  Validate = VKS;
11517  Test = TKS;
11518  %end;
11519  %else %if &&StatName&i= BINNED_KS_PROB_CUTOFF %then %do;
11520  Validate = _VBINNED_KS_PROB_CUTOFF_;
11521  Test = _TBINNED_KS_PROB_CUTOFF_;
11522  %end;
11523  %else %do;
11524  %let VstatName= _V%substr(&&StatName&i,2);
11525  %let TstatName= _T%substr(&&StatName&i,2);
11526  Validate=&VStatName;
11527  Test=&TStatName;
11528  %end;
11529  output;
11530  %end;
11531  keep Parent Model Target TargetLabel FitStat Label Train Validate Test;
11532  run;
11533  %mend;
11534  %reportFit;

NOTE: There were 1 observations read from the data set EMWS3.MDLCOMP3_EMOUTFIT.
NOTE: The data set WORK.TEMPFIT has 59 observations and 3 variables.
NOTE: PROCEDURE TRANSPOSE used (Total process time):
      real time           0.01 seconds
      cpu time            0.01 seconds
      


NOTE: There were 59 observations read from the data set WORK.TEMPFIT.
NOTE: DATA statement used (Total process time):
      real time           0.00 seconds
      cpu time            0.00 seconds
      


NOTE: Variable _VCRITERION_ is uninitialized.
NOTE: Variable _TCRITERION_ is uninitialized.
NOTE: Variable _TNOBS_ is uninitialized.
NOTE: Variable _TMISC_ is uninitialized.
NOTE: Variable _TMAX_ is uninitialized.
NOTE: Variable _TSSE_ is uninitialized.
NOTE: Variable _TASE_ is uninitialized.
NOTE: Variable _TRASE_ is uninitialized.
NOTE: Variable _TDIV_ is uninitialized.
NOTE: Variable _VDFT_ is uninitialized.
NOTE: Variable _TDFT_ is uninitialized.
NOTE: Variable _VAIC_ is uninitialized.
NOTE: Variable _TAIC_ is uninitialized.
NOTE: Variable _TAVERR_ is uninitialized.
NOTE: Variable _VDFE_ is uninitialized.
NOTE: Variable _TDFE_ is uninitialized.
NOTE: Variable _VDFM_ is uninitialized.
NOTE: Variable _TDFM_ is uninitialized.
NOTE: Variable _TERR_ is uninitialized.
NOTE: Variable _VFPE_ is uninitialized.
NOTE: Variable _TFPE_ is uninitialized.
NOTE: Variable _TMSE_ is uninitialized.
NOTE: Variable _VNW_ is uninitialized.
NOTE: Variable _TNW_ is uninitialized.
NOTE: Variable _VRFPE_ is uninitialized.
NOTE: Variable _TRFPE_ is uninitialized.
NOTE: Variable _TRMSE_ is uninitialized.
NOTE: Variable _VSBC_ is uninitialized.
NOTE: Variable _TSBC_ is uninitialized.
NOTE: Variable _TSUMW_ is uninitialized.
NOTE: Variable _TAUR_ is uninitialized.
NOTE: Variable _TGINI_ is uninitialized.
NOTE: Variable TKS is uninitialized.
NOTE: Variable _VKS_PROB_CUTOFF is uninitialized.
NOTE: Variable _TKS_PROB_CUTOFF is uninitialized.
NOTE: Variable _TKS_BIN_ is uninitialized.
NOTE: Variable _TBINNED_KS_PROB_CUTOFF_ is uninitialized.
NOTE: Variable _TGAIN_ is uninitialized.
NOTE: Variable _TLIFT_ is uninitialized.
NOTE: Variable _TLIFTC_ is uninitialized.
NOTE: Variable _TRESP_ is uninitialized.
NOTE: Variable _TRESPC_ is uninitialized.
NOTE: Variable _TCAP_ is uninitialized.
NOTE: Variable _TCAPC_ is uninitialized.
NOTE: There were 2 observations read from the data set EMWS3.MDLCOMP3_EMOUTFIT.
NOTE: The data set EMWS3.MDLCOMP3_EMREPORTFIT has 68 observations and 9 variables.
NOTE: DATA statement used (Total process time):
      real time           0.02 seconds
      cpu time            0.03 seconds
      


11535  proc print data=EMWS3.MdlComp3_EMEVENTREPORT(drop=PARENT) noobs label;
11536  title9 "%sysfunc(sasmsg(sashelp.dmine, rpt_eventtable_title ,    NOQUOTE))";
11537  title10 "Model Selection based on Valid: Misclassification Rate (_VMISC_)";
11538  run;

NOTE: There were 4 observations read from the data set EMWS3.MDLCOMP3_EMEVENTREPORT.
NOTE: The PROCEDURE PRINT printed page 4.
NOTE: PROCEDURE PRINT used (Total process time):
      real time           0.00 seconds
      cpu time            0.00 seconds
      

11539  title9;
11540  title10;

11541  proc datasets library=EMWS3 nolist;
11542  modify MdlComp3_EMRANK;
11543  label PARENT = "%sysfunc(sasmsg(sashelp.dmine, rpt_parent_vlabel  ,  NOQUOTE))" MODEL =
11543! "%sysfunc(sasmsg(sashelp.dmine, rpt_modelnode_vlabel, NOQUOTE))" DATAROLE =
11543! "%sysfunc(sasmsg(sashelp.dmine, rpt_datarole_vlabel,  NOQUOTE))" TARGET =
11544     "%sysfunc(sasmsg(sashelp.dmine, rpt_targetvar_vlabel, NOQUOTE))" TARGETLABEL =
11544! "%sysfunc(sasmsg(sashelp.dmine, meta_targetlabel_vlabel, NOQUOTE))";
11545  run;

NOTE: MODIFY was successful for EMWS3.MDLCOMP3_EMRANK.DATA.

NOTE: PROCEDURE DATASETS used (Total process time):
      real time           0.03 seconds
      cpu time            0.03 seconds
      

11546  proc sort data=EMWS3.MdlComp3_EMRANK NOTHREADS;
11547  by descending model target;
11548  run;

NOTE: There were 80 observations read from the data set EMWS3.MDLCOMP3_EMRANK.
NOTE: The data set EMWS3.MDLCOMP3_EMRANK has 80 observations and 38 variables.
NOTE: PROCEDURE SORT used (Total process time):
      real time           0.00 seconds
      cpu time            0.00 seconds
      

11549  proc datasets library=EMWS3 nolist;
11550  modify MdlComp3_EMSCOREDIST;
11551  label PARENT = "%sysfunc(sasmsg(sashelp.dmine, rpt_parent_vlabel  ,  NOQUOTE))" MODEL =
11551! "%sysfunc(sasmsg(sashelp.dmine, rpt_modelnode_vlabel, NOQUOTE))" DATAROLE =
11551! "%sysfunc(sasmsg(sashelp.dmine, rpt_datarole_vlabel,  NOQUOTE))" TARGET =
11552     "%sysfunc(sasmsg(sashelp.dmine, rpt_targetvar_vlabel, NOQUOTE))" TARGETLABEL =
11552! "%sysfunc(sasmsg(sashelp.dmine, meta_targetlabel_vlabel, NOQUOTE))";
11553  run;

NOTE: MODIFY was successful for EMWS3.MDLCOMP3_EMSCOREDIST.DATA.

NOTE: PROCEDURE DATASETS used (Total process time):
      real time           0.08 seconds
      cpu time            0.07 seconds
      

11554  proc sort data=EMWS3.MdlComp3_EMSCOREDIST NOTHREADS;
11555  by descending model target;
11556  run;

NOTE: There were 56 observations read from the data set EMWS3.MDLCOMP3_EMSCOREDIST.
NOTE: The data set EMWS3.MDLCOMP3_EMSCOREDIST has 56 observations and 24 variables.
NOTE: PROCEDURE SORT used (Total process time):
      real time           0.00 seconds
      cpu time            0.00 seconds
      

11557  proc sort data=EMWS3.MdlComp3_EMROC NOTHREADS;
11558  by descending model target;
11559  run;

NOTE: There were 412 observations read from the data set EMWS3.MDLCOMP3_EMROC.
NOTE: The data set EMWS3.MDLCOMP3_EMROC has 412 observations and 18 variables.
NOTE: PROCEDURE SORT used (Total process time):
      real time           0.03 seconds
      cpu time            0.00 seconds
      

