*------------------------------------------------------------*
* Report Log
Date:                May 11, 2019
Time:                22:58:45
*------------------------------------------------------------*
16309  %let EMEXCEPTIONSTRING=;
16310  *------------------------------------------------------------*;
16311  * REPORT: EMSave;
16312  *------------------------------------------------------------*;
16313  %let EM_ACTION = REPORT;
16314  %let syscc = 0;
16315  *** MAIN MACRO FOR EMSAVE EXTENSION NODE;
16316  
16317  %macro EM_SAVEXT_MAIN;
16318  
16319     %if %upcase("&EM_ACTION") = "CREATE" %then %do;
16320         filename _create catalog 'sashelp.emutil.savext_create.source';
16321         %include _create;
16322         filename _create;
16323         %EM_SAVEXT_CREATE;
16324     %end;
16325     %else
16326     %if %upcase("&EM_ACTION") = "TRAIN" %then %do;
16327         filename _train catalog 'sashelp.emutil.savext_train.source';
16328         %include _train;
16329         filename _train;
16330         %EM_SAVEXT_TRAIN;
16331     %end;
16332  
16333  %mend EM_SAVEXT_MAIN;
16334  
16335  %EM_SAVEXT_MAIN;
16336  
16337  *------------------------------------------------------------*;
16338  * End REPORT: EMSave;
16339  *------------------------------------------------------------*;

16340  /* Reset EM Options */
16341  options formchar="|----|+|---+=|-/\<>*";
16342  options nocenter ls=256 ps=10000;
16343  goptions reset=all device=GIF NODISPLAY;

