*------------------------------------------------------------*
* Score Log
Date:                May 11, 2019
Time:                22:58:43
*------------------------------------------------------------*
15904  %let EMEXCEPTIONSTRING=;
15905  *------------------------------------------------------------*;
15906  * SCORE: EMSave;
15907  *------------------------------------------------------------*;
15908  %let EM_ACTION = SCORE;
15909  %let syscc = 0;
15910  *** MAIN MACRO FOR EMSAVE EXTENSION NODE;
15911  
15912  %macro EM_SAVEXT_MAIN;
15913  
15914     %if %upcase("&EM_ACTION") = "CREATE" %then %do;
15915         filename _create catalog 'sashelp.emutil.savext_create.source';
15916         %include _create;
15917         filename _create;
15918         %EM_SAVEXT_CREATE;
15919     %end;
15920     %else
15921     %if %upcase("&EM_ACTION") = "TRAIN" %then %do;
15922         filename _train catalog 'sashelp.emutil.savext_train.source';
15923         %include _train;
15924         filename _train;
15925         %EM_SAVEXT_TRAIN;
15926     %end;
15927  
15928  %mend EM_SAVEXT_MAIN;
15929  
15930  %EM_SAVEXT_MAIN;
15931  
15932  *------------------------------------------------------------*;
15933  * End SCORE: EMSave;
15934  *------------------------------------------------------------*;

15935  *------------------------------------------------------------*;
15936  * EMSave: Scoring DATA data;
15937  *------------------------------------------------------------*;
15938  data EMWS3.EMSave_TRAIN
15939  / view=EMWS3.EMSave_TRAIN
15940  ;
15941  set EMWS3.FIMPORT_train
15942  ;
15943  run;

NOTE: DATA STEP view saved on file EMWS3.EMSAVE_TRAIN.
NOTE: A stored DATA STEP view cannot run under a different operating system.
NOTE: View EMWS3.FIMPORT_TRAIN.VIEW used (Total process time):
      real time           0.04 seconds
      cpu time            0.04 seconds
      
NOTE: DATA statement used (Total process time):
      real time           0.05 seconds
      cpu time            0.06 seconds
      

15944  quit;

15946  *------------------------------------------------------------*;
15947  * EMSave: Computing metadata for TRAIN data;
15948  *------------------------------------------------------------*;

NOTE: View EMWS3.EMSAVE_TRAIN.VIEW used (Total process time):
      real time           0.08 seconds
      cpu time            0.07 seconds
      
NOTE: View EMWS3.EMSAVE_TRAIN.VIEW used (Total process time):
      real time           0.07 seconds
      cpu time            0.07 seconds
      
