*------------------------------------------------------------*
* Training Log
Date:                May 11, 2019
Time:                22:58:39
*------------------------------------------------------------*
14715  proc freq data=EMWS3.EMSave_VariableSet noprint;
14716  table ROLE*LEVEL/out=WORK.EMSaveMETA;
14717  run;

NOTE: There were 21 observations read from the data set EMWS3.EMSAVE_VARIABLESET.
NOTE: The data set WORK.EMSAVEMETA has 3 observations and 4 variables.
NOTE: PROCEDURE FREQ used (Total process time):
      real time           0.02 seconds
      cpu time            0.01 seconds
      

14718  proc print data=WORK.EMSaveMETA label noobs;
14719  var ROLE LEVEL COUNT;
14720  label ROLE = "%sysfunc(sasmsg(sashelp.dmine, meta_role_vlabel, NOQUOTE))" LEVEL = "%sysfunc(sasmsg(sashelp.dmine, meta_level_vlabel, NOQUOTE))" COUNT = "%sysfunc(sasmsg(sashelp.dmine, rpt_count_vlabel, NOQUOTE))";
14721  title9 ' ';
14722  title10 "%sysfunc(sasmsg(sashelp.dmine, rpt_varSummary_title  , NOQUOTE))";
14723  run;

NOTE: There were 3 observations read from the data set WORK.EMSAVEMETA.
NOTE: The PROCEDURE PRINT printed page 1.
NOTE: PROCEDURE PRINT used (Total process time):
      real time           0.02 seconds
      cpu time            0.03 seconds
      

14724  title10;

14725  %let EMEXCEPTIONSTRING=;
15043  *------------------------------------------------------------*;
15044  * EMSave: Generation of macros and macro variables;
15045  * To see the code generated, set the EM_DEBUG macro variable to SOURCE or _ALL_;
15046  *------------------------------------------------------------*;

15047  %let EMEXCEPTIONSTRING=;
15048  *------------------------------------------------------------*;
15049  * TRAIN: EMSave;
15050  *------------------------------------------------------------*;
15051  %let EM_ACTION = TRAIN;
15052  %let syscc = 0;
15053  *** MAIN MACRO FOR EMSAVE EXTENSION NODE;
15054  
15055  %macro EM_SAVEXT_MAIN;
15056  
15057     %if %upcase("&EM_ACTION") = "CREATE" %then %do;
15058         filename _create catalog 'sashelp.emutil.savext_create.source';
15059         %include _create;
15060         filename _create;
15061         %EM_SAVEXT_CREATE;
15062     %end;
15063     %else
15064     %if %upcase("&EM_ACTION") = "TRAIN" %then %do;
15065         filename _train catalog 'sashelp.emutil.savext_train.source';
15066         %include _train;
15067         filename _train;
15068         %EM_SAVEXT_TRAIN;
15069     %end;
15070  
15071  %mend EM_SAVEXT_MAIN;
15072  
15073  %EM_SAVEXT_MAIN;
NOTE: %INCLUDE (level 1) file _TRAIN is file SASHELP.EMUTIL.SAVEXT_TRAIN.SOURCE.
15074 +*** TRAINING MACRO FOR EM_SAVEXT EXTENSION NODE;
15076 +%macro EM_SAVEXT_TRAIN;
15078 +    *** IMPORT UTILITY MACROS;
15080 +    filename _savutil catalog 'sashelp.emutil.savext_macros.source';
15081 +    %include _savutil;
15082 +    filename _savutil;
15084 +    *** CHECK FOR IMPORT DATA SOURCES WITHOUT READING PROJECT SETS ************;
15085 +    *** POPULATE MACRO ARRAY TO HOLD ONLY EXISTING AND REQUESTED PARTITIONS ***;
15086 +    *** GET NUMBER OF EXISTING AND REQUESTED PARTITIONS ***********************;
15088 +    data _null_;
15089 +        length _save_set $50 _save_role $20 _save_set_index $12 _save_role_index $14 _i 3;
15090 +        _i=0;
15092 +        *** TRAIN;
15093 +        %if (%EM_SAVEXT_SET_EXISTS(&EM_IMPORT_DATA) and (("&EM_PROPERTY_TRAIN"="Y") or ("&EM_PROPERTY_ALLROLES"="Y"))) %then %do;
15094 +            _i=_i+1;                                                        /* INCREMENT ARRAY INDEX */
15095 +            %EM_SAVEXT_REGISTER(&EM_IMPORT_DATA, TRAIN, _i);                /* INSERT INTO MACRO ARRAY */
15096 +        %end;
15098 +        *** VALIDATE;
15099 +        %if (%EM_SAVEXT_SET_EXISTS(&EM_IMPORT_VALIDATE) and (("&EM_PROPERTY_VALIDATE"="Y") or ("&EM_PROPERTY_ALLROLES"="Y"))) %then %do;
15100 +            _i=_i+1;
15101 +            %EM_SAVEXT_REGISTER(&EM_IMPORT_VALIDATE, VALIDATE, _i);
15102 +        %end;
15104 +        *** TEST;
15105 +        %if (%EM_SAVEXT_SET_EXISTS(&EM_IMPORT_TEST) and (("&EM_PROPERTY_TEST"="Y") or ("&EM_PROPERTY_ALLROLES"="Y"))) %then %do;
15106 +            _i=_i+1;
15107 +            %EM_SAVEXT_REGISTER(&EM_IMPORT_TEST, TEST, _i);
15108 +        %end;
15110 +        *** SCORE;
15111 +        %if (%EM_SAVEXT_SET_EXISTS(&EM_IMPORT_SCORE) and (("&EM_PROPERTY_SCORE"="Y") or ("&EM_PROPERTY_ALLROLES"="Y"))) %then %do;
15112 +            _i=_i+1;
15113 +            %EM_SAVEXT_REGISTER(&EM_IMPORT_SCORE, SCORE, _i);
15114 +        %end;
15116 +        *** TRANSACTION;
15117 +        %if (%EM_SAVEXT_SET_EXISTS(&EM_IMPORT_TRANSACTION) and (("&EM_PROPERTY_TRANSACTION"="Y") or ("&EM_PROPERTY_ALLROLES"="Y"))) %then %do;
15118 +            _i=_i+1;
15119 +            %EM_SAVEXT_REGISTER(&EM_IMPORT_TRANSACTION, TRANSACTION, _i);
15120 +        %end;
15122 +        *** ESTABLISH NUMBER OF SETS TO SAVE;
15123 +        call symput('_NUM_SAVE_SETS', strip(put(_i,1.)));
15125 +    run;
15127 +    *** EXIT IF NO PARTITIONS TO SAVE;
15129 +    %if ^(&_NUM_SAVE_SETS) %then %do;
15130 +        %put &EM_CODEBAR;
15131 +        %let WARNING = %sysfunc(sasmsg(sashelp.dmine, save_nodata_warn, NOQUOTE));
15132 +        %put &WARNING;
15133 +        %put &EM_CODEBAR;
15134 +        %goto quit;
15135 +    %end;
15137 +    *** FOR FILE PREFIXES CONTAINING PROBLEMATIC CHARACTERS;
15138 +    *** REVERT TO DEFAULT NAME;
15140 +    %if ^(%nrbquote(%sysfunc(compress("&EM_PROPERTY_NAME")))="") %then %do;
15141 +        %let _BAD_CHARS= <>:%str(%")%str(%')/\|?* %nrstr(&)%nrstr(%%);
15142 +        %let _BAD_CHAR_FLAG= 0;
15143 +        %do _i= 1 %to %length(%nrbquote(&_BAD_CHARS));
15144 +            %if %index(%nrbquote(&EM_PROPERTY_NAME), %nrbquote(%substr(%nrbquote(&_BAD_CHARS), &_i, 1)))
15145 +                %then %let _BAD_CHAR_FLAG= 1;
15146 +        %end;
15147 +        %if %sysfunc(kcount(%nrbquote(&EM_PROPERTY_NAME))) %then %let _BAD_CHAR_FLAG= 1;
15149 +        %if &_BAD_CHAR_FLAG %then %do;
15150 +           %put &EM_CODEBAR;
15151 +           %let WARNING= %sysfunc(sasmsg(sashelp.dmine, save_bad_char_err, NOQUOTE));
15152 +           %put &WARNING;
15153 +           %put &EM_CODEBAR;
15154 +           *** REVERT TO DEFAULT NAME;
15155 +           %let EM_PROPERTY_NAME = em_save;
15156 +        %end;
15157 +    %end;
15158 +    *** ACCOUNT FOR LIB ISSUES;
15160 +    %if (%upcase(%sysfunc(compress("&EM_PROPERTY_LIB"))) = "WORK") %then %do;
15161 +        %put &EM_CODEBAR;
15162 +        %let WARNING= %sysfunc(sasmsg(sashelp.dmine, save_work_lib_warn, NOQUOTE));
15163 +        %put &WARNING;                                                      /* WORK IS A TEMPORARY LIBRARY */
15164 +        %put &EM_CODEBAR;                                                   /* IT DISAPPEARS AFTER THE FLOW COMPLETES ALONG WITH DATA SAVED THERE */
15165 +    %end;
15168 +    %if (%sysfunc(compress("&EM_PROPERTY_LIB")) = "") %then %do;            /* IN SOME CASES THIS IS BEING INITIALIZED AS " " */
15169 +        libname _em_save "%nrbquote(&EM_NODEDIR)";                          /* AND IN OTHERS AS "" */
15170 +        %let EM_PROPERTY_LIB = _em_save;
15171 +    %end;
15173 +    *** CHECK FOR EXISTING LIB;
15175 +    %let _rc = %sysfunc(libref(&EM_PROPERTY_LIB));
15176 +    %if &_rc %then %do;
15177 +        %let EMEXCEPTIONSTRING=exception.server.DATASOURCE.LIBRARY.NOTASSIGNED,&EM_PROPERTY_LIB;
15178 +        %put &EM_CODEBAR;
15179 +        %let ERROR1 = %sysfunc(sasmsg(sashelp.dmine, DATASOURCE.LIBRARY.NOTASSIGNED_ERR, NOQUOTE, &EM_PROPERTY_LIB));
15180 +        %put &ERROR1;
15181 +        %put &EM_CODEBAR;
15182 +        %goto quit;
15183 +    %end;
15185 +    *** ACCOUNT FOR DEFAULT NAME;                                           /* IN SOME CASES THIS IS BEING INITIALIZED AS " " */
15186 +                                                                            /* AND IN OTHERS AS "" */
15187 +    %if (%sysfunc(compress("&EM_PROPERTY_NAME"))="") %then %let EM_PROPERTY_NAME = em_save;
15189 +    *** CALL UTILITY MACROS TO SAVE SETS *************************************;
15191 +    %if ("&EM_PROPERTY_TYPE"="SAS7BDAT") %then %do;                         /* OUTPUT SAS DATA SET */
15192 +        %do _i=1 %to &_num_save_sets;
15193 +            %EM_SAVEXT_GET_VARS(&&_SAVE_ROLE&_i, &&_SAVE_SET&_i);           /* GET EXACT INPUT VARS FOR EACH INPUT SET */
15194 +            %if ("&EM_NUM_SAVEXT_VARS"= "0") %then %do;                     /* IF NO VARIABLES WERE SELECTED CONTINUE TO NEXT PARTITION */
15195 +                %put &EM_CODEBAR;                                           /* REALLY ONLY MATTERS FOR TRANSACTION DATA - OTHERWISE ALL PARTITIONS WILL HAVE SAME NUMBER OF VARS */
15196 +                %let WARNING = %sysfunc(sasmsg(sashelp.dmine, save_novars_warn, NOQUOTE, &EM_NUM_SAVEXT_VARS));
15197 +                %put &WARNING;
15198 +                %put &EM_CODEBAR;
15199 +                %goto continue_sas_loop;
15200 +            %end;
15201 +            %EM_SAVEXT_SAS(&&_SAVE_ROLE&_i, &&_SAVE_SET&_i);                /* CYCLE THROUGH SETS TO SAVE */
15202 +            %continue_sas_loop:
15203 +        %end;
15204 +    %end;
15205 +    %else %do;                                                              /* OUTPUT JMP, EXCEL 2007, CSV OR TAB TABLE */
15206 +        %do _i=1 %to &_num_save_sets;
15207 +            %EM_SAVEXT_GET_VARS(&&_SAVE_ROLE&_i, &&_SAVE_SET&_i);
15208 +            %if ("&EM_NUM_SAVEXT_VARS"= "0") %then %do;
15209 +                %put &EM_CODEBAR;
15210 +                %let WARNING = %sysfunc(sasmsg(sashelp.dmine, save_novars_warn, NOQUOTE, &EM_NUM_SAVEXT_VARS));
15211 +                %put &WARNING;
15212 +                %put &EM_CODEBAR;
15213 +                %goto continue_pxpt_loop;
15214 +            %end;
15215 +            %EM_SAVEXT_PXPT(&&_SAVE_ROLE&_i, &&_SAVE_SET&_i);
15216 +            %continue_pxpt_loop:
15217 +        %end;
15218 +    %end;
15220 +    *** OUTPUT ****************************************************************;
15222 +    %if %sysfunc(exist(_save_output_temp)) %then %do;
15224 +        %EM_GETNAME(key=SAVEOUT, type=DATA);
15226 +        *** SAVE OUTPUT DATA TO PROJECT;
15228 +        data &EM_USER_SAVEOUT;
15229 +            set _save_output_temp;
15230 +            label
15231 +                nobs="%sysfunc(sasmsg(sashelp.dmine, save_numobs_vlabel, NOQUOTE))"
15232 +                outnobs="%sysfunc(sasmsg(sashelp.dmine, save_numoutobs_vlabel, NOQUOTE))"
15233 +                vars="%sysfunc(sasmsg(sashelp.dmine, rpt_varcount_vlabel, NOQUOTE))"
15234 +                name="%sysfunc(sasmsg(sashelp.dmine, save_location_vlabel, NOQUOTE))"
15235 +                %if ("&EM_PROPERTY_TYPE"= "SAS7BDAT") %then %do;
15236 +                    lib= "%sysfunc(sasmsg(sashelp.dmine, rpt_datalib_vlabel, NOQUOTE))"
15237 +                %end;
15238 +                ;
15239 +        run;
15241 +        *** PRINT TO OUTPUT;
15243 +        title "%sysfunc(sasmsg(sashelp.dmine, save_results_title, NOQUOTE))";
15244 +        proc print data=&EM_USER_SAVEOUT label noobs; run;
15245 +        %EM_REPORT(key=SAVEOUT, viewtype=DATA, autodisplay=Y);
15246 +        title;
15248 +    %end;
15250 +    *** SAVE FORMATS **********************************************************;
15252 +    *** CHECK REPLACE CONSTRAINT FOR FORMATS;
15254 +    %if ((%sysfunc(cexist(&EM_PROPERTY_LIB..&EM_PROPERTY_NAME._FORMATS)) and
15255 +        "&EM_PROPERTY_TYPE"="SAS7BDAT") and
15256 +        ("&EM_PROPERTY_REPLACE"="N"))
15257 +            %then %do;
15258 +                %put &EM_CODEBAR;
15259 +                %let WARNING = %sysfunc(sasmsg(sashelp.dmine, save_nocats_warn, NOQUOTE));
15260 +                %put &WARNING;
15261 +                %put &EM_CODEBAR;
15262 +                %goto quit;
15263 +            %end;
15265 +    %if ((%sysfunc(fileexist(&EM_PROPERTY_DIRECTORYSELECTOR.&EM_DSEP.&EM_PROPERTY_NAME._FORMATS.xpt)) and
15266 +        "&EM_PROPERTY_TYPE" ne "SAS7BDAT") and
15267 +        ("&EM_PROPERTY_REPLACE"="N"))
15268 +           %then %do;
15269 +                %put &EM_CODEBAR;
15270 +                %let WARNING = %sysfunc(sasmsg(sashelp.dmine, save_nocats_warn, NOQUOTE));
15271 +                %put &WARNING;
15272 +                %put &EM_CODEBAR;
15273 +                %goto quit;
15274 +            %end;
15276 +    *** WRITE FORMAT CATALOGS OR TRANSPORT FILE TO ACCOMPANY SAVED DATA;
15277 +    *** CONTINGENT ON FORMATS EXISTING;
15278 +    *** PARSE NODE VARIABLE SET FOR FORMATS;
15280 +    %let _FORMAT_FLAG = 0;
15281 +    data _formats;
15282 +        length format $32; /* AVOID MERGE VARIABLE LENGTH WARNING */
15283 +        set &EM_DATA_VARIABLESET(keep=format where=(format ne '')) end=eof;
15284 +        format = tranwrd(format, '.', '');
15285 +        if indexc(format, '$') then fmttype = 'C';
15286 +        else fmttype = 'N';
15287 +        if eof then call symput('_FORMAT_FLAG',strip(put(1,1.)));
15288 +    run;
15289 +    %if (&_FORMAT_FLAG) %then %EM_SAVEXT_CATALOG(_formats);
15290 +    proc delete data=_formats; run;
15292 +    *** HOUSEKEEPING **********************************************************;
15294 +    %quit:
15296 +    %if ^(%sysfunc(libref(_em_save))) %then %do;
15297 +        libname &EM_PROPERTY_LIB clear;
15298 +    %end;
15300 +    %if (%sysfunc(exist(_save_output_temp))) %then %do;
15301 +        proc delete data=_save_output_temp; run;
15302 +    %end;
15304 +%mend EM_SAVEXT_TRAIN;
NOTE: %INCLUDE (level 1) ending.
NOTE: Fileref _TRAIN has been deassigned.
NOTE: %INCLUDE (level 1) file _SAVUTIL is file SASHELP.EMUTIL.SAVEXT_MACROS.SOURCE.
15305 +*** UTILITY MACROS FOR EMSAVE NODE ********************************************;
15307 +*** FUNCTIONALITY TO SAVE SAS DATA SETS ***************************************;
15308 +*** CALLED BY EM_SAVEXT_TRAIN *************************************************;
15310 +%macro EM_SAVEXT_SAS(_SAVE_ROLE, _SAVE_SET);
15312 +    *** CHECK SAS SET NAME LENGTH;
15314 +    %if %symexist(EM_SAVEXT_SAS_NAME_LENGTH) %then %do;
15315 +        %if ("&EM_SAVEXT_SAS_NAME_LENGTH"="") %then %let EM_SAVEXT_SAS_NAME_LENGTH=30;
15316 +    %end;
15317 +    %else %let EM_SAVEXT_SAS_NAME_LENGTH=30;                                /* 30 FOR OUTSIDE VENDOR LIBS */
15319 +    %if %eval((%length(&EM_PROPERTY_NAME._&_SAVE_ROLE)) > &EM_SAVEXT_SAS_NAME_LENGTH) %then %do;
15320 +        %put &EM_CODEBAR;
15321 +        %let WARNING = %sysfunc(sasmsg(sashelp.dmine, save_namelengthsas_warn, NOQUOTE, &EM_PROPERTY_NAME._&_SAVE_ROLE));
15322 +        %put &WARNING;
15323 +        %put &EM_CODEBAR;
15324 +        *** REVERTING TO DEFAULT NAME;
15325 +        %let EM_PROPERTY_NAME = em_save;
15326 +    %end;
15328 +    *** CHECK REPLACE CONSTRAINT FOR DATA SET;
15330 +    %if (%sysfunc(exist(&EM_PROPERTY_LIB..&EM_PROPERTY_NAME._&_SAVE_ROLE)) and
15331 +        ("&EM_PROPERTY_REPLACE"="N")) %then %do;
15332 +        %put &EM_CODEBAR;
15333 +        %let WARNING = %sysfunc(sasmsg(sashelp.dmine, save_replace_warn, NOQUOTE, &EM_PROPERTY_LIB..&EM_PROPERTY_NAME._&_SAVE_ROLE));
15334 +        %put &WARNING;
15335 +        %put &EM_CODEBAR;
15336 +        %goto quit;
15337 +    %end;
15339 +    *** WRITE SAVED DATA SET;
15341 +    %if ("&EM_PROPERTY_ALLOBS"="Y") %then %let EM_PROPERTY_OUTOBS=MAX;
15343 +    data &EM_PROPERTY_LIB..&EM_PROPERTY_NAME._&_SAVE_ROLE;
15344 +        set &_SAVE_SET (obs=&EM_PROPERTY_OUTOBS);
15345 +        keep %EM_SAVEXT_VARS;
15346 +    run;
15348 +    *** WRITE RESULTS *********************************************************;
15349 +    *** CONTINGENT ON SAVED FILE EXISTING *************************************;
15351 +    %let _dsid=%sysfunc(open(&_SAVE_SET));
15352 +    %if &_dsid %then %do;
15353 +        %let _SAVE_NOBS=%sysfunc(attrn(&_dsid, NLOBS));
15354 +        %let _rc=%sysfunc(close(&_dsid));
15355 +        %if %eval(&_SAVE_NOBS < 0) %then %do;
15356 +            proc sql noprint;
15357 +                select count(*) into: _SAVE_NOBS
15358 +                from &_SAVE_SET;
15359 +            ;
15360 +            quit;
15361 +        %end;
15362 +    %end;
15363 +    %else %do;
15364 +        %let EMEXCEPTIONSTRING=exception.server.IO.OPEN,&EM_PROPERTY_LIB..&EM_PROPERTY_NAME._&_SAVE_ROLE;
15365 +        %put &EM_CODEBAR;
15366 +        %let ERROR2 = %sysfunc(sasmsg(sashelp.dmine, IO.OPEN_ERR, NOQUOTE, &EM_PROPERTY_LIB..&EM_PROPERTY_NAME._&_SAVE_ROLE));
15367 +        %put &ERROR2;
15368 +        %put &EM_CODEBAR;
15369 +        %goto quit;
15370 +    %end;
15372 +    %if ("&EM_PROPERTY_OUTOBS" ne "MAX") %then %do;
15373 +        %if (%eval(&EM_PROPERTY_OUTOBS > &_SAVE_NOBS)) %then %let EM_PROPERTY_OUTOBS= MAX;
15374 +    %end;
15376 +    data _save_output_temp_record;
15377 +        length lib $20 name $255 nobs $20 outnobs $20 vars $20;
15378 +        vars=left("&EM_NUM_SAVEXT_VARS");
15379 +        outnobs=left("&EM_PROPERTY_OUTOBS");
15380 +        nobs=left("&_SAVE_NOBS");
15381 +        lib= left("&EM_PROPERTY_LIB");
15382 +        name=left("%sysfunc(pathname(&EM_PROPERTY_LIB))&EM_DSEP.&EM_PROPERTY_NAME._&_SAVE_ROLE..%lowcase(&EM_PROPERTY_TYPE)");
15383 +    run;
15385 +    proc append base=_save_output_temp data=_save_output_temp_record force; run; quit;
15386 +    proc delete data=_save_output_temp_record; run;
15388 +    *** HOUSEKEEPING **********************************************************;
15390 +    %quit:
15392 +    %if %symexist(_SAVE_NOBS) %then %do;
15393 +        data _null_;
15394 +            call symdel('_SAVE_NOBS', 'NOWARN');
15395 +        run;
15396 +    %end;
15398 +    %if %symexist(EM_NUM_SAVEXT_VARS) %then %do;
15399 +        data _null_;
15400 +            call symdel('EM_NUM_SAVEXT_VARS', 'NOWARN');
15401 +        run;
15402 +    %end;
15404 +%mend EM_SAVEXT_SAS;
15406 +*** FUNCTIONALITY TO SAVE NON-SAS FORMATS *************************************;
15407 +*** CALLED BY EM_SAVEXT_TRAIN *************************************************;
15409 +%macro EM_SAVEXT_PXPT(_SAVE_ROLE, _SAVE_SET);
15411 +    *** ACCOUNT FOR DEFAULT DIR;
15413 +    %if ("&EM_PROPERTY_DIRECTORYSELECTOR" = "") %then %let EM_PROPERTY_DIRECTORYSELECTOR = %nrbquote(&EM_NODEDIR);
15415 +    *** CHECK JMP NAME LENGTH;
15417 +    %if %symexist(EM_SAVEXT_JMP_NAME_LENGTH) %then %do;
15418 +        %if ("&EM_SAVEXT_JMP_NAME_LENGTH"= "") %then %let EM_SAVEXT_JMP_NAME_LENGTH= 32;
15419 +    %end;
15420 +    %else %let EM_SAVEXT_JMP_NAME_LENGTH= 32;
15422 +    %if ("&EM_PROPERTY_TYPE"="JMP") %then %do;
15423 +        %if %eval((%length(&EM_PROPERTY_NAME._&_SAVE_ROLE)) > &EM_SAVEXT_JMP_NAME_LENGTH) %then %do;
15424 +            %put &EM_CODEBAR;
15425 +            %let WARNING= %sysfunc(sasmsg(sashelp.dmine, save_namelengthjmp_warn, NOQUOTE, &EM_PROPERTY_NAME._&_SAVE_ROLE));
15426 +            %put &WARNING;
15427 +            %put &EM_CODEBAR;
15428 +            *** REVERTING TO DEFAULT NAME;
15429 +            %let EM_PROPERTY_NAME = em_save;
15430 +        %end;
15431 +    %end;
15433 +    *** ESTABLISH FULL SAVE FILE NAME FOR USE BELOW;
15435 +    %let _OUT_FILE_NAME=&EM_PROPERTY_DIRECTORYSELECTOR.&EM_DSEP.&EM_PROPERTY_NAME._&_SAVE_ROLE..%lowcase(&EM_PROPERTY_TYPE);
15437 +    *** CHECK REPLACE CONSTRAINT;
15439 +    %if (%sysfunc(fileexist(&_OUT_FILE_NAME)) and ("&EM_PROPERTY_REPLACE"="N")) %then %do;
15440 +        %put &EM_CODEBAR;
15441 +        %let WARNING = %sysfunc(sasmsg(sashelp.dmine, save_replace_warn, NOQUOTE, &_OUT_FILE_NAME));
15442 +        %put &WARNING;
15443 +        %put &EM_CODEBAR;
15444 +        %goto quit;
15445 +    %end;
15446 +    %else %if (^%sysfunc(fileexist(&_OUT_FILE_NAME)) and ("&EM_PROPERTY_REPLACE"="N")) %then %do;
15447 +        %let _REPLACE= ;
15448 +    %end;
15449 +    %else %do;
15450 +        %let _REPLACE=replace;
15451 +    %end;
15453 +    *** EXCEL 2010 LIMITATIONS;
15454 +    *** CAN BE OVERRIDDEN BY STARTUP CODE;
15456 +    %if %symexist(_EXCEL_MAX_ROWS) %then %do;
15457 +        %if ("&_EXCEL_MAX_ROWS"= "") %then %let _EXCEL_MAX_ROWS= 1048575;
15458 +    %end;
15459 +    %else %let _EXCEL_MAX_ROWS= 1048575;
15461 +    %if %symexist(_EXCEL_MAX_COLS) %then %do;
15462 +        %if ("&_EXCEL_MAX_COLS"="") %then %let _EXCEL_MAX_COLS= 16384;
15463 +    %end;
15464 +    %else %let _EXCEL_MAX_COLS=16384;
15466 +    *** GET INFO FOR EXCEL FILE SIZE LIMITATIONS AND OUTPUT;
15468 +    %let _dsid=%sysfunc(open(&_SAVE_SET));
15469 +    %if &_dsid %then %do;
15470 +        %let _SAVE_NOBS=%sysfunc(attrn(&_dsid, NLOBS));
15471 +        %let _rc=%sysfunc(close(&_dsid));
15472 +        %if %eval(&_SAVE_NOBS < 0) %then %do;
15473 +            proc sql noprint;
15474 +                select count(*) into: _SAVE_NOBS
15475 +                from &_SAVE_SET;
15476 +                ;
15477 +            quit;
15478 +        %end;
15479 +    %end;
15480 +    %else %do;
15481 +        %let EMEXCEPTIONSTRING=exception.server.IO.OPEN,&_SAVE_SET;
15482 +        %put &EM_CODEBAR;
15483 +        %let ERROR3 = %sysfunc(sasmsg(sashelp.dmine, IO.OPEN_ERR, NOQUOTE, &_SAVE_SET));
15484 +        %put &ERROR3;
15485 +        %put &EM_CODEBAR;
15486 +        %goto quit;
15487 +    %end;
15489 +    *** CHECK EXCEL FILE SIZE;
15491 +    %if ("&EM_PROPERTY_TYPE"="XLSX") and (%eval(&_SAVE_NOBS > &_EXCEL_MAX_ROWS) or %eval(&EM_NUM_SAVEXT_VARS > &_EXCEL_MAX_COLS)) %then %do;
15492 +        %put &EM_CODEBAR;
15493 +        %let WARNING = %sysfunc(sasmsg(sashelp.dmine, save_excel_limit_warn, NOQUOTE, &_SAVE_SET));
15494 +        %put &WARNING;
15495 +        %put &EM_CODEBAR;
15496 +    %end;
15498 +    *** EXECUTE EXPORT ********************************************************;
15499 +    *** VIEW USED TO AVOID EMPTY COLUMNS IN EXPORTED TAB AND CSV FILES ********;
15501 +    %if ("&EM_PROPERTY_ALLOBS"="Y") %then %let EM_PROPERTY_OUTOBS=MAX;      /* OTHERWISE ONLY EM_PROPERTY_OUTOBS WILL BE WRITTEN */
15503 +    %if ("&EM_PROPERTY_OUTOBS" ne "MAX") %then %do;
15504 +        %if (%eval(&EM_PROPERTY_OUTOBS > &_SAVE_NOBS)) %then %let EM_PROPERTY_OUTOBS= MAX;
15505 +    %end;
15507 +    %if ("&EM_PROPERTY_TYPE"="TXT" or "&EM_PROPERTY_TYPE"="CSV") %then %do;
15509 +        *** SPECIAL CONDITION FOR TAB PROPERTY;
15511 +        %if ("&EM_PROPERTY_TYPE"="TXT") %then %let EM_PROPERTY_TYPE=tab;
15513 +        data _temp_save_view /view=_temp_save_view;
15514 +            set &_SAVE_SET;
15515 +            keep %EM_SAVEXT_VARS;
15516 +        run;
15518 +        %let SYSCC=0;
15519 +        proc export data=_temp_save_view(obs=&EM_PROPERTY_OUTOBS) outfile="&_OUT_FILE_NAME" &_REPLACE dbms=&EM_PROPERTY_TYPE;
15520 +        run;
15521 +        quit;
15523 +    %end;
15524 +    %else %do;
15526 +        %let SYSCC=0;
15527 +        proc export data=&_SAVE_SET(obs=&EM_PROPERTY_OUTOBS keep=%EM_SAVEXT_VARS) outfile="&_OUT_FILE_NAME" &_REPLACE dbms=&EM_PROPERTY_TYPE;
15528 +        run;
15529 +        quit;
15531 +    %end;
15533 +    %if (^&SYSCC=0) %then %do;
15534 +        %let EMEXCEPTIONSTRING=exception.server.IO.CREATE,&_OUT_FILE_NAME;
15535 +        %put &EM_CODEBAR;
15536 +        %let ERROR4 = %sysfunc(sasmsg(sashelp.dmine, IO.CREATE_ERR, NOQUOTE, &_OUT_FILE_NAME));
15537 +        %put &ERROR4;
15538 +        %put &EM_CODEBAR;
15539 +        %goto quit;
15540 +    %end;
15542 +    *** WRITE RESULTS *********************************************************;
15543 +    *** CONTINGENT ON SAVED FILE EXISTING *************************************;
15545 +    %if %sysfunc(fileexist(&_OUT_FILE_NAME)) %then %do;
15546 +        data _save_output_temp_record;
15547 +            length name $255 nobs $20 outnobs $20 vars $20;
15548 +            vars=left("&EM_NUM_SAVEXT_VARS");
15549 +            outnobs=left("&EM_PROPERTY_OUTOBS");
15550 +            nobs=left("&_SAVE_NOBS");
15551 +            name=left("&_OUT_FILE_NAME");
15552 +        run;
15553 +        proc append base=_save_output_temp data=_save_output_temp_record force; run; quit;
15554 +        proc delete data=_save_output_temp_record; run;
15555 +    %end;
15556 +    %else %do;
15557 +        %let EMEXCEPTIONSTRING=exception.server.IO.CANTREADFILE,&_OUT_FILE_NAME;
15558 +        %put &EM_CODEBAR;
15559 +        %let ERROR5 = %sysfunc(sasmsg(sashelp.dmine, IO.CANTREADFILE_ERR, NOQUOTE, &_OUT_FILE_NAME));
15560 +        %put &ERROR5;
15561 +        %put &EM_CODEBAR;
15562 +        %goto quit;
15563 +    %end;
15565 +    *** HOUSEKEEPING **********************************************************;
15567 +    %quit:
15569 +    %if ("&EM_PROPERTY_TYPE"="tab") %then %let EM_PROPERTY_TYPE=TXT;
15571 +    %if %sysfunc(exist(_temp_save_view, VIEW)) %then %do;
15572 +        proc datasets lib=work memtype=view nolist;
15573 +            delete _temp_save_view;
15574 +        run;
15575 +        quit;
15576 +    %end;
15578 +    %if %symexist(_SAVE_NOBS) %then %do;
15579 +        data _null_;
15580 +            call symdel('_SAVE_NOBS', 'NOWARN');
15581 +        run;
15582 +    %end;
15584 +    %if %symexist(EM_NUM_SAVEXT_VARS) %then %do;
15585 +        data _null_;
15586 +            call symdel('EM_NUM_SAVEXT_VARS', 'NOWARN');
15587 +        run;
15588 +    %end;
15590 +%mend EM_SAVEXT_PXPT;
15592 +*** SAVES SAS CATALOGS FOR OUTPUT DATA SETS ***********************************;
15593 +*** CALLED BY EM_SAVEXT_TRAIN *************************************************;
15595 +%macro EM_SAVEXT_CATALOG(_FORMATS);
15597 +    *** SORT AND REMOVE DUPLICATES;
15599 +    proc sort data=&_FORMATS nodupkey;
15600 +        by format;
15601 +    run;
15602 +    quit;
15604 +    *** RETRIEVE FORMAT LOCATION INFO AND ASSIGNED CATALOGS IN ACTIVE SESSION;
15606 +    proc sort data=sashelp.vformat(keep=fmtname libname memname where=(libname ne '' and memname ne ''))
15607 +        out=_formats2(rename=(fmtname=format));
15608 +        by fmtname;
15609 +    run;
15610 +    quit;
15612 +    *** MERGE SAS FORMATS WITH LOCATION;
15614 +    data &_FORMATS;
15615 +        merge &_FORMATS(in=_a) _formats2(in=_b);
15616 +        by format;
15617 +        if _a and _b then output;
15618 +    run;
15620 +    *** IF &_FORMATS IS EMPTY AFTER MERGE THEN NO FORMATS BELONG TO THE SAVED SET;
15622 +    proc contents data=&_FORMATS out=_formats_content_temp noprint; run;
15623 +    data _null_;
15624 +        set _formats_content_temp (obs=1);
15625 +        if nobs > 0 then call symput('_USER_FORMATS_FLAG','1');
15626 +        else call symput('_USER_FORMATS_FLAG','0');
15627 +    run;
15628 +    %if (^&_USER_FORMATS_FLAG) %then %do;
15629 +        %put &EM_CODEBAR;
15630 +        %let WARNING = %sysfunc(sasmsg(sashelp.dmine, save_nocats_warn, NOQUOTE));
15631 +        %put &WARNING;
15632 +        %put &EM_CODEBAR;
15633 +        %goto quit;
15634 +    %end;
15636 +    *** SAVE FORMATS AS CATALOG OR TRANSPORT FORMAT;
15638 +    proc sort data=&_FORMATS;
15639 +        by libname memname;
15640 +    run;
15641 +    quit;
15643 +    *** WRITING CATALOG IN WORK AVOIDS OVERWRITING SAS CATALOG;
15644 +    *** FOR CASE REPLACE=N, TYPE ne SAS7BDAT;
15646 +    data _null_;
15647 +        set &_FORMATS end=eof;
15648 +        by libname memname;
15649 +        if first.libname or first.memname then do;
15650 +            call execute('proc catalog cat='|| strip(libname)||'.'||strip(memname)||';');
15651 +            call execute('copy out=work.&EM_PROPERTY_NAME._FORMATS et=format ;');
15652 +            call execute('select ');
15653 +        end;
15654 +        if strip(fmttype) eq 'C' then do;
15655 +            call execute(' '||strip(tranwrd(format, '$', ''))||'.formatc');
15656 +        end;
15657 +        else call execute(' '||strip(format)||'.format');
15658 +        if last.libname or last.memname then do;
15659 +            call execute(';');
15660 +            call execute('run;');
15661 +        end;
15662 +        if eof then call execute('quit;');
15663 +    run;
15665 +    %if ("&EM_PROPERTY_TYPE" = "SAS7BDAT") %then %do;
15666 +        proc copy in=work out=&EM_PROPERTY_LIB; select &EM_PROPERTY_NAME._FORMATS; run; quit;
15667 +    %end;
15668 +    %else %do;
15669 +        proc cport cat=work.&EM_PROPERTY_NAME._formats file="&EM_PROPERTY_DIRECTORYSELECTOR.&EM_DSEP.&EM_PROPERTY_NAME._FORMATS.xpt"; run;
15670 +    %end;
15672 +    *** HOUSEKEEPING **********************************************************;
15674 +    proc datasets lib=work memtype=catalog nolist;
15675 +        delete &EM_PROPERTY_NAME._FORMATS;
15676 +    run;
15677 +    quit;
15679 +    %quit:
15681 +    proc delete data=_formats_content_temp; run;
15682 +    proc delete data=_formats2; run;
15684 +%mend EM_SAVEXT_CATALOG;
15686 +*** FIND VARIABLES TO KEEP ****************************************************;
15687 +*** CALLED BY EM_SAVEXT_TRAIN *************************************************;
15689 +%macro EM_SAVEXT_GET_VARS(_SAVE_ROLE, _SAVE_SET);
15691 +    %if("%sysfunc(strip(%upcase(&_SAVE_ROLE)))" ne "TRANSACTION") %then %do;
15693 +        *** COMPARE INPUT SET AND NODE VARIABLE SET TO GET THE EXACT VARIABLES TO EXPORT;
15695 +        proc contents data=&_SAVE_SET out=_input_vars(keep=name) noprint; run;
15696 +        proc sort data=_input_vars; by name; run;
15698 +        *** EXCLUDE REJECTED OR UNUSED VARIABLES;
15700 +        proc sort data=&EM_DATA_VARIABLESET
15701 +            (where=(use='Y' or (use='D' and role ne 'REJECTED'))) out=_train_vars(keep=name);
15702 +            by name;
15703 +        run;
15705 +        data _em_savext_vars;
15706 +            merge _input_vars(in=_a) _train_vars(in=_b);
15707 +            by name;
15708 +            keep name;
15709 +            if _a and _b then output;
15710 +        run;
15712 +        *** CREATE VARIABLE AND NUMBER MACROS FOR EACH INPUT SET;
15714 +        %em_varMacro(name=EM_SAVEXT_VARS, metadata=_em_savext_vars, key=name, nummacro=EM_NUM_SAVEXT_VARS);
15716 +        *** HOUSEKEEPING;
15718 +        proc delete data=_input_vars; run;
15719 +        proc delete data=_train_vars; run;
15720 +        proc delete data=_em_savext_vars; run;
15722 +    %end;
15723 +    %else %do; /* TRANSCATION TABLE VARIABLES ARE NOT LISTED IN THE TRAINING VARIABLE SET */
15725 +        proc contents data=&_SAVE_SET out=_em_savext_vars(keep=name) noprint; run;
15726 +        %em_varMacro(name=EM_SAVEXT_VARS, metadata=_em_savext_vars, key=name, nummacro=EM_NUM_SAVEXT_VARS);
15727 +        proc delete data=_em_savext_vars; run;
15729 +    %end;
15731 +%mend EM_SAVEXT_GET_VARS;
15733 +*** CHECKS IF A SET OR VIEW EXISTS ********************************************;
15734 +*** CALLED BY EM_SAVEXT_TRAIN *************************************************;
15736 +%macro EM_SAVEXT_SET_EXISTS(_DATASET);
15738 +    %if (%sysfunc(exist(&_DATASET)) or
15739 +        %sysfunc(exist(&_DATASET, VIEW))) and
15740 +        "&_DATASET" ne "" %then %do;
15741 +            %let _rc=1;
15742 +    %end;
15743 +    %else %do;
15744 +            %let _rc=0;
15745 +    %end;
15747 +    &_rc.
15749 +%mend EM_SAVEXT_SET_EXISTS;
15751 +*** REGISTERS SETS INTO MACRO VARIABLE ARRAY USED IN SAVING PROCESS ***********;
15752 +*** CALLED BY EM_SAVEXT_TRAIN *************************************************;
15754 +%macro EM_SAVEXT_REGISTER(_DATASET, _ROLE, _i);
15756 +    _save_set="&_DATASET";
15757 +    _save_role="&_ROLE";
15758 +    _save_set_index=cats('_save_set', strip(put(&_i,1.)));
15759 +    _save_role_index=cats('_save_role', strip(put(&_i,1.)));
15760 +    call symput(_save_set_index, _save_set);
15761 +    call symput(_save_role_index, _save_role);
15763 +%mend EM_SAVEXT_REGISTER;
NOTE: %INCLUDE (level 1) ending.
NOTE: Fileref _SAVUTIL has been deassigned.

NOTE: DATA statement used (Total process time):
      real time           0.02 seconds
      cpu time            0.03 seconds
      


NOTE: The data set WORK._INPUT_VARS has 21 observations and 1 variables.
NOTE: PROCEDURE CONTENTS used (Total process time):
      real time           0.07 seconds
      cpu time            0.06 seconds
      


NOTE: There were 21 observations read from the data set WORK._INPUT_VARS.
NOTE: The data set WORK._INPUT_VARS has 21 observations and 1 variables.
NOTE: PROCEDURE SORT used (Total process time):
      real time           0.00 seconds
      cpu time            0.00 seconds
      


NOTE: There were 21 observations read from the data set EMWS3.EMSAVE_VARIABLESET.
      WHERE (use='Y') or ((use='D') and (role not = 'REJECTED'));
NOTE: The data set WORK._TRAIN_VARS has 21 observations and 1 variables.
NOTE: PROCEDURE SORT used (Total process time):
      real time           0.00 seconds
      cpu time            0.00 seconds
      


WARNING: Multiple lengths were specified for the BY variable NAME by input data sets. This might cause unexpected results.
NOTE: There were 21 observations read from the data set WORK._INPUT_VARS.
NOTE: There were 21 observations read from the data set WORK._TRAIN_VARS.
NOTE: The data set WORK._EM_SAVEXT_VARS has 21 observations and 1 variables.
NOTE: DATA statement used (Total process time):
      real time           0.00 seconds
      cpu time            0.01 seconds
      


NOTE: The file MACFILE is:
      Catalog Name=WORK.EMUTIL.MACRO.SOURCE,
      Catalog Page Size=4096,
      Number of Catalog Pages=4,
      Created=Sat, May 11, 2019 10:58:42 PM,
      Last Modified=Sat, May 11, 2019 10:58:42 PM,
      Filename=C:\Users\QR\AppData\Local\Temp\SAS Temporary Files\_TD25360_JOHNLAW-PC_\emutil.sas7bcat,
      Release Created=9.0401M3,Host Created=W32_7PRO

NOTE: 8 records were written to the file MACFILE.
      The minimum record length was 21.
      The maximum record length was 79.
NOTE: There were 21 observations read from the data set WORK._EM_SAVEXT_VARS.
NOTE: DATA statement used (Total process time):
      real time           0.08 seconds
      cpu time            0.03 seconds
      

NOTE: %INCLUDE (level 1) file MACFILE is file WORK.EMUTIL.MACRO.SOURCE.
15769 +%macro EM_SAVEXT_VARS;
15770 +"Category"n "Sub_category"n "buy"n "buyval"n "chg"n "chgPercent"n
15771 +"comp_code"n "comp_name"n "crawl_Timestamp"n "high"n "lastDone"n "low"n "open"n
15772 +"sell"n "sellval"n "stock_code"n "thedate"n "thetime"n "updownInd"n
15773 +"v_updownpercent"n "vol"n
15774 +%mend EM_SAVEXT_VARS;
15775 +%global EM_NUM_SAVEXT_VARS;
15776 +%let EM_NUM_SAVEXT_VARS = 21 ;
NOTE: %INCLUDE (level 1) ending.
NOTE: Fileref MACFILE has been deassigned.

NOTE: Deleting WORK._INPUT_VARS (memtype=DATA).
NOTE: PROCEDURE DELETE used (Total process time):
      real time           0.00 seconds
      cpu time            0.00 seconds
      


NOTE: Deleting WORK._TRAIN_VARS (memtype=DATA).
NOTE: PROCEDURE DELETE used (Total process time):
      real time           0.00 seconds
      cpu time            0.00 seconds
      


NOTE: Deleting WORK._EM_SAVEXT_VARS (memtype=DATA).
NOTE: PROCEDURE DELETE used (Total process time):
      real time           0.00 seconds
      cpu time            0.00 seconds
      


NOTE: View EMWS3.FIMPORT_TRAIN.VIEW used (Total process time):
      real time           0.04 seconds
      cpu time            0.04 seconds
      
NOTE: There were 2501 observations read from the data set EMWS3.FIMPORT_DATA.
NOTE: There were 2501 observations read from the data set EMWS3.FIMPORT_TRAIN.
NOTE: The data set WQD7005.LAB2_TRAIN has 2501 observations and 21 variables.
NOTE: DATA statement used (Total process time):
      real time           0.06 seconds
      cpu time            0.07 seconds
      

NOTE: View EMWS3.FIMPORT_TRAIN.VIEW used (Total process time):
      real time           0.03 seconds
      cpu time            0.04 seconds
      
NOTE: There were 2501 observations read from the data set EMWS3.FIMPORT_DATA.
NOTE: PROCEDURE SQL used (Total process time):
      real time           0.05 seconds
      cpu time            0.04 seconds
      


NOTE: The data set WORK._SAVE_OUTPUT_TEMP_RECORD has 1 observations and 5 variables.
NOTE: DATA statement used (Total process time):
      real time           0.00 seconds
      cpu time            0.00 seconds
      


NOTE: Appending WORK._SAVE_OUTPUT_TEMP_RECORD to WORK._SAVE_OUTPUT_TEMP.
NOTE: BASE data set does not exist. DATA file is being copied to BASE file.
NOTE: There were 1 observations read from the data set WORK._SAVE_OUTPUT_TEMP_RECORD.
NOTE: The data set WORK._SAVE_OUTPUT_TEMP has 1 observations and 5 variables.
NOTE: PROCEDURE APPEND used (Total process time):
      real time           0.00 seconds
      cpu time            0.00 seconds
      


NOTE: Deleting WORK._SAVE_OUTPUT_TEMP_RECORD (memtype=DATA).
NOTE: PROCEDURE DELETE used (Total process time):
      real time           0.00 seconds
      cpu time            0.00 seconds
      


NOTE: DATA statement used (Total process time):
      real time           0.00 seconds
      cpu time            0.00 seconds
      


NOTE: DATA statement used (Total process time):
      real time           0.00 seconds
      cpu time            0.00 seconds
      


NOTE: There were 1 observations read from the data set WORK._SAVE_OUTPUT_TEMP.
NOTE: The data set EMWS3.EMSAVE_SAVEOUT has 1 observations and 5 variables.
NOTE: DATA statement used (Total process time):
      real time           0.01 seconds
      cpu time            0.01 seconds
      


NOTE: There were 1 observations read from the data set EMWS3.EMSAVE_SAVEOUT.
NOTE: The PROCEDURE PRINT printed page 2.
NOTE: PROCEDURE PRINT used (Total process time):
      real time           0.00 seconds
      cpu time            0.01 seconds
      


NOTE: The data set WORK.EM_USER_REPORT has 132 observations and 4 variables.
NOTE: DATA statement used (Total process time):
      real time           0.06 seconds
      cpu time            0.06 seconds
      


NOTE: There were 21 observations read from the data set EMWS3.EMSAVE_VARIABLESET.
      WHERE format not = ' ';
NOTE: The data set WORK._FORMATS has 21 observations and 2 variables.
NOTE: DATA statement used (Total process time):
      real time           0.01 seconds
      cpu time            0.01 seconds
      


NOTE: There were 21 observations read from the data set WORK._FORMATS.
NOTE: 13 observations with duplicate key values were deleted.
NOTE: The data set WORK._FORMATS has 8 observations and 2 variables.
NOTE: PROCEDURE SORT used (Total process time):
      real time           0.01 seconds
      cpu time            0.00 seconds
      


NOTE: There were 9 observations read from the data set SASHELP.VFORMAT.
      WHERE (libname not = ' ') and (memname not = ' ');
NOTE: The data set WORK._FORMATS2 has 9 observations and 3 variables.
NOTE: PROCEDURE SORT used (Total process time):
      real time           0.14 seconds
      cpu time            0.14 seconds
      


NOTE: There were 8 observations read from the data set WORK._FORMATS.
NOTE: There were 9 observations read from the data set WORK._FORMATS2.
NOTE: The data set WORK._FORMATS has 0 observations and 4 variables.
NOTE: DATA statement used (Total process time):
      real time           0.01 seconds
      cpu time            0.00 seconds
      


NOTE: The data set WORK._FORMATS_CONTENT_TEMP has 4 observations and 41 variables.
NOTE: PROCEDURE CONTENTS used (Total process time):
      real time           0.00 seconds
      cpu time            0.01 seconds
      


NOTE: There were 1 observations read from the data set WORK._FORMATS_CONTENT_TEMP.
NOTE: DATA statement used (Total process time):
      real time           0.00 seconds
      cpu time            0.00 seconds
      

*------------------------------------------------------------*
WARNING: Format catalogs will not be overwritten.
*------------------------------------------------------------*

NOTE: Deleting WORK._FORMATS_CONTENT_TEMP (memtype=DATA).
NOTE: PROCEDURE DELETE used (Total process time):
      real time           0.00 seconds
      cpu time            0.00 seconds
      


NOTE: Deleting WORK._FORMATS2 (memtype=DATA).
NOTE: PROCEDURE DELETE used (Total process time):
      real time           0.00 seconds
      cpu time            0.01 seconds
      


NOTE: Deleting WORK._FORMATS (memtype=DATA).
NOTE: PROCEDURE DELETE used (Total process time):
      real time           0.00 seconds
      cpu time            0.00 seconds
      


NOTE: Deleting WORK._SAVE_OUTPUT_TEMP (memtype=DATA).
NOTE: PROCEDURE DELETE used (Total process time):
      real time           0.00 seconds
      cpu time            0.00 seconds
      

15777  
15778  *------------------------------------------------------------*;
15779  * End TRAIN: EMSave;
15780  *------------------------------------------------------------*;

15781  *------------------------------------------------------------*;
15782  * Close any missing semi colons;
15783  *------------------------------------------------------------*;
15784  ;
15785  ;
15786  ;
15787  ;
15788  quit;
15789  *------------------------------------------------------------*;
15790  * Close any unbalanced quotes;
15791  *------------------------------------------------------------*;
15792  /*; *"; *'; */
15793  ;
15794  run;
15795  quit;
15796  /* Reset EM Options */
15797  options formchar="|----|+|---+=|-/\<>*";
15798  options nocenter ls=256 ps=10000;
15799  goptions reset=all device=GIF NODISPLAY;

15800  proc sort data=WORK.EM_USER_REPORT;
15801  by ID VIEW;
15802  run;

NOTE: There were 132 observations read from the data set WORK.EM_USER_REPORT.
NOTE: The data set WORK.EM_USER_REPORT has 132 observations and 4 variables.
NOTE: PROCEDURE SORT used (Total process time):
      real time           0.00 seconds
      cpu time            0.01 seconds
      

