 
                                                                                               
 
 
Fit Statistics

Target=REP_updownInd Target Label=Replacement: updownInd

   Fit
Statistics    Statistics Label                    Train    Validation

 _AIC_        Akaike's Information Criterion    2735.77          .   
 _ASE_        Average Squared Error                0.22         0.22 
 _AVERR_      Average Error Function               0.73         0.73 
 _DFE_        Degrees of Freedom for Error      2498.00          .   
 _DFM_        Model Degrees of Freedom             2.00          .   
 _DFT_        Total Degrees of Freedom          2500.00          .   
 _DIV_        Divisor for ASE                   3750.00      3753.00 
 _ERR_        Error Function                    2731.77      2734.27 
 _FPE_        Final Prediction Error               0.22          .   
 _MAX_        Maximum Absolute Error               0.71         0.71 
 _MSE_        Mean Square Error                    0.22         0.22 
 _NOBS_       Sum of Frequencies                1250.00      1251.00 
 _NW_         Number of Estimate Weights           2.00          .   
 _RASE_       Root Average Sum of Squares          0.47         0.47 
 _RFPE_       Root Final Prediction Error          0.47          .   
 _RMSE_       Root Mean Squared Error              0.47         0.47 
 _SBC_        Schwarz's Bayesian Criterion      2747.42          .   
 _SSE_        Sum of Squared Errors              828.46       829.22 
 _SUMW_       Sum of Case Weights Times Freq    3750.00      3753.00 
 _MISC_       Misclassification Rate               0.62         0.63 
 
                                                                                               
 
 
Classification Table

Data Role=TRAIN Target Variable=REP_updownInd Target Label=Replacement: updownInd

                         Target        Outcome     Frequency       Total
Target      Outcome    Percentage    Percentage      Count      Percentage

DOWN         DOWN         37.52          100          469          37.52  
UNCHANGE     DOWN         33.76          100          422          33.76  
UP           DOWN         28.72          100          359          28.72  


Data Role=VALIDATE Target Variable=REP_updownInd Target Label=Replacement: updownInd

                         Target        Outcome     Frequency       Total
Target      Outcome    Percentage    Percentage      Count      Percentage

DOWN         DOWN        37.4900         100          469         37.4900 
UNCHANGE     DOWN        33.7330         100          422         33.7330 
UP           DOWN        28.7770         100          360         28.7770 
 
                                                                                               
 
 
Event Classification Table

Data Role=TRAIN Target=REP_updownInd Target Label=Replacement: updownInd

  False       True        False       True
Negative    Negative    Positive    Positive

   359         891          0           0   


Data Role=VALIDATE Target=REP_updownInd Target Label=Replacement: updownInd

  False       True        False       True
Negative    Negative    Positive    Positive

   360         891          0           0   
 
                                                                                               
 
 
Assessment Score Rankings

Data Role=TRAIN Target Variable=REP_updownInd Target Label=Replacement: updownInd

                                                                                    Mean
                            Cumulative       %      Cumulative     Number of     Posterior
Depth      Gain      Lift      Lift      Response   % Response   Observations   Probability

   5     3.773E-15     1         1         28.72       28.72          63           0.2872  
  10    2.3104E-14     1         1         28.72       28.72          62           0.2872  
  15    2.3104E-14     1         1         28.72       28.72          63           0.2872  
  20    2.3104E-14     1         1         28.72       28.72          62           0.2872  
  25    2.3104E-14     1         1         28.72       28.72          63           0.2872  
  30    2.3104E-14     1         1         28.72       28.72          62           0.2872  
  35    2.3104E-14     1         1         28.72       28.72          63           0.2872  
  40    2.3104E-14     1         1         28.72       28.72          62           0.2872  
  45    2.3104E-14     1         1         28.72       28.72          63           0.2872  
  50    2.3104E-14     1         1         28.72       28.72          62           0.2872  
  55    2.3104E-14     1         1         28.72       28.72          63           0.2872  
  60    2.3104E-14     1         1         28.72       28.72          62           0.2872  
  65    2.3104E-14     1         1         28.72       28.72          63           0.2872  
  70    2.3104E-14     1         1         28.72       28.72          62           0.2872  
  75    2.3104E-14     1         1         28.72       28.72          63           0.2872  
  80    2.3104E-14     1         1         28.72       28.72          62           0.2872  
  85     3.773E-15     1         1         28.72       28.72          63           0.2872  
  90     3.773E-15     1         1         28.72       28.72          62           0.2872  
  95     3.773E-15     1         1         28.72       28.72          63           0.2872  
 100     3.773E-15     1         1         28.72       28.72          62           0.2872  


Data Role=VALIDATE Target Variable=REP_updownInd Target Label=Replacement: updownInd

                                                                                       Mean
                               Cumulative       %      Cumulative     Number of     Posterior
Depth      Gain        Lift       Lift      Response   % Response   Observations   Probability

   5    8.1597E-14   1.00000     1.00000     28.7770     28.7770         63           0.2872  
  10    8.1597E-14   1.00000     1.00000     28.7770     28.7770         63           0.2872  
  15    6.2309E-14   1.00000     1.00000     28.7770     28.7770         62           0.2872  
  20    8.1597E-14   1.00000     1.00000     28.7770     28.7770         63           0.2872  
  25    8.1597E-14   1.00000     1.00000     28.7770     28.7770         62           0.2872  
  30    6.2309E-14   1.00000     1.00000     28.7770     28.7770         63           0.2872  
  35    6.2309E-14   1.00000     1.00000     28.7770     28.7770         62           0.2872  
  40    6.2309E-14   1.00000     1.00000     28.7770     28.7770         63           0.2872  
  45    6.2309E-14   1.00000     1.00000     28.7770     28.7770         62           0.2872  
  50    6.2309E-14   1.00000     1.00000     28.7770     28.7770         63           0.2872  
  55    6.2309E-14   1.00000     1.00000     28.7770     28.7770         63           0.2872  
  60    6.2309E-14   1.00000     1.00000     28.7770     28.7770         62           0.2872  
  65    6.2309E-14   1.00000     1.00000     28.7770     28.7770         63           0.2872  
  70    6.2309E-14   1.00000     1.00000     28.7770     28.7770         62           0.2872  
  75    6.2309E-14   1.00000     1.00000     28.7770     28.7770         63           0.2872  
  80    6.2309E-14   1.00000     1.00000     28.7770     28.7770         62           0.2872  
  85    6.2309E-14   1.00000     1.00000     28.7770     28.7770         63           0.2872  
  90    6.2309E-14   1.00000     1.00000     28.7770     28.7770         62           0.2872  
  95    6.2309E-14   1.00000     1.00000     28.7770     28.7770         63           0.2872  
 100    6.2309E-14   1.00000     1.00000     28.7770     28.7770         62           0.2872  
 
                                                                                               
 
 
Assessment Score Distribution

Data Role=TRAIN Target Variable=REP_updownInd Target Label=Replacement: updownInd

 Posterior     Number                     Mean
Probability      of      Number of     Posterior
   Range       Events    Nonevents    Probability    Percentage

 0.25-0.30       359        891          0.2872          100   


Data Role=VALIDATE Target Variable=REP_updownInd Target Label=Replacement: updownInd

 Posterior     Number                     Mean
Probability      of      Number of     Posterior
   Range       Events    Nonevents    Probability    Percentage

 0.25-0.30       360        891          0.2872          100   
