*------------------------------------------------------------*
* Report Log
Date:                May 11, 2019
Time:                21:35:52
*------------------------------------------------------------*
16553  %let EMEXCEPTIONSTRING=;
16554  *------------------------------------------------------------*;
16555  * REPORT: FIMPORT;
16556  *------------------------------------------------------------*;
16557  %let EM_ACTION = REPORT;
16558  %let syscc = 0;
16559  /* Fimport.source */
16560  %macro main;
16561        %if %upcase(&EM_ACTION) = CREATE %then %do;
16562           filename temp catalog 'sashelp.emsamp.Fimport_create.source';
16563           %include temp;
16564           filename temp;
16565           %create;
16566        %end;
16567        %else
16568        %if %upcase(&EM_ACTION) = TRAIN %then %do;
16569           filename temp catalog 'sashelp.emsamp.Fimport_train.source';
16570           %include temp;
16571           filename temp;
16572           %train;
16573        %end;
16574        %else
16575        %if %upcase(&EM_ACTION) = UPDATE %then %do;
16576           filename temp catalog 'sashelp.emsamp.Fimport_update.source';
16577           %include temp;
16578           filename temp;
16579           %update;
16580        %end;
16581        %else
16582        %if %upcase(&EM_ACTION) = PROPERTY %then %do;
16583           filename temp catalog 'sashelp.emsamp.Fimport_actions.source';
16584           %include temp;
16585           filename temp;
16586           %property;
16587        %end;
16588         %else
16589        %if %upcase(&EM_ACTION) = SCORE %then %do;
16590           filename temp catalog 'sashelp.emsamp.Fimport_score.source';
16591           %include temp;
16592           filename temp;
16593           %score;
16594        %end;
16595        %else
16596        %if %upcase(&EM_ACTION) = REPORT %then %do;
16597           filename temp catalog 'sashelp.emsamp.Fimport_report.source';
16598           %include temp;
16599           filename temp;
16600           %report;
16601        %end;
16602        %else
16603        %if %upcase(&EM_ACTION) = OPENVARIABLESET %then %do;
16604           filename temp catalog 'sashelp.emsamp.Fimport_actions.source';
16605           %include temp;
16606           filename temp;
16607           %openvariableset;
16608        %end;
16609        %else
16610        %if %upcase(&EM_ACTION) = CLOSEVARIABLESET %then %do;
16611           filename temp catalog 'sashelp.emsamp.Fimport_actions.source';
16612           %include temp;
16613           filename temp;
16614           %closevariableset;
16615        %end;
16616  %mend main;
16617  %main;
NOTE: %INCLUDE (level 1) file TEMP is file SASHELP.EMSAMP.FIMPORT_REPORT.SOURCE.
16618 +%macro report;
16619 +    %em_getname(key=EMSTAT,     type=DATA);
16620 +    %em_getname(key=EMINFO,     type=DATA);
16621 +    %em_getname(key=CLASS,      type=DATA);
16622 +    %em_getname(key=INTERVAL,   type=DATA);
16623 +
16624 +    %em_REPORT(key=EMSTAT,   viewtype=DATA, description=EMSTAT, block=Report, autodisplay=Y);
16625 +    %em_REPORT(key=INTERVAL, viewtype=LATTICE, LATTICETYPE=HISTOGRAM, LATTICEX=VARIABLE, DISCRETEX=Y, X=VALUE,FREQ=PERCENT,block=Report, description=INTERVALTARGET, autodisplay=N);
16626 +    %em_REPORT(key=CLASS, viewtype=LATTICE, LATTICEtype=BAR, LATTICEX=VARIABLE, X=VALUE,FREQ=PERCENT, block=Report, description=CLASSTARGET, autodisplay=Y);
16627 +
16628 +    %if &em_property_summarize eq Y %then %do;
16629 +        filename temp catalog 'sashelp.emmeta.emadvisestatistics.source';
16630 +        %include temp;
16631 +        filename temp;
16632 +
16633 +        data work.tempmeta;
16634 +           set &em_lib..&em_nodeid._CMETA_TRAIN;
16635 +           if ROLE='TARGET' and LEVEL ne 'INTERVAL' then output;
16636 +         run;
16637 +
16638 +        %class_profile(DATA=&em_export_train, OUTPUT=&em_user_class, VARS=,
16639 +                      METADATA=tempmeta, STAT=_STAT, FREQ=);
16640 +
16641 +         data work.tempmeta;
16642 +           set &em_lib..&em_nodeid._CMETA_TRAIN;
16643 +            if ROLE='TARGET' and LEVEL eq 'INTERVAL' then output;
16644 +         run;
16645 +         %var_profile(DATA=&em_export_train, OUTPUT=&em_user_INTERVAL, VARS=, METADATA=tempmeta, COMPUTESTAT=Y, STAT=_STAT, FREQ=,
16646 +                   BINDATA=, BIN=Y, NUMBARS=8, MINMAX=N);
16647 +
16648 +        data work.tempmeta;
16649 +           set &em_lib..&em_nodeid._CMETA_TRAIN;
16650 +        run;
16651 +
16652 +        %if "&em_property_advancedadvisor" eq "N" %then %do;
16653 +            %EmAdviseStat(&em_export_train, maxClassLevels=32, metadata=tempmeta, statisticData=&em_user_emstat);
16654 +
16655 +            data &em_data_exportset;
16656 +                 set &em_data_exportset;
16657 +                 if NODEPORT='TRAIN' then do;
16658 +                    EMINFO="&em_data_eminfo";
16659 +                    EMINFOMODTIME=datetime();
16660 +                 end;
16661 +            run;
16662 +        %end;
16663 +        %else %do;
16664 +            %em_getname(key=EMSTATDEFAULT,     type=DATA);
16665 +            %if %sysfunc(exist(&em_user_emstatdefault)) %then %do;
16666 +                data &em_user_emstat /  view=&em_user_emstat;
16667 +                   set &em_user_emstatdefault;
16668 +                run;
16669 +            %end;
16670 +        %end;
16671 +    %end;
16672 +    %else %do;
16673 +        %if "&em_property_advancedadvisor" eq "N" %then %do;
16674 +            proc datasets lib=&em_lib nolist;
16675 +               delete &em_nodeid._EMINFO;
16676 +            run;
16677 +            quit;
16678 +            data &em_data_exportset;
16679 +                 set &em_data_exportset;
16680 +                 if NODEPORT='TRAIN' then do;
16681 +                    EMINFO="";
16682 +                    EMINFOMODTIME=.;
16683 +                 end;
16684 +            run;
16685 +        %end;
16686 +    %end;
16687 +
16688 +    data &em_data_exportset;
16689 +       set &em_data_exportset;
16690 +       if NODEPORT='TRAIN' then do;
16691 +          ROLE="&em_property_role";
16692 +       end;
16693 +    run;
16694 +
16695 +    %if %sysfunc(exist(&em_data_variableSet)) %then %do;
16696 +        proc freq data=&em_data_variableset noprint;
16697 +             table ROLE*LEVEL/out=work.tempMeta;
16698 +        run;
16699 +        proc print data=work.tempmeta label noobs;
16700 +           var ROLE LEVEL COUNT;
16701 +           label ROLE  = "%sysfunc(sasmsg(sashelp.dmine, meta_role_vlabel, NOQUOTE))"
16702 +                 LEVEL = "%sysfunc(sasmsg(sashelp.dmine, meta_level_vlabel, NOQUOTE))"
16703 +                 COUNT = "%sysfunc(sasmsg(sashelp.dmine, rpt_count_vlabel, NOQUOTE))";
16704 +        title9  ' ';
16705 +        title10  "%sysfunc(sasmsg(sashelp.dmine, rpt_exptattributes_title, NOQUOTE, TRAIN))";
16706 +        run;
16707 +        title10;
16708 +    %end;
16709 +
16710 +    %if %sysfunc(exist(work.tempmeta)) %then %do;
16711 +        proc datasets lib=work nolist;
16712 +           delete tempmeta;
16713 +        run;
16714 +        quit;
16715 +    %end;
16716 +
16717 +%mend report;
16718 +
16719 +
16720 +
16721 +
16722 +
16723 +
16724 +
16725 +
16726 +
16727 +
16728 +
16729 +
16730 +
16731 +
16732 +
16733 +
16734 +
16735 +
16736 +
16737 +
16738 +
16739 +
16740 +
16741 +
16742 +
16743 +
16744 +
16745 +
16746 +
16747 +
16748 +
16749 +
16750 +
16751 +
16752 +
16753 +
16754 +
16755 +
16756 +
16757 +
16758 +
16759 +
16760 +
16761 +
16762 +
16763 +
16764 +
16765 +
NOTE: %INCLUDE (level 1) ending.
NOTE: Fileref TEMP has been deassigned.

NOTE: The data set WORK.EM_USER_REPORT has 132 observations and 4 variables.
NOTE: DATA statement used (Total process time):
      real time           0.04 seconds
      cpu time            0.03 seconds
      


NOTE: There were 132 observations read from the data set WORK.EM_USER_REPORT.
NOTE: The data set WORK.EM_USER_REPORT has 264 observations and 4 variables.
NOTE: DATA statement used (Total process time):
      real time           0.06 seconds
      cpu time            0.06 seconds
      


NOTE: There were 264 observations read from the data set WORK.EM_USER_REPORT.
NOTE: The data set WORK.EM_USER_REPORT has 396 observations and 4 variables.
NOTE: DATA statement used (Total process time):
      real time           0.08 seconds
      cpu time            0.07 seconds
      


NOTE: The file EMWS2.FIMPORT_EMINFO (memtype=DATA) was not found, but appears on a DELETE statement.

NOTE: PROCEDURE DATASETS used (Total process time):
      real time           0.00 seconds
      cpu time            0.01 seconds
      


NOTE: There were 6 observations read from the data set EMWS2.FIMPORT_EXPORTSET.
NOTE: The data set EMWS2.FIMPORT_EXPORTSET has 6 observations and 18 variables.
NOTE: DATA statement used (Total process time):
      real time           0.00 seconds
      cpu time            0.01 seconds
      


NOTE: There were 6 observations read from the data set EMWS2.FIMPORT_EXPORTSET.
NOTE: The data set EMWS2.FIMPORT_EXPORTSET has 6 observations and 18 variables.
NOTE: DATA statement used (Total process time):
      real time           0.00 seconds
      cpu time            0.01 seconds
      


NOTE: There were 6 observations read from the data set EMWS2.FIMPORT_VARIABLESET.
NOTE: The data set WORK.TEMPMETA has 2 observations and 4 variables.
NOTE: PROCEDURE FREQ used (Total process time):
      real time           0.04 seconds
      cpu time            0.01 seconds
      


NOTE: There were 2 observations read from the data set WORK.TEMPMETA.
NOTE: The PROCEDURE PRINT printed page 3.
NOTE: PROCEDURE PRINT used (Total process time):
      real time           0.00 seconds
      cpu time            0.01 seconds
      


NOTE: Deleting WORK.TEMPMETA (memtype=DATA).

NOTE: PROCEDURE DATASETS used (Total process time):
      real time           0.00 seconds
      cpu time            0.00 seconds
      

16766  *------------------------------------------------------------*;
16767  * End REPORT: FIMPORT;
16768  *------------------------------------------------------------*;

16769  /* Reset EM Options */
16770  options formchar="|----|+|---+=|-/\<>*";
16771  options nocenter ls=256 ps=10000;
16772  goptions reset=all device=GIF NODISPLAY;

16773  proc sort data=WORK.EM_USER_REPORT;
16774  by ID VIEW;
16775  run;

NOTE: There were 396 observations read from the data set WORK.EM_USER_REPORT.
NOTE: The data set WORK.EM_USER_REPORT has 396 observations and 4 variables.
NOTE: PROCEDURE SORT used (Total process time):
      real time           0.00 seconds
      cpu time            0.01 seconds
      

