*------------------------------------------------------------*
* Score Log
Date:                May 11, 2019
Time:                21:35:51
*------------------------------------------------------------*
16104  %let EMEXCEPTIONSTRING=;
16105  *------------------------------------------------------------*;
16106  * SCORE: FIMPORT;
16107  *------------------------------------------------------------*;
16108  %let EM_ACTION = SCORE;
16109  %let syscc = 0;
16110  /* Fimport.source */
16111  %macro main;
16112        %if %upcase(&EM_ACTION) = CREATE %then %do;
16113           filename temp catalog 'sashelp.emsamp.Fimport_create.source';
16114           %include temp;
16115           filename temp;
16116           %create;
16117        %end;
16118        %else
16119        %if %upcase(&EM_ACTION) = TRAIN %then %do;
16120           filename temp catalog 'sashelp.emsamp.Fimport_train.source';
16121           %include temp;
16122           filename temp;
16123           %train;
16124        %end;
16125        %else
16126        %if %upcase(&EM_ACTION) = UPDATE %then %do;
16127           filename temp catalog 'sashelp.emsamp.Fimport_update.source';
16128           %include temp;
16129           filename temp;
16130           %update;
16131        %end;
16132        %else
16133        %if %upcase(&EM_ACTION) = PROPERTY %then %do;
16134           filename temp catalog 'sashelp.emsamp.Fimport_actions.source';
16135           %include temp;
16136           filename temp;
16137           %property;
16138        %end;
16139         %else
16140        %if %upcase(&EM_ACTION) = SCORE %then %do;
16141           filename temp catalog 'sashelp.emsamp.Fimport_score.source';
16142           %include temp;
16143           filename temp;
16144           %score;
16145        %end;
16146        %else
16147        %if %upcase(&EM_ACTION) = REPORT %then %do;
16148           filename temp catalog 'sashelp.emsamp.Fimport_report.source';
16149           %include temp;
16150           filename temp;
16151           %report;
16152        %end;
16153        %else
16154        %if %upcase(&EM_ACTION) = OPENVARIABLESET %then %do;
16155           filename temp catalog 'sashelp.emsamp.Fimport_actions.source';
16156           %include temp;
16157           filename temp;
16158           %openvariableset;
16159        %end;
16160        %else
16161        %if %upcase(&EM_ACTION) = CLOSEVARIABLESET %then %do;
16162           filename temp catalog 'sashelp.emsamp.Fimport_actions.source';
16163           %include temp;
16164           filename temp;
16165           %closevariableset;
16166        %end;
16167  %mend main;
16168  %main;
NOTE: %INCLUDE (level 1) file TEMP is file SASHELP.EMSAMP.FIMPORT_SCORE.SOURCE.
16169 +%macro score;
16170 +
16171 +   filename x "&EM_NODEDIR.&EM_DSEP._updatePath.st";
16172 +   data _null_;
16173 +      file x;
16174 +      put ' ';
16175 +   run;
16176 +   filename x;
16177 +
16178 +   %em_getname(key=DATA, type=DATA);
16179 +   %if %sysfunc(exist(&em_user_data)) %then %do;
16180 +       data &em_export_train / view=&em_export_train;
16181 +          set &em_user_data;
16182 +       run;
16183 +   %end;
16184 +
16185 +%mend score;
NOTE: %INCLUDE (level 1) ending.
NOTE: Fileref TEMP has been deassigned.

NOTE: The file X is:
      Filename=C:\JohnLaw\OneDrive\WQD Data Science\WQD7005\SASProject\projects\DataMining\Workspaces\EMWS2\FIMPORT\_updatePath.st,
      RECFM=V,LRECL=32767,File Size (bytes)=0,
      Last Modified=11May2019:21:35:51,
      Create Time=11May2019:21:35:14

NOTE: 1 record was written to the file X.
      The minimum record length was 1.
      The maximum record length was 1.
NOTE: DATA statement used (Total process time):
      real time           0.00 seconds
      cpu time            0.00 seconds
      

NOTE: Fileref X has been deassigned.

NOTE: DATA STEP view saved on file EMWS2.FIMPORT_TRAIN.
NOTE: A stored DATA STEP view cannot run under a different operating system.
NOTE: DATA statement used (Total process time):
      real time           0.01 seconds
      cpu time            0.01 seconds
      

16186  *------------------------------------------------------------*;
16187  * End SCORE: FIMPORT;
16188  *------------------------------------------------------------*;

16190  *------------------------------------------------------------*;
16191  * FIMPORT: Computing metadata for TRAIN data;
16192  *------------------------------------------------------------*;

NOTE: View EMWS2.FIMPORT_TRAIN.VIEW used (Total process time):
      real time           0.04 seconds
      cpu time            0.04 seconds
      
NOTE: View EMWS2.FIMPORT_TRAIN.VIEW used (Total process time):
      real time           0.03 seconds
      cpu time            0.03 seconds
      
