*------------------------------------------------------------*
* Report Log
Date:                May 11, 2019
Time:                23:13:24
*------------------------------------------------------------*
11579  %let _nimpute = 0;
11580  data EMWS3.Impt_RESULT;
11581  label NAME = "%sysfunc(sasmsg(sashelp.dmine, meta_name_vlabel,        NOQUOTE))" METHOD = "%sysfunc(sasmsg(sashelp.dmine, rpt_imputemethod_vlabel, NOQUOTE))" IMPUTED = "%sysfunc(sasmsg(sashelp.dmine, rpt_imputedvar_vlabel,   NOQUOTE))" INDICATOR =
11582     "%sysfunc(sasmsg(sashelp.dmine, rpt_indicatorvar_vlabel, NOQUOTE))" VALUE = "%sysfunc(sasmsg(sashelp.dmine, rpt_imputevalue_vlabel,  NOQUOTE))" ROLE = "%sysfunc(sasmsg(sashelp.dmine, meta_role_vlabel,        NOQUOTE))" LEVEL =
11583     "%sysfunc(sasmsg(sashelp.dmine, meta_level_vlabel,       NOQUOTE))" LABEL = "%sysfunc(sasmsg(sashelp.dmine, meta_label_vlabel,       NOQUOTE))" TRAIN = "%sysfunc(sasmsg(sashelp.dmine, rpt_missingcount_vlabel, NOQUOTE, TRAIN))";
11584  set EMWS3.Impt_META(where=(IMPUTED ne '') keep=NAME METHOD IMP VALUE ROLE NMISS LEVEL LABEL rename=(IMP=IMPUTED NMISS=TRAIN)) end=eof;
11585  if eof then call symput('_nimpute', '1');
11586  run;

NOTE: Variable INDICATOR is uninitialized.
NOTE: There were 1 observations read from the data set EMWS3.IMPT_META.
      WHERE IMPUTED not = ' ';
NOTE: The data set EMWS3.IMPT_RESULT has 1 observations and 8 variables.
NOTE: DATA statement used (Total process time):
      real time           0.02 seconds
      cpu time            0.01 seconds
      

11587  proc print data=EMWS3.Impt_RESULT(obs=500) label noobs;
11588  title9 "%sysfunc(sasmsg(sashelp.dmine, rpt_imputationsummary_title, NOQUOTE))";
11589  title10 "%sysfunc(sasmsg(sashelp.dmine, rpt_numberobs_title,         NOQUOTE))";
11590  run;

NOTE: There were 1 observations read from the data set EMWS3.IMPT_RESULT.
NOTE: The PROCEDURE PRINT printed page 2.
NOTE: PROCEDURE PRINT used (Total process time):
      real time           0.00 seconds
      cpu time            0.01 seconds
      

11591  proc freq data=EMWS3.Impt_RESULT noprint;
11592  table train /out=WORK.ImptSUMMARY nocum;
11593  run;

NOTE: There were 1 observations read from the data set EMWS3.IMPT_RESULT.
NOTE: The data set WORK.IMPTSUMMARY has 1 observations and 3 variables.
NOTE: PROCEDURE FREQ used (Total process time):
      real time           0.01 seconds
      cpu time            0.01 seconds
      

11594  proc sort data=WORK.ImptSUMMARY NOTHREADS;
11595  by descending TRAIN;
11596  run;

NOTE: There were 1 observations read from the data set WORK.IMPTSUMMARY.
NOTE: The data set WORK.IMPTSUMMARY has 1 observations and 3 variables.
NOTE: PROCEDURE SORT used (Total process time):
      real time           0.01 seconds
      cpu time            0.01 seconds
      

11597  proc print data=WORK.ImptSUMMARY(obs=100) label;
11598  label COUNT = "%sysfunc(sasmsg(sashelp.dmine, rpt_varcount_vlabel,  NOQUOTE))" PERCENT = "%sysfunc(sasmsg(sashelp.dmine, rpt_varpercent_vlabel,  NOQUOTE))";
11599  title9 ' ';
11600  title10 "%sysfunc(sasmsg(sashelp.dmine, rpt_missingvardistribution_title, NOQUOTE))";
11601  run;

NOTE: There were 1 observations read from the data set WORK.IMPTSUMMARY.
NOTE: The PROCEDURE PRINT printed page 3.
NOTE: PROCEDURE PRINT used (Total process time):
      real time           0.00 seconds
      cpu time            0.00 seconds
      

11602  data EMWS3.Impt_EMSCOREVAR;
11603  length Name $32 formula $70 file $200;
11604  keep NAME Formula file;
11605  set EMWS3.Impt_META end=eof;
11606  *set EMWS3.Impt_RESULT end=eof;
11607  if M ne '' then do;
11608  NAME= M;
11609  file="IMPUTECODE\"!!strip(NAME)!!'.sas';
11610  output;
11611  end;
11612  if IMP ne '' then do;
11613  NAME= IMP;
11614  file="IMPUTECODE\"!!strip(NAME)!!'.sas';
11615  output;
11616  end;
11617  run;

NOTE: Variable formula is uninitialized.
NOTE: There were 17 observations read from the data set EMWS3.IMPT_META.
NOTE: The data set EMWS3.IMPT_EMSCOREVAR has 18 observations and 3 variables.
NOTE: DATA statement used (Total process time):
      real time           0.02 seconds
      cpu time            0.01 seconds
      

