 
                                                                                                                                                                                                                                                                
 
Variable Importance

                                                                               Ratio of
                     Number of                                               Validation
Variable             Splitting                            Validation        to Training
  Name      Label      Rules           Importance         Importance         Importance

high                     3                 1.0000             1.0000             1.0000
open                     6                 0.6801             0.6479             0.9528
vol                      1                 0.3228             0.2033             0.6299
lastDone                 3                 0.3169             0.3373             1.0643
 
                                                                                                                                                                                                                                                                
 
Tree Leaf Report

Node               Training       Training      Validation     Validation
 Id     Depth    Observations    Percent UP    Observations    Percent UP

 19       4           806           0.33            796           0.34   
 11       3           154           0.25            149           0.26   
  8       3            99           0.00             96           0.00   
 24       5            47           0.11             40           0.08   
 23       5            41           0.02             66           0.11   
 31       6            24           0.08             27           0.07   
 18       4            18           0.89             22           0.73   
 16       4            14           0.79             14           0.86   
  6       2            13           0.00              5           0.00   
 30       6             9           1.00              8           1.00   
 20       5             8           0.00             12           0.00   
 22       5             7           1.00              5           1.00   
 10       3             5           0.00              5           0.00   
 21       5             5           0.00              6           0.00   
 
                                                                                               
 
 
Fit Statistics

Target=REP_updownInd Target Label=Replacement: updownInd

   Fit
Statistics    Statistics Label                Train    Validation

  _NOBS_      Sum of Frequencies            1250.00      1251.00 
  _MISC_      Misclassification Rate           0.40         0.40 
  _MAX_       Maximum Absolute Error           0.98         0.98 
  _SSE_       Sum of Squared Errors          622.91       631.69 
  _ASE_       Average Squared Error            0.17         0.17 
  _RASE_      Root Average Squared Error       0.41         0.41 
  _DIV_       Divisor for ASE               3750.00      3753.00 
  _DFT_       Total Degrees of Freedom      2500.00          .   
 
                                                                                               
 
 
Classification Table

Data Role=TRAIN Target Variable=REP_updownInd Target Label=Replacement: updownInd

                          Target        Outcome     Frequency       Total
Target      Outcome     Percentage    Percentage      Count      Percentage

DOWN        DOWN          50.9849       93.8166        440          35.20  
UNCHANGE    DOWN          17.2654       35.3081        149          11.92  
UP          DOWN          31.7497       76.3231        274          21.92  
DOWN        UNCHANGE       7.9646        5.7569         27           2.16  
UNCHANGE    UNCHANGE      79.6460       63.9810        270          21.60  
UP          UNCHANGE      12.3894       11.6992         42           3.36  
DOWN        UP             4.1667        0.4264          2           0.16  
UNCHANGE    UP             6.2500        0.7109          3           0.24  
UP          UP            89.5833       11.9777         43           3.44  


Data Role=VALIDATE Target Variable=REP_updownInd Target Label=Replacement: updownInd

                          Target        Outcome     Frequency       Total
Target      Outcome     Percentage    Percentage      Count      Percentage

DOWN        DOWN          51.4758       92.9638        436         34.8521 
UNCHANGE    DOWN          16.4109       32.9384        139         11.1111 
UP          DOWN          32.1133       75.5556        272         21.7426 
DOWN        UNCHANGE       8.7324        6.6098         31          2.4780 
UNCHANGE    UNCHANGE      78.0282       65.6398        277         22.1423 
UP          UNCHANGE      13.2394       13.0556         47          3.7570 
DOWN        UP             4.0816        0.4264          2          0.1599 
UNCHANGE    UP            12.2449        1.4218          6          0.4796 
UP          UP            83.6735       11.3889         41          3.2774 
 
                                                                                               
 
 
Event Classification Table

Data Role=TRAIN Target=REP_updownInd Target Label=Replacement: updownInd

  False       True        False       True
Negative    Negative    Positive    Positive

   316         886          5          43   


Data Role=VALIDATE Target=REP_updownInd Target Label=Replacement: updownInd

  False       True        False       True
Negative    Negative    Positive    Positive

   319         883          8          41   
 
                                                                                               
 
 
Assessment Score Rankings

Data Role=TRAIN Target Variable=REP_updownInd Target Label=Replacement: updownInd

                                                                                    Mean
                            Cumulative       %      Cumulative     Number of     Posterior
Depth      Gain     Lift       Lift      Response   % Response   Observations   Probability

   5    165.321   2.65321     2.65321     76.2003     76.2003         63          0.76200  
  10     91.361   1.16207     1.91361     33.3747     54.9588         62          0.33375  
  15     66.176   1.16207     1.66176     33.3747     47.7258         63          0.33375  
  20     53.784   1.16207     1.53784     33.3747     44.1667         62          0.33375  
  25     46.221   1.16207     1.46221     33.3747     41.9945         63          0.33375  
  30     41.258   1.16207     1.41258     33.3747     40.5694         62          0.33375  
  35     37.655   1.16207     1.37655     33.3747     39.5345         63          0.33375  
  40     34.996   1.16207     1.34996     33.3747     38.7707         62          0.33375  
  45     32.893   1.16207     1.32893     33.3747     38.1669         63          0.33375  
  50     31.238   1.16207     1.31238     33.3747     37.6915         62          0.33375  
  55     29.862   1.16207     1.29862     33.3747     37.2962         63          0.33375  
  60     28.733   1.16207     1.28733     33.3747     36.9720         62          0.33375  
  65     27.762   1.16207     1.27762     33.3747     36.6933         63          0.33375  
  70     26.271   1.06713     1.26271     30.6481     36.2649         62          0.30648  
  75     23.712   0.88178     1.23712     25.3247     35.5301         63          0.25325  
  80     21.509   0.88178     1.21509     25.3247     34.8974         62          0.25325  
  85     16.827   0.42516     1.16827     12.2105     33.5528         63          0.12211  
  90     11.111   0.13104     1.11111      3.7634     31.9111         62          0.03763  
  95      5.219   0.00000     1.05219      0.0000     30.2189         63          0.00000  
 100      0.000   0.00000     1.00000      0.0000     28.7200         62          0.00000  


Data Role=VALIDATE Target Variable=REP_updownInd Target Label=Replacement: updownInd

                                                                                    Mean
                            Cumulative       %      Cumulative     Number of     Posterior
Depth      Gain     Lift       Lift      Response   % Response   Observations   Probability

   5    152.247   2.52247     2.52247     72.5891     72.5891         63          0.76552  
  10     84.841   1.17434     1.84841     33.7940     53.1916         63          0.33375  
  15     62.611   1.17434     1.62611     33.7940     46.7945         62          0.33375  
  20     51.272   1.17434     1.51272     33.7940     43.5314         63          0.33375  
  25     44.569   1.17434     1.44569     33.7940     41.6026         62          0.33375  
  30     40.022   1.17434     1.40022     33.7940     40.2942         63          0.33375  
  35     36.825   1.17434     1.36825     33.7940     39.3741         62          0.33375  
  40     34.387   1.17434     1.34387     33.7940     38.6724         63          0.33375  
  45     32.520   1.17434     1.32520     33.7940     38.1352         62          0.33375  
  50     31.002   1.17434     1.31002     33.7940     37.6983         63          0.33375  
  55     29.761   1.17434     1.29761     33.7940     37.3413         63          0.33375  
  60     28.743   1.17434     1.28743     33.7940     37.0484         62          0.33375  
  65     27.868   1.17434     1.27868     33.7940     36.7965         63          0.33375  
  70     26.110   1.03029     1.26110     29.6487     36.2906         62          0.29350  
  75     23.595   0.88624     1.23595     25.5034     35.5669         63          0.25325  
  80     20.991   0.81561     1.20991     23.4707     34.8177         62          0.23667  
  85     15.393   0.26439     1.15393      7.6082     33.2066         63          0.09260  
  90     11.069   0.36856     1.11069     10.6061     31.9622         62          0.02439  
  95      5.214   0.00585     1.05214      0.1684     30.2775         63          0.00039  
 100      0.000   0.00000     1.00000      0.0000     28.7770         62          0.00000  
 
                                                                                               
 
 
Assessment Score Distribution

Data Role=TRAIN Target Variable=REP_updownInd Target Label=Replacement: updownInd

 Posterior     Number                     Mean
Probability      of      Number of     Posterior
   Range       Events    Nonevents    Probability    Percentage

 0.95-1.00        16          0         1.00000          1.28  
 0.85-0.90        16          2         0.88889          1.44  
 0.75-0.80        11          3         0.78571          1.12  
 0.30-0.35       269        537         0.33375         64.48  
 0.25-0.30        39        115         0.25325         12.32  
 0.10-0.15         5         42         0.10638          3.76  
 0.05-0.10         2         22         0.08333          1.92  
 0.00-0.05         1        170         0.00585         13.68  


Data Role=VALIDATE Target Variable=REP_updownInd Target Label=Replacement: updownInd

 Posterior     Number                     Mean
Probability      of      Number of     Posterior
   Range       Events    Nonevents    Probability    Percentage

 0.95-1.00        13          0         1.00000         1.0392 
 0.85-0.90        16          6         0.88889         1.7586 
 0.75-0.80        12          2         0.78571         1.1191 
 0.30-0.35       269        527         0.33375        63.6291 
 0.25-0.30        38        111         0.25325        11.9105 
 0.10-0.15         3         37         0.10638         3.1974 
 0.05-0.10         2         25         0.08333         2.1583 
 0.00-0.05         7        183         0.00847        15.1878 
