 
                                                                                                                                                                                                                                                                
 
Variable Importance

                                                                               Ratio of
                     Number of                                               Validation
Variable             Splitting                            Validation        to Training
  Name      Label      Rules           Importance         Importance         Importance

high                     4                 1.0000             1.0000             1.0000
open                     7                 0.7173             0.6570             0.9158
vol                      1                 0.3172             0.2023             0.6378
lastDone                 3                 0.3114             0.3356             1.0777
 
                                                                                                                                                                                                                                                                
 
Tree Leaf Report

Node               Training       Training      Validation     Validation
 Id     Depth    Observations    Percent UP    Observations    Percent UP

 27       5           509           0.35            499           0.36   
 26       5           297           0.31            297           0.30   
 11       3           154           0.25            149           0.26   
  8       3            99           0.00             96           0.00   
 23       5            41           0.02             66           0.11   
 28       6            33           0.15             28           0.11   
 31       6            24           0.08             27           0.07   
 18       4            18           0.89             22           0.73   
 16       4            14           0.79             14           0.86   
 29       6            14           0.00             12           0.00   
  6       2            13           0.00              5           0.00   
 30       6             9           1.00              8           1.00   
 20       5             8           0.00             12           0.00   
 22       5             7           1.00              5           1.00   
 10       3             5           0.00              5           0.00   
 21       5             5           0.00              6           0.00   
 
                                                                                               
 
 
Fit Statistics

Target=REP_updownInd Target Label=Replacement: updownInd

   Fit
Statistics    Statistics Label                Train    Validation

  _NOBS_      Sum of Frequencies            1250.00      1251.00 
  _MISC_      Misclassification Rate           0.39         0.40 
  _MAX_       Maximum Absolute Error           0.98         0.98 
  _SSE_       Sum of Squared Errors          609.84       628.42 
  _ASE_       Average Squared Error            0.16         0.17 
  _RASE_      Root Average Squared Error       0.40         0.41 
  _DIV_       Divisor for ASE               3750.00      3753.00 
  _DFT_       Total Degrees of Freedom      2500.00          .   
 
                                                                                               
 
 
Classification Table

Data Role=TRAIN Target Variable=REP_updownInd Target Label=Replacement: updownInd

                          Target        Outcome     Frequency       Total
Target      Outcome     Percentage    Percentage      Count      Percentage

DOWN        DOWN          51.9277       91.8977        431          34.48  
UNCHANGE    DOWN          15.6627       30.8057        130          10.40  
UP          DOWN          32.4096       74.9304        269          21.52  
DOWN        UNCHANGE       9.6774        7.6759         36           2.88  
UNCHANGE    UNCHANGE      77.6882       68.4834        289          23.12  
UP          UNCHANGE      12.6344       13.0919         47           3.76  
DOWN        UP             4.1667        0.4264          2           0.16  
UNCHANGE    UP             6.2500        0.7109          3           0.24  
UP          UP            89.5833       11.9777         43           3.44  


Data Role=VALIDATE Target Variable=REP_updownInd Target Label=Replacement: updownInd

                          Target        Outcome     Frequency       Total
Target      Outcome     Percentage    Percentage      Count      Percentage

DOWN        DOWN          51.4042       89.7655        421         33.6531 
UNCHANGE    DOWN          15.7509       30.5687        129         10.3118 
UP          DOWN          32.8449       74.7222        269         21.5028 
DOWN        UNCHANGE      12.0104        9.8081         46          3.6771 
UNCHANGE    UNCHANGE      74.9347       68.0095        287         22.9416 
UP          UNCHANGE      13.0548       13.8889         50          3.9968 
DOWN        UP             4.0816        0.4264          2          0.1599 
UNCHANGE    UP            12.2449        1.4218          6          0.4796 
UP          UP            83.6735       11.3889         41          3.2774 
 
                                                                                               
 
 
Event Classification Table

Data Role=TRAIN Target=REP_updownInd Target Label=Replacement: updownInd

  False       True        False       True
Negative    Negative    Positive    Positive

   316         886          5          43   


Data Role=VALIDATE Target=REP_updownInd Target Label=Replacement: updownInd

  False       True        False       True
Negative    Negative    Positive    Positive

   319         883          8          41   
 
                                                                                               
 
 
Assessment Score Rankings

Data Role=TRAIN Target Variable=REP_updownInd Target Label=Replacement: updownInd

                                                                                    Mean
                            Cumulative       %      Cumulative     Number of     Posterior
Depth      Gain     Lift       Lift      Response   % Response   Observations   Probability

   5    166.644   2.66644     2.66644     76.5803     76.5803         63          0.76580  
  10     94.784   1.21764     1.94784     34.9705     55.9418         62          0.34971  
  15     70.314   1.21764     1.70314     34.9705     48.9142         63          0.34971  
  20     58.274   1.21764     1.58274     34.9705     45.4562         62          0.34971  
  25     50.925   1.21764     1.50925     34.9705     43.3457         63          0.34971  
  30     46.104   1.21764     1.46104     34.9705     41.9610         62          0.34971  
  35     42.603   1.21764     1.42603     34.9705     40.9555         63          0.34971  
  40     40.019   1.21764     1.40019     34.9705     40.2134         62          0.34971  
  45     37.815   1.20328     1.37815     34.5581     39.5805         63          0.34558  
  50     34.727   1.06684     1.34727     30.6397     38.6936         62          0.30640  
  55     32.159   1.06684     1.32159     30.6397     37.9561         63          0.30640  
  60     30.053   1.06684     1.30053     30.6397     37.3513         62          0.30640  
  65     28.242   1.06684     1.28242     30.6397     36.8312         63          0.30640  
  70     26.271   1.00416     1.26271     28.8395     36.2649         62          0.28839  
  75     23.712   0.88178     1.23712     25.3247     35.5301         63          0.25325  
  80     21.509   0.88178     1.21509     25.3247     34.8974         62          0.25325  
  85     17.210   0.48964     1.17210     14.0624     33.6626         63          0.14062  
  90     11.111   0.06552     1.11111      1.8817     31.9111         62          0.01882  
  95      5.219   0.00000     1.05219      0.0000     30.2189         63          0.00000  
 100      0.000   0.00000     1.00000      0.0000     28.7200         62          0.00000  


Data Role=VALIDATE Target Variable=REP_updownInd Target Label=Replacement: updownInd

                                                                                    Mean
                            Cumulative       %      Cumulative     Number of     Posterior
Depth      Gain     Lift       Lift      Response   % Response   Observations   Probability

   5    154.007   2.54007     2.54007     73.0954     73.0954         63          0.76907  
  10     89.679   1.25351     1.89679     36.0721     54.5838         63          0.34971  
  15     68.464   1.25351     1.68464     36.0721     48.4789         62          0.34971  
  20     57.643   1.25351     1.57643     36.0721     45.3648         63          0.34971  
  25     51.246   1.25351     1.51246     36.0721     43.5241         62          0.34971  
  30     46.907   1.25351     1.46907     36.0721     42.2755         63          0.34971  
  35     43.856   1.25351     1.43856     36.0721     41.3974         62          0.34971  
  40     41.529   1.25351     1.41529     36.0721     40.7278         63          0.34971  
  45     39.182   1.20217     1.39182     34.5949     40.0524         62          0.33923  
  50     35.655   1.04133     1.35655     29.9663     39.0373         63          0.30640  
  55     32.773   1.04133     1.32773     29.9663     38.2079         63          0.30640  
  60     30.408   1.04133     1.30408     29.9663     37.5275         62          0.30640  
  65     28.375   1.04133     1.28375     29.9663     36.9423         63          0.30640  
  70     26.110   0.96379     1.26110     27.7348     36.2906         62          0.27982  
  75     23.595   0.88624     1.23595     25.5034     35.5669         63          0.25325  
  80     21.070   0.82822     1.21070     23.8336     34.8402         62          0.24176  
  85     15.809   0.32218     1.15809      9.2713     33.3262         63          0.09203  
  90     11.101   0.30317     1.11101      8.7243     31.9716         62          0.02006  
  95      5.214   0.00000     1.05214      0.0000     30.2775         63          0.00000  
 100      0.000   0.00000     1.00000      0.0000     28.7770         62          0.00000  
 
                                                                                               
 
 
Assessment Score Distribution

Data Role=TRAIN Target Variable=REP_updownInd Target Label=Replacement: updownInd

 Posterior     Number                     Mean
Probability      of      Number of     Posterior
   Range       Events    Nonevents    Probability    Percentage

 0.95-1.00        16          0         1.00000          1.28  
 0.85-0.90        16          2         0.88889          1.44  
 0.75-0.80        11          3         0.78571          1.12  
 0.30-0.35       269        537         0.33375         64.48  
 0.25-0.30        39        115         0.25325         12.32  
 0.15-0.20         5         28         0.15152          2.64  
 0.05-0.10         2         22         0.08333          1.92  
 0.00-0.05         1        184         0.00541         14.80  


Data Role=VALIDATE Target Variable=REP_updownInd Target Label=Replacement: updownInd

 Posterior     Number                     Mean
Probability      of      Number of     Posterior
   Range       Events    Nonevents    Probability    Percentage

 0.95-1.00        13          0         1.00000         1.0392 
 0.85-0.90        16          6         0.88889         1.7586 
 0.75-0.80        12          2         0.78571         1.1191 
 0.30-0.35       269        527         0.33355        63.6291 
 0.25-0.30        38        111         0.25325        11.9105 
 0.15-0.20         3         25         0.15152         2.2382 
 0.05-0.10         2         25         0.08333         2.1583 
 0.00-0.05         7        195         0.00797        16.1471 
