*------------------------------------------------------------*
* Training Log
Date:                May 17, 2019
Time:                00:53:19
*------------------------------------------------------------*
10867  proc freq data=EMWS3.Trans2_VariableSet noprint;
10868  table ROLE*LEVEL/out=WORK.Trans2META;
10869  run;

NOTE: There were 7 observations read from the data set EMWS3.TRANS2_VARIABLESET.
NOTE: The data set WORK.TRANS2META has 1 observations and 4 variables.
NOTE: PROCEDURE FREQ used (Total process time):
      real time           0.01 seconds
      cpu time            0.01 seconds
      

10870  proc print data=WORK.Trans2META label noobs;
10871  var ROLE LEVEL COUNT;
10872  label ROLE = "%sysfunc(sasmsg(sashelp.dmine, meta_role_vlabel, NOQUOTE))" LEVEL = "%sysfunc(sasmsg(sashelp.dmine, meta_level_vlabel, NOQUOTE))" COUNT = "%sysfunc(sasmsg(sashelp.dmine, rpt_count_vlabel, NOQUOTE))";
10873  title9 ' ';
10874  title10 "%sysfunc(sasmsg(sashelp.dmine, rpt_varSummary_title  , NOQUOTE))";
10875  run;

NOTE: There were 1 observations read from the data set WORK.TRANS2META.
NOTE: The PROCEDURE PRINT printed page 1.
NOTE: PROCEDURE PRINT used (Total process time):
      real time           0.00 seconds
      cpu time            0.01 seconds
      

10876  title10;

10877  data WORK.M34OLBC2;
10878  set WORK.M34OLBC2;
10879  if (METHOD='NONE' and ROLE ne 'FREQ') or (role = 'REJECTED' and METHOD = 'DEFAULT') then delete;
10880  run;

NOTE: There were 7 observations read from the data set WORK.M34OLBC2.
NOTE: The data set WORK.M34OLBC2 has 7 observations and 23 variables.
NOTE: DATA statement used (Total process time):
      real time           0.01 seconds
      cpu time            0.01 seconds
      

NOTE: View EMWS3.FIMPORT2_TRAIN.VIEW used (Total process time):
      real time           0.03 seconds
      cpu time            0.03 seconds
      
NOTE: There were 2 observations read from the data set EMWS3.FIMPORT2_DATA.
10945  *------------------------------------------------------------*;
10946  * Trans: Computing Summary Statistics;
10947  *------------------------------------------------------------*;
10948  data WORK.M2T8JOXQ;
10949  set WORK.M2T8JOXQ;
10950  if (role = 'REJECTED') then role = 'INPUT';
10951  run;

NOTE: There were 7 observations read from the data set WORK.M2T8JOXQ.
NOTE: The data set WORK.M2T8JOXQ has 7 observations and 23 variables.
NOTE: DATA statement used (Total process time):
      real time           0.00 seconds
      cpu time            0.01 seconds
      

10952  *------------------------------------------------------------* ;
10953  * EM: DMDBClass Macro ;
10954  *------------------------------------------------------------* ;
10955  %macro DMDBClass;
10956  
10957  %mend DMDBClass;
10958  *------------------------------------------------------------* ;
10959  * EM: DMDBVar Macro ;
10960  *------------------------------------------------------------* ;
10961  %macro DMDBVar;
10962      buy high lastDone low open sell vol
10963  %mend DMDBVar;
10964  *------------------------------------------------------------*;
10965  * EM: Create DMDB;
10966  *------------------------------------------------------------*;
10967  proc dmdb batch data=EMWS3.FIMPORT2_train
10968  dmdbcat=WORK.EM_DMDB
10969  maxlevel = 513
10970  ;
10971  var %DMDBVar;
10972  run;

NOTE: Records processed = 2   Memory used = 511K.
NOTE: View EMWS3.FIMPORT2_TRAIN.VIEW used (Total process time):
      real time           0.08 seconds
      cpu time            0.03 seconds
      
NOTE: There were 2 observations read from the data set EMWS3.FIMPORT2_DATA.
NOTE: There were 2 observations read from the data set EMWS3.FIMPORT2_TRAIN.
NOTE: PROCEDURE DMDB used (Total process time):
      real time           0.08 seconds
      cpu time            0.03 seconds
      

10973  quit;
10974  *--- end code ---*;

10975  data WORK.TransINTERVALMETA;
10976  set WORK.M34OLBC2;
10977  if LEVEL ne 'INTERVAL' then delete;
10978  run;

NOTE: There were 7 observations read from the data set WORK.M34OLBC2.
NOTE: The data set WORK.TRANSINTERVALMETA has 7 observations and 23 variables.
NOTE: DATA statement used (Total process time):
      real time           0.00 seconds
      cpu time            0.00 seconds
      

10979  *------------------------------------------------------------*;
10980  * Trans: Determining Variables to Scale;
10981  *------------------------------------------------------------*;
10982  data WORK.M26WUT_E;
10983  set WORK.M26WUT_E;
10984  where (TYPE="N" and (METHOD in("MAX_NORM", "MAX_CORR", "EQUALIZE", "OP_MAX_NORM", "OP_EQUALIZE"))) or (ROLE eq "FREQ");
10985  run;

NOTE: There were 0 observations read from the data set WORK.M26WUT_E.
      WHERE ((TYPE='N') and METHOD in ('EQUALIZE', 'MAX_CORR', 'MAX_NORM', 'OP_EQUALIZE', 'OP_MAX_NORM')) or (ROLE='FREQ');
NOTE: The data set WORK.M26WUT_E has 0 observations and 23 variables.
NOTE: DATA statement used (Total process time):
      real time           0.00 seconds
      cpu time            0.00 seconds
      

*------------------------------------------------------------* 
*  Trans: Optimal binning transformation requires a target variable.  Transformation will be ignored. 
*------------------------------------------------------------* 
*------------------------------------------------------------* 
*  Trans: Equalize transformation requires a class target variable.  Transformation will be ignored. 
*------------------------------------------------------------* 
*------------------------------------------------------------* 
*  Trans: Optimize equalize max. transformation requires a class target variable.  Transformation will be ignored. 
*------------------------------------------------------------* 
NOTE: View EMWS3.FIMPORT2_TRAIN.VIEW used (Total process time):
      real time           0.29 seconds
      cpu time            0.23 seconds
      
NOTE: This SAS session is using a registry in WORK.  All changes will be lost at the end of this session.
*------------------------------------------------------------* 
*  Trans: Creating EMWS3.Trans2_RESULT 
*------------------------------------------------------------* 
WARNING: Multiple lengths were specified for the BY variable NAME by input data sets. This might cause unexpected results.

NOTE: PROCEDURE DATASETS used (Total process time):
      real time           0.03 seconds
      cpu time            0.04 seconds
      

11064  data EMWS3.Trans2_RESULT;
11065  length NAME $32 FORMULA $70 POWER 8 ROLE $32 LEVEL $10 INPUTNAME $32 INPUTTYPE $1 LABEL $44;
11066  label INPUTNAME ='Input Name' NAME='Name' POWER='Power' FORMULA='Formula' ROLE='Role' INPUTLEVEL='Input Level' LEVEL='Level' INPUTTYPE='Input Type' TYPE='Type';
11067  set EMWS3.Trans2_RESULT;
11068  if INPUTNAME = '' then INPUTNAME = "Mixture of variables";
11069  run;

NOTE: There were 7 observations read from the data set EMWS3.TRANS2_RESULT.
NOTE: The data set EMWS3.TRANS2_RESULT has 7 observations and 11 variables.
NOTE: DATA statement used (Total process time):
      real time           0.00 seconds
      cpu time            0.01 seconds
      

11070  data WORK.M3NTQMIC;
11071  set WORK.M3NTQMIC;
11072  if ROLE='REJECTED' then ROLE='INPUT';
11073  run;

NOTE: There were 7 observations read from the data set WORK.M3NTQMIC.
NOTE: The data set WORK.M3NTQMIC has 7 observations and 11 variables.
NOTE: DATA statement used (Total process time):
      real time           0.00 seconds
      cpu time            0.01 seconds
      

*------------------------------------------------------------* 
*  Trans: Computing summary statistics for transformed variables 
*------------------------------------------------------------* 
11247  data WORK.TRANSFOR_0SAHQST_STATISTIC;
11248  set WORK.Trans_TEMP;
11249  run;

NOTE: There were 7 observations read from the data set WORK.TRANS_TEMP.
NOTE: The data set WORK.TRANSFOR_0SAHQST_STATISTIC has 7 observations and 10 variables.
NOTE: DATA statement used (Total process time):
      real time           0.01 seconds
      cpu time            0.00 seconds
      

11250  %exploreSample(DATA=EMWS3.FIMPORT2_train, OUTPUT=EMWS3.Trans2_SAMPLE_DATA, METADATA=EMWS3.FIMPORT2_CMeta_TRAIN, VARS=, METHOD=FIRSTN, SIZE=DEFAULT, ALPHA=0.01, PVALUE=0.01, SEED=12345);
NOTE: Fileref X has been deassigned.
NOTE: EXPLOREOBS EMWS3.FIMPORT2_train : vars= 7 : recl= 56 : max=60000 : def= 6000
PERFORMANCE  DETAILS
*------------------------------------------------------------*
* FirstN/Top sample
*------------------------------------------------------------*

NOTE: View EMWS3.FIMPORT2_TRAIN.VIEW used (Total process time):
      real time           0.03 seconds
      cpu time            0.03 seconds
      
NOTE: There were 2 observations read from the data set EMWS3.FIMPORT2_DATA.
NOTE: There were 2 observations read from the data set EMWS3.FIMPORT2_TRAIN.
NOTE: The data set EMWS3.TRANS2_SAMPLE_DATA has 2 observations and 7 variables.
NOTE: DATA statement used (Total process time):
      real time           0.04 seconds
      cpu time            0.04 seconds
      


11427  proc print data = EMWS3.Trans2_RESULT(obs=500) noobs label;
11428  title9 "%sysfunc(sasmsg(sashelp.dmine, rpt_computedtransformations_title, NOQUOTE))";
11429  title10 "%sysfunc(sasmsg(sashelp.dmine, rpt_maxObsPrinted_title, NOQUOTE))";
11430  var INPUTNAME ROLE INPUTLEVEL NAME LEVEL FORMULA;
11431  run;

NOTE: There were 7 observations read from the data set EMWS3.TRANS2_RESULT.
NOTE: The PROCEDURE PRINT printed page 2.
NOTE: PROCEDURE PRINT used (Total process time):
      real time           0.00 seconds
      cpu time            0.01 seconds
      

11432  title9;
11433  title10;

