*------------------------------------------------------------*
* Score Log
Date:                May 17, 2019
Time:                00:33:08
*------------------------------------------------------------*
16105  %let EMEXCEPTIONSTRING=;
16106  *------------------------------------------------------------*;
16107  * SCORE: FIMPORT2;
16108  *------------------------------------------------------------*;
16109  %let EM_ACTION = SCORE;
16110  %let syscc = 0;
16111  /* Fimport.source */
16112  %macro main;
16113        %if %upcase(&EM_ACTION) = CREATE %then %do;
16114           filename temp catalog 'sashelp.emsamp.Fimport_create.source';
16115           %include temp;
16116           filename temp;
16117           %create;
16118        %end;
16119        %else
16120        %if %upcase(&EM_ACTION) = TRAIN %then %do;
16121           filename temp catalog 'sashelp.emsamp.Fimport_train.source';
16122           %include temp;
16123           filename temp;
16124           %train;
16125        %end;
16126        %else
16127        %if %upcase(&EM_ACTION) = UPDATE %then %do;
16128           filename temp catalog 'sashelp.emsamp.Fimport_update.source';
16129           %include temp;
16130           filename temp;
16131           %update;
16132        %end;
16133        %else
16134        %if %upcase(&EM_ACTION) = PROPERTY %then %do;
16135           filename temp catalog 'sashelp.emsamp.Fimport_actions.source';
16136           %include temp;
16137           filename temp;
16138           %property;
16139        %end;
16140         %else
16141        %if %upcase(&EM_ACTION) = SCORE %then %do;
16142           filename temp catalog 'sashelp.emsamp.Fimport_score.source';
16143           %include temp;
16144           filename temp;
16145           %score;
16146        %end;
16147        %else
16148        %if %upcase(&EM_ACTION) = REPORT %then %do;
16149           filename temp catalog 'sashelp.emsamp.Fimport_report.source';
16150           %include temp;
16151           filename temp;
16152           %report;
16153        %end;
16154        %else
16155        %if %upcase(&EM_ACTION) = OPENVARIABLESET %then %do;
16156           filename temp catalog 'sashelp.emsamp.Fimport_actions.source';
16157           %include temp;
16158           filename temp;
16159           %openvariableset;
16160        %end;
16161        %else
16162        %if %upcase(&EM_ACTION) = CLOSEVARIABLESET %then %do;
16163           filename temp catalog 'sashelp.emsamp.Fimport_actions.source';
16164           %include temp;
16165           filename temp;
16166           %closevariableset;
16167        %end;
16168  %mend main;
16169  %main;
NOTE: %INCLUDE (level 1) file TEMP is file SASHELP.EMSAMP.FIMPORT_SCORE.SOURCE.
16170 +%macro score;
16171 +
16172 +   filename x "&EM_NODEDIR.&EM_DSEP._updatePath.st";
16173 +   data _null_;
16174 +      file x;
16175 +      put ' ';
16176 +   run;
16177 +   filename x;
16178 +
16179 +   %em_getname(key=DATA, type=DATA);
16180 +   %if %sysfunc(exist(&em_user_data)) %then %do;
16181 +       data &em_export_train / view=&em_export_train;
16182 +          set &em_user_data;
16183 +       run;
16184 +   %end;
16185 +
16186 +%mend score;
NOTE: %INCLUDE (level 1) ending.
NOTE: Fileref TEMP has been deassigned.

NOTE: The file X is:
      Filename=C:\JohnLaw\OneDrive\WQD Data Science\WQD7005\SASProject\projects\DataMining\Workspaces\EMWS3\FIMPORT2\_updatePath.st,
      RECFM=V,LRECL=32767,File Size (bytes)=0,
      Last Modified=17May2019:00:33:08,
      Create Time=17May2019:00:33:08

NOTE: 1 record was written to the file X.
      The minimum record length was 1.
      The maximum record length was 1.
NOTE: DATA statement used (Total process time):
      real time           0.00 seconds
      cpu time            0.01 seconds
      

NOTE: Fileref X has been deassigned.

NOTE: DATA STEP view saved on file EMWS3.FIMPORT2_TRAIN.
NOTE: A stored DATA STEP view cannot run under a different operating system.
NOTE: DATA statement used (Total process time):
      real time           0.01 seconds
      cpu time            0.00 seconds
      

16187  *------------------------------------------------------------*;
16188  * End SCORE: FIMPORT2;
16189  *------------------------------------------------------------*;

16191  *------------------------------------------------------------*;
16192  * FIMPORT2: Computing metadata for TRAIN data;
16193  *------------------------------------------------------------*;

NOTE: View EMWS3.FIMPORT2_TRAIN.VIEW used (Total process time):
      real time           0.03 seconds
      cpu time            0.03 seconds
      
NOTE: View EMWS3.FIMPORT2_TRAIN.VIEW used (Total process time):
      real time           0.03 seconds
      cpu time            0.03 seconds
      
